#
# A fatal error has been detected by the Java Runtime Environment:
#
#  EXCEPTION_ACCESS_VIOLATION (0xc0000005) at pc=0x00007ffcdfdce0a9, pid=3900, tid=2528
#
# JRE version: OpenJDK Runtime Environment Microsoft-8035246 (17.0.8+7) (build 17.0.8+7-LTS)
# Java VM: OpenJDK 64-Bit Server VM Microsoft-8035246 (17.0.8+7-LTS, mixed mode, sharing, tiered, compressed oops, compressed class ptrs, g1 gc, windows-amd64)
# Problematic frame:
# V  [jvm.dll+0x2be0a9]
#
# No core dump will be written. Minidumps are not enabled by default on client versions of Windows
#
# If you would like to submit a bug report, please visit:
#   https://github.com/microsoft/openjdk/issues
#

---------------  S U M M A R Y ------------

Command Line: -XX:MaxMetaspaceSize=512m --add-opens=java.base/java.util=ALL-UNNAMED --add-opens=java.base/java.lang=ALL-UNNAMED --add-opens=java.base/java.lang.invoke=ALL-UNNAMED --add-opens=java.base/java.util=ALL-UNNAMED --add-opens=java.prefs/java.util.prefs=ALL-UNNAMED --add-opens=java.prefs/java.util.prefs=ALL-UNNAMED --add-opens=java.base/java.nio.charset=ALL-UNNAMED --add-opens=java.base/java.net=ALL-UNNAMED --add-opens=java.base/java.util.concurrent.atomic=ALL-UNNAMED -Xmx2048m -Dfile.encoding=windows-1252 -Duser.country=ZA -Duser.language=en -Duser.variant org.gradle.launcher.daemon.bootstrap.GradleDaemon 7.3.3

Host: Intel(R) Xeon(R) Platinum 8272CL CPU @ 2.60GHz, 4 cores, 15G,  Windows 11 , 64 bit Build 22000 (10.0.22000.2538)
Time: Tue Nov 19 15:16:06 2024 South Africa Standard Time elapsed time: 45.392180 seconds (0d 0h 0m 45s)

---------------  T H R E A D  ---------------

Current thread (0x0000016f76f0e1d0):  JavaThread "C2 CompilerThread1" daemon [_thread_in_native, id=2528, stack(0x000000635e200000,0x000000635e300000)]


Current CompileTask:
C2:  45392 14471   !   4       org.gradle.cache.internal.DefaultMultiProcessSafePersistentIndexedCache::getIfPresent (25 bytes)

Stack: [0x000000635e200000,0x000000635e300000],  sp=0x000000635e2fb460,  free space=1005k
Native frames: (J=compiled Java code, j=interpreted, Vv=VM code, C=native code)
V  [jvm.dll+0x2be0a9]
V  [jvm.dll+0x21ba8b]
V  [jvm.dll+0x21944b]
V  [jvm.dll+0x1a56b6]
V  [jvm.dll+0x2291ea]
V  [jvm.dll+0x22724c]
V  [jvm.dll+0x7efd0c]
V  [jvm.dll+0x7ea13a]
V  [jvm.dll+0x67ad85]
C  [ucrtbase.dll+0x26c0c]
C  [KERNEL32.DLL+0x153e0]
C  [ntdll.dll+0x485b]


siginfo: EXCEPTION_ACCESS_VIOLATION (0xc0000005), reading address 0x0000000000000028


Register to memory mapping:

RIP=0x00007ffcdfdce0a9 jvm.dll
RAX=0x0000016f77c81e50 points into unknown readable memory: 0x0000000000000000 | 00 00 00 00 00 00 00 00
RBX=0x0000000000001715 is an unknown value
RCX=0x0 is NULL
RDX=0x0 is NULL
RSP=0x000000635e2fb460 is pointing into the stack for thread: 0x0000016f76f0e1d0
RBP=0x000000635e2fb4d0 is pointing into the stack for thread: 0x0000016f76f0e1d0
RSI=0x0 is NULL
RDI=0x0000000000000047 is an unknown value
R8 =0x000000000000ffe0 is an unknown value
R9 =0x0 is NULL
R10=0x00007ffd4a840000 VCRUNTIME140.dll
R11=0x0000016f77c81e70 points into unknown readable memory: 0x0000000000000000 | 00 00 00 00 00 00 00 00
R12=0x0000000000000050 is an unknown value
R13=0x0 is NULL
R14=0x0 is NULL
R15=0x000000635e2fe680 is pointing into the stack for thread: 0x0000016f76f0e1d0


Registers:
RAX=0x0000016f77c81e50, RBX=0x0000000000001715, RCX=0x0000000000000000, RDX=0x0000000000000000
RSP=0x000000635e2fb460, RBP=0x000000635e2fb4d0, RSI=0x0000000000000000, RDI=0x0000000000000047
R8 =0x000000000000ffe0, R9 =0x0000000000000000, R10=0x00007ffd4a840000, R11=0x0000016f77c81e70
R12=0x0000000000000050, R13=0x0000000000000000, R14=0x0000000000000000, R15=0x000000635e2fe680
RIP=0x00007ffcdfdce0a9, EFLAGS=0x0000000000010202

Top of Stack: (sp=0x000000635e2fb460)
0x000000635e2fb460:   0000000000001715 0000000000000000
0x000000635e2fb470:   000000635e2fe680 00007ffcdfd338d1
0x000000635e2fb480:   0000016f75538ee0 00007ffc00002000
0x000000635e2fb490:   0000016f77c81e50 0000016f00000000
0x000000635e2fb4a0:   0000016f00000002 0000016f734222b0
0x000000635e2fb4b0:   0000000000000002 0000016f75538ee0
0x000000635e2fb4c0:   0000000000000000 0000000000000000
0x000000635e2fb4d0:   0000016f77f7e110 0000016f35b855a0
0x000000635e2fb4e0:   0000000000000047 00007ffce0454c08
0x000000635e2fb4f0:   000000635e2fb600 00007ffcdfd2ba8b
0x000000635e2fb500:   000000635e2fe680 00007ffce0454c08
0x000000635e2fb510:   000000635e2fe680 000000635e2fb600
0x000000635e2fb520:   0000016f00000000 00007ffce012b7fb
0x000000635e2fb530:   000000630000000f 000000635e2fe680
0x000000635e2fb540:   000000635e2fb6b0 0000000000000000
0x000000635e2fb550:   0000016f00000100 00007ffce0454c08 

Instructions: (pc=0x00007ffcdfdce0a9)
0x00007ffcdfdcdfa9:   3b d0 75 0b ff c1 41 3b c9 7c dc 48 8b c2 c3 33
0x00007ffcdfdcdfb9:   c0 c3 cc cc cc cc cc 48 89 5c 24 18 55 56 57 41
0x00007ffcdfdcdfc9:   55 41 57 48 8b ec 48 83 ec 70 65 48 8b 04 25 58
0x00007ffcdfdcdfd9:   00 00 00 48 8b f2 44 8b 05 d2 8b 90 00 4c 8b f9
0x00007ffcdfdcdfe9:   4a 8b 1c c0 b8 50 00 00 00 80 3c 18 00 75 05 e8
0x00007ffcdfdcdff9:   8b 6f 5d 00 b8 20 00 00 00 48 8b 04 18 48 8b 98
0x00007ffcdfdce009:   38 02 00 00 48 89 5d b0 c7 45 b8 04 00 00 00 48
0x00007ffcdfdce019:   8b 43 18 48 83 f8 df 76 18 4c 8d 05 37 a9 65 00
0x00007ffcdfdce029:   ba 20 00 00 00 48 8b cb e8 5a eb de ff 48 8b 43
0x00007ffcdfdce039:   18 48 8d 48 20 48 3b 4b 20 76 11 45 33 c0 48 8b
0x00007ffcdfdce049:   cb 41 8d 50 20 e8 fd e8 de ff eb 04 48 89 4b 18
0x00007ffcdfdce059:   44 8b 45 b8 33 d2 49 c1 e0 03 48 8b c8 48 89 45
0x00007ffcdfdce069:   c0 e8 e3 80 5d 00 45 33 ed 48 8d 4d d0 44 89 6d
0x00007ffcdfdce079:   c8 e8 01 59 56 00 41 8b 9f 40 02 00 00 41 2b 9f
0x00007ffcdfdce089:   68 02 00 00 44 89 6d f0 3b 5d b8 72 0b 8b d3 48
0x00007ffcdfdce099:   8d 4d b0 e8 6f b3 39 00 48 8b 45 c0 4c 89 2c d8
0x00007ffcdfdce0a9:   8b 7e 28 8b df c1 eb 05 3b 5d d0 72 0b 8b d3 48
0x00007ffcdfdce0b9:   8d 4d d0 e8 1f 59 56 00 48 8b 45 d8 83 e7 1f 48
0x00007ffcdfdce0c9:   8d 14 98 40 0f b6 cf 41 b8 01 00 00 00 41 d3 e0
0x00007ffcdfdce0d9:   8b 0a 8b c1 41 0b c0 89 02 41 85 c8 75 21 8b 5d
0x00007ffcdfdce0e9:   c8 8d 43 01 89 45 c8 3b 5d b8 72 0b 8b d3 48 8d
0x00007ffcdfdce0f9:   4d b0 e8 10 b3 39 00 48 8b 45 c0 48 89 34 d8 44
0x00007ffcdfdce109:   39 6d c8 0f 86 77 01 00 00 4c 89 a4 24 a0 00 00
0x00007ffcdfdce119:   00 4c 89 b4 24 a8 00 00 00 48 8b 45 c0 41 8b cd
0x00007ffcdfdce129:   48 8b 34 c8 8b 46 2c 25 ff 1f 00 00 3d 04 10 00
0x00007ffcdfdce139:   00 0f 85 a7 00 00 00 bb 01 00 00 00 39 5e 18 76
0x00007ffcdfdce149:   39 66 0f 1f 44 00 00 48 8b 46 08 8b cb 48 8b 14
0x00007ffcdfdce159:   c8 48 85 d2 74 1d 48 83 7a 10 00 74 16 80 7a 2c
0x00007ffcdfdce169:   84 74 10 e8 7f 7e ee ff 48 8b d0 49 8b cf e8 a4
0x00007ffcdfdce179:   61 f6 ff ff c3 3b 5e 18 72 cd 48 8b 5e 10 8b 46
0x00007ffcdfdce189:   20 4c 8d 34 c3 49 3b de 73 54 48 8b 3b 8b 47 2c
0x00007ffcdfdce199:   83 e0 03 3c 03 75 2e 48 8b 07 48 8b cf ff 90 88 


Stack slot to memory mapping:
stack at sp + 0 slots: 0x0000000000001715 is an unknown value
stack at sp + 1 slots: 0x0 is NULL
stack at sp + 2 slots: 0x000000635e2fe680 is pointing into the stack for thread: 0x0000016f76f0e1d0
stack at sp + 3 slots: 0x00007ffcdfd338d1 jvm.dll
stack at sp + 4 slots: 0x0000016f75538ee0 points into unknown readable memory: 0x0000000000000006 | 06 00 00 00 00 00 00 00
stack at sp + 5 slots: 0x00007ffc00002000 is an unknown value
stack at sp + 6 slots: 0x0000016f77c81e50 points into unknown readable memory: 0x0000000000000000 | 00 00 00 00 00 00 00 00
stack at sp + 7 slots: 0x0000016f00000000 is an unknown value


---------------  P R O C E S S  ---------------

Threads class SMR info:
_java_thread_list=0x0000016f77f6a5d0, length=90, elements={
0x0000016f35b6ea90, 0x0000016f53763ab0, 0x0000016f53764670, 0x0000016f5377d480,
0x0000016f5377de40, 0x0000016f5377efa0, 0x0000016f53782110, 0x0000016f53786b50,
0x0000016f53789de0, 0x0000016f5378af80, 0x0000016f539c8bf0, 0x0000016f539cb520,
0x0000016f73cdac40, 0x0000016f7435b150, 0x0000016f74557be0, 0x0000016f7453d060,
0x0000016f743cd9d0, 0x0000016f745b7e00, 0x0000016f745b8310, 0x0000016f745b78f0,
0x0000016f745b73e0, 0x0000016f745b6ed0, 0x0000016f745b5a90, 0x0000016f745b5fa0,
0x0000016f745b5070, 0x0000016f745b64b0, 0x0000016f745b69c0, 0x0000016f745b5580,
0x0000016f74ba4760, 0x0000016f74baa790, 0x0000016f74bab6c0, 0x0000016f74bac0e0,
0x0000016f74babbd0, 0x0000016f74baaca0, 0x0000016f74ba4c70, 0x0000016f74baa280,
0x0000016f74ba65c0, 0x0000016f74ba8e40, 0x0000016f74ba6ad0, 0x0000016f74ba74f0,
0x0000016f74ba7a00, 0x0000016f74ba9d70, 0x0000016f74bab1b0, 0x0000016f74ba5690,
0x0000016f74ba5ba0, 0x0000016f74ba6fe0, 0x0000016f74ba60b0, 0x0000016f74ba7f10,
0x0000016f74ba8420, 0x0000016f74ba8930, 0x0000016f756395a0, 0x0000016f75635df0,
0x0000016f75638160, 0x0000016f75633060, 0x0000016f75639fc0, 0x0000016f75633a80,
0x0000016f7563a4d0, 0x0000016f75633570, 0x0000016f756353d0, 0x0000016f75637230,
0x0000016f75634ec0, 0x0000016f75638b80, 0x0000016f75636300, 0x0000016f75633f90,
0x0000016f756349b0, 0x0000016f75636810, 0x0000016f75638670, 0x0000016f756344a0,
0x0000016f75639090, 0x0000016f75639ab0, 0x0000016f75637740, 0x0000016f756358e0,
0x0000016f7563a9e0, 0x0000016f75636d20, 0x0000016f75637c50, 0x0000016f771c7fc0,
0x0000016f771c4810, 0x0000016f771c1f90, 0x0000016f771c75a0, 0x0000016f771c1570,
0x0000016f771c24a0, 0x0000016f771c6b80, 0x0000016f771c84d0, 0x0000016f771c29b0,
0x0000016f771c1060, 0x0000016f76f0e1d0, 0x0000016f79946c60, 0x0000016f79947b90,
0x0000016f79945310, 0x0000016f79946240
}

Java Threads: ( => current thread )
  0x0000016f35b6ea90 JavaThread "main" [_thread_blocked, id=7924, stack(0x0000006358e00000,0x0000006358f00000)]
  0x0000016f53763ab0 JavaThread "Reference Handler" daemon [_thread_blocked, id=10100, stack(0x0000006359500000,0x0000006359600000)]
  0x0000016f53764670 JavaThread "Finalizer" daemon [_thread_blocked, id=5040, stack(0x0000006359600000,0x0000006359700000)]
  0x0000016f5377d480 JavaThread "Signal Dispatcher" daemon [_thread_blocked, id=2408, stack(0x0000006359700000,0x0000006359800000)]
  0x0000016f5377de40 JavaThread "Attach Listener" daemon [_thread_blocked, id=3288, stack(0x0000006359800000,0x0000006359900000)]
  0x0000016f5377efa0 JavaThread "Service Thread" daemon [_thread_blocked, id=6588, stack(0x0000006359900000,0x0000006359a00000)]
  0x0000016f53782110 JavaThread "Monitor Deflation Thread" daemon [_thread_blocked, id=8448, stack(0x0000006359a00000,0x0000006359b00000)]
  0x0000016f53786b50 JavaThread "C2 CompilerThread0" daemon [_thread_in_native, id=7516, stack(0x0000006359b00000,0x0000006359c00000)]
  0x0000016f53789de0 JavaThread "C1 CompilerThread0" daemon [_thread_blocked, id=2476, stack(0x0000006359c00000,0x0000006359d00000)]
  0x0000016f5378af80 JavaThread "Sweeper thread" daemon [_thread_blocked, id=844, stack(0x0000006359d00000,0x0000006359e00000)]
  0x0000016f539c8bf0 JavaThread "Common-Cleaner" daemon [_thread_blocked, id=6472, stack(0x0000006359e00000,0x0000006359f00000)]
  0x0000016f539cb520 JavaThread "Notification Thread" daemon [_thread_blocked, id=12220, stack(0x0000006359f00000,0x000000635a000000)]
  0x0000016f73cdac40 JavaThread "Daemon health stats" [_thread_blocked, id=144, stack(0x000000635a100000,0x000000635a200000)]
  0x0000016f7435b150 JavaThread "Incoming local TCP Connector on port 51724" [_thread_in_native, id=412, stack(0x000000635a500000,0x000000635a600000)]
  0x0000016f74557be0 JavaThread "Daemon periodic checks" [_thread_blocked, id=2772, stack(0x000000635a600000,0x000000635a700000)]
  0x0000016f7453d060 JavaThread "Daemon" [_thread_blocked, id=11848, stack(0x000000635a700000,0x000000635a800000)]
  0x0000016f743cd9d0 JavaThread "Handler for socket connection from /127.0.0.1:51724 to /127.0.0.1:51725" [_thread_in_native, id=5104, stack(0x000000635a800000,0x000000635a900000)]
  0x0000016f745b7e00 JavaThread "Cancel handler" [_thread_blocked, id=5628, stack(0x000000635a900000,0x000000635aa00000)]
  0x0000016f745b8310 JavaThread "Daemon worker" [_thread_blocked, id=2676, stack(0x000000635aa00000,0x000000635ab00000)]
  0x0000016f745b78f0 JavaThread "Asynchronous log dispatcher for DefaultDaemonConnection: socket connection from /127.0.0.1:51724 to /127.0.0.1:51725" [_thread_blocked, id=5060, stack(0x000000635ab00000,0x000000635ac00000)]
  0x0000016f745b73e0 JavaThread "Stdin handler" [_thread_blocked, id=4416, stack(0x000000635ac00000,0x000000635ad00000)]
  0x0000016f745b6ed0 JavaThread "Daemon client event forwarder" [_thread_blocked, id=11500, stack(0x000000635ad00000,0x000000635ae00000)]
  0x0000016f745b5a90 JavaThread "Cache worker for journal cache (C:\Users\lab_services_student\.gradle\caches\journal-1)" [_thread_blocked, id=3924, stack(0x000000635ae00000,0x000000635af00000)]
  0x0000016f745b5fa0 JavaThread "File lock request listener" [_thread_in_native, id=7392, stack(0x000000635af00000,0x000000635b000000)]
  0x0000016f745b5070 JavaThread "Cache worker for file hash cache (C:\Users\lab_services_student\.gradle\caches\7.3.3\fileHashes)" [_thread_blocked, id=9720, stack(0x000000635b000000,0x000000635b100000)]
  0x0000016f745b64b0 JavaThread "Cache worker for file hash cache (C:\Users\lab_services_student\Desktop\Food\Food\android\.gradle\7.3.3\fileHashes)" [_thread_blocked, id=440, stack(0x000000635b100000,0x000000635b200000)]
  0x0000016f745b69c0 JavaThread "File watcher server" daemon [_thread_in_native, id=10276, stack(0x000000635b300000,0x000000635b400000)]
  0x0000016f745b5580 JavaThread "File watcher consumer" daemon [_thread_blocked, id=10632, stack(0x000000635b400000,0x000000635b500000)]
  0x0000016f74ba4760 JavaThread "Cache worker for checksums cache (C:\Users\lab_services_student\Desktop\Food\Food\android\.gradle\7.3.3\checksums)" [_thread_blocked, id=6232, stack(0x000000635b500000,0x000000635b600000)]
  0x0000016f74baa790 JavaThread "Cache worker for cache directory md-supplier (C:\Users\lab_services_student\.gradle\caches\7.3.3\md-supplier)" [_thread_blocked, id=4076, stack(0x000000635b200000,0x000000635b300000)]
  0x0000016f74bab6c0 JavaThread "Cache worker for cache directory md-rule (C:\Users\lab_services_student\.gradle\caches\7.3.3\md-rule)" [_thread_blocked, id=3660, stack(0x000000635b700000,0x000000635b800000)]
  0x0000016f74bac0e0 JavaThread "Cache worker for execution history cache (C:\Users\lab_services_student\.gradle\caches\7.3.3\executionHistory)" [_thread_blocked, id=1896, stack(0x000000635b800000,0x000000635b900000)]
  0x0000016f74babbd0 JavaThread "jar transforms" [_thread_blocked, id=5708, stack(0x000000635b900000,0x000000635ba00000)]
  0x0000016f74baaca0 JavaThread "jar transforms Thread 2" [_thread_blocked, id=7836, stack(0x000000635ba00000,0x000000635bb00000)]
  0x0000016f74ba4c70 JavaThread "Cache worker for file content cache (C:\Users\lab_services_student\.gradle\caches\7.3.3\fileContent)" [_thread_blocked, id=9564, stack(0x000000635bb00000,0x000000635bc00000)]
  0x0000016f74baa280 JavaThread "jar transforms Thread 3" [_thread_blocked, id=7008, stack(0x000000635bc00000,0x000000635bd00000)]
  0x0000016f74ba65c0 JavaThread "jar transforms Thread 4" [_thread_blocked, id=10424, stack(0x000000635bd00000,0x000000635be00000)]
  0x0000016f74ba8e40 JavaThread "Cache worker for kotlin-dsl (C:\Users\lab_services_student\.gradle\caches\7.3.3\kotlin-dsl)" [_thread_blocked, id=11548, stack(0x000000635be00000,0x000000635bf00000)]
  0x0000016f74ba6ad0 JavaThread "Cache worker for dependencies-accessors (C:\Users\lab_services_student\Desktop\Food\Food\android\.gradle\7.3.3\dependencies-accessors)" [_thread_blocked, id=6504, stack(0x000000635bf00000,0x000000635c000000)]
  0x0000016f74ba74f0 JavaThread "Cache worker for Build Output Cleanup Cache (C:\Users\lab_services_student\Desktop\Food\Food\node_modules\react-native-gradle-plugin\.gradle\buildOutputCleanup)" [_thread_blocked, id=4108, stack(0x000000635b600000,0x000000635b700000)]
  0x0000016f74ba7a00 JavaThread "Unconstrained build operations" [_thread_blocked, id=7408, stack(0x000000635c000000,0x000000635c100000)]
  0x0000016f74ba9d70 JavaThread "Unconstrained build operations Thread 2" [_thread_blocked, id=7800, stack(0x000000635c100000,0x000000635c200000)]
  0x0000016f74bab1b0 JavaThread "Unconstrained build operations Thread 3" [_thread_blocked, id=7344, stack(0x000000635c200000,0x000000635c300000)]
  0x0000016f74ba5690 JavaThread "Unconstrained build operations Thread 4" [_thread_blocked, id=5300, stack(0x000000635c300000,0x000000635c400000)]
  0x0000016f74ba5ba0 JavaThread "Unconstrained build operations Thread 5" [_thread_blocked, id=10880, stack(0x000000635c400000,0x000000635c500000)]
  0x0000016f74ba6fe0 JavaThread "Unconstrained build operations Thread 6" [_thread_blocked, id=11052, stack(0x000000635c500000,0x000000635c600000)]
  0x0000016f74ba60b0 JavaThread "Unconstrained build operations Thread 7" [_thread_blocked, id=4784, stack(0x000000635c600000,0x000000635c700000)]
  0x0000016f74ba7f10 JavaThread "Unconstrained build operations Thread 8" [_thread_blocked, id=5984, stack(0x000000635c700000,0x000000635c800000)]
  0x0000016f74ba8420 JavaThread "Unconstrained build operations Thread 9" [_thread_blocked, id=11180, stack(0x000000635c800000,0x000000635c900000)]
  0x0000016f74ba8930 JavaThread "Unconstrained build operations Thread 10" [_thread_blocked, id=2780, stack(0x000000635c900000,0x000000635ca00000)]
  0x0000016f756395a0 JavaThread "Unconstrained build operations Thread 11" [_thread_blocked, id=4820, stack(0x000000635ca00000,0x000000635cb00000)]
  0x0000016f75635df0 JavaThread "Unconstrained build operations Thread 12" [_thread_blocked, id=4488, stack(0x000000635cb00000,0x000000635cc00000)]
  0x0000016f75638160 JavaThread "Unconstrained build operations Thread 13" [_thread_blocked, id=8880, stack(0x000000635cc00000,0x000000635cd00000)]
  0x0000016f75633060 JavaThread "Unconstrained build operations Thread 14" [_thread_blocked, id=5596, stack(0x000000635cd00000,0x000000635ce00000)]
  0x0000016f75639fc0 JavaThread "Unconstrained build operations Thread 15" [_thread_blocked, id=204, stack(0x000000635ce00000,0x000000635cf00000)]
  0x0000016f75633a80 JavaThread "Unconstrained build operations Thread 16" [_thread_blocked, id=12008, stack(0x000000635cf00000,0x000000635d000000)]
  0x0000016f7563a4d0 JavaThread "Unconstrained build operations Thread 17" [_thread_blocked, id=7712, stack(0x000000635d000000,0x000000635d100000)]
  0x0000016f75633570 JavaThread "Unconstrained build operations Thread 18" [_thread_blocked, id=8132, stack(0x000000635d100000,0x000000635d200000)]
  0x0000016f756353d0 JavaThread "Unconstrained build operations Thread 19" [_thread_blocked, id=9948, stack(0x000000635d200000,0x000000635d300000)]
  0x0000016f75637230 JavaThread "Unconstrained build operations Thread 20" [_thread_blocked, id=2468, stack(0x000000635d300000,0x000000635d400000)]
  0x0000016f75634ec0 JavaThread "Unconstrained build operations Thread 21" [_thread_blocked, id=6324, stack(0x000000635d400000,0x000000635d500000)]
  0x0000016f75638b80 JavaThread "Unconstrained build operations Thread 22" [_thread_blocked, id=9388, stack(0x000000635d500000,0x000000635d600000)]
  0x0000016f75636300 JavaThread "Unconstrained build operations Thread 23" [_thread_blocked, id=6360, stack(0x000000635d600000,0x000000635d700000)]
  0x0000016f75633f90 JavaThread "Unconstrained build operations Thread 24" [_thread_in_native, id=7456, stack(0x000000635d700000,0x000000635d800000)]
  0x0000016f756349b0 JavaThread "Unconstrained build operations Thread 25" [_thread_blocked, id=8336, stack(0x000000635d800000,0x000000635d900000)]
  0x0000016f75636810 JavaThread "Unconstrained build operations Thread 26" [_thread_blocked, id=7332, stack(0x000000635d900000,0x000000635da00000)]
  0x0000016f75638670 JavaThread "Unconstrained build operations Thread 27" [_thread_blocked, id=404, stack(0x000000635da00000,0x000000635db00000)]
  0x0000016f756344a0 JavaThread "Unconstrained build operations Thread 28" [_thread_blocked, id=9172, stack(0x000000635db00000,0x000000635dc00000)]
  0x0000016f75639090 JavaThread "Unconstrained build operations Thread 29" [_thread_blocked, id=6204, stack(0x000000635dc00000,0x000000635dd00000)]
  0x0000016f75639ab0 JavaThread "Unconstrained build operations Thread 30" [_thread_blocked, id=6828, stack(0x000000635dd00000,0x000000635de00000)]
  0x0000016f75637740 JavaThread "Unconstrained build operations Thread 31" [_thread_blocked, id=11004, stack(0x000000635de00000,0x000000635df00000)]
  0x0000016f756358e0 JavaThread "Unconstrained build operations Thread 32" [_thread_blocked, id=10372, stack(0x000000635df00000,0x000000635e000000)]
  0x0000016f7563a9e0 JavaThread "Unconstrained build operations Thread 33" [_thread_blocked, id=1200, stack(0x000000635e000000,0x000000635e100000)]
  0x0000016f75636d20 JavaThread "build event listener" [_thread_blocked, id=4476, stack(0x000000635e100000,0x000000635e200000)]
  0x0000016f75637c50 JavaThread "Memory manager" [_thread_blocked, id=8428, stack(0x000000635e300000,0x000000635e400000)]
  0x0000016f771c7fc0 JavaThread "Cache worker for Build Output Cleanup Cache (C:\Users\lab_services_student\Desktop\Food\Food\android\.gradle\buildOutputCleanup)" [_thread_blocked, id=8424, stack(0x000000635e400000,0x000000635e500000)]
  0x0000016f771c4810 JavaThread "included builds" [_thread_blocked, id=6728, stack(0x000000635e500000,0x000000635e600000)]
  0x0000016f771c1f90 JavaThread "Cache worker for execution history cache (C:\Users\lab_services_student\Desktop\Food\Food\node_modules\react-native-gradle-plugin\.gradle\7.3.3\executionHistory)" [_thread_blocked, id=7348, stack(0x000000635e900000,0x000000635ea00000)]
  0x0000016f771c75a0 JavaThread "Unconstrained build operations Thread 34" [_thread_blocked, id=4056, stack(0x000000635ea00000,0x000000635eb00000)]
  0x0000016f771c1570 JavaThread "Unconstrained build operations Thread 35" [_thread_blocked, id=11464, stack(0x000000635eb00000,0x000000635ec00000)]
  0x0000016f771c24a0 JavaThread "Unconstrained build operations Thread 36" [_thread_blocked, id=4524, stack(0x000000635ec00000,0x000000635ed00000)]
  0x0000016f771c6b80 JavaThread "Unconstrained build operations Thread 37" [_thread_blocked, id=5420, stack(0x000000635ed00000,0x000000635ee00000)]
  0x0000016f771c84d0 JavaThread "Unconstrained build operations Thread 38" [_thread_blocked, id=3192, stack(0x000000635ee00000,0x000000635ef00000)]
  0x0000016f771c29b0 JavaThread "Unconstrained build operations Thread 39" [_thread_blocked, id=3240, stack(0x000000635ef00000,0x000000635f000000)]
  0x0000016f771c1060 JavaThread "Unconstrained build operations Thread 40" [_thread_blocked, id=6704, stack(0x000000635f000000,0x000000635f100000)]
=>0x0000016f76f0e1d0 JavaThread "C2 CompilerThread1" daemon [_thread_in_native, id=2528, stack(0x000000635e200000,0x000000635e300000)]
  0x0000016f79946c60 JavaThread "Execution worker for ':'" [_thread_blocked, id=12164, stack(0x000000635f100000,0x000000635f200000)]
  0x0000016f79947b90 JavaThread "Execution worker for ':' Thread 2" [_thread_blocked, id=6384, stack(0x000000635f200000,0x000000635f300000)]
  0x0000016f79945310 JavaThread "Execution worker for ':' Thread 3" [_thread_blocked, id=5996, stack(0x000000635f300000,0x000000635f400000)]
  0x0000016f79946240 JavaThread "Cache worker for execution history cache (C:\Users\lab_services_student\Desktop\Food\Food\android\.gradle\7.3.3\executionHistory)" [_thread_blocked, id=10804, stack(0x000000635f400000,0x000000635f500000)]

Other Threads:
  0x0000016f5375f860 VMThread "VM Thread" [stack: 0x0000006359400000,0x0000006359500000] [id=9964]
  0x0000016f539cba00 WatcherThread [stack: 0x000000635a000000,0x000000635a100000] [id=5800]
  0x0000016f35bc95a0 GCTaskThread "GC Thread#0" [stack: 0x0000006358f00000,0x0000006359000000] [id=7004]
  0x0000016f73209f90 GCTaskThread "GC Thread#1" [stack: 0x000000635a200000,0x000000635a300000] [id=2736]
  0x0000016f53c93e00 GCTaskThread "GC Thread#2" [stack: 0x000000635a300000,0x000000635a400000] [id=2336]
  0x0000016f730e6dc0 GCTaskThread "GC Thread#3" [stack: 0x000000635a400000,0x000000635a500000] [id=12284]
  0x0000016f35bda4f0 ConcurrentGCThread "G1 Main Marker" [stack: 0x0000006359000000,0x0000006359100000] [id=6484]
  0x0000016f35bdaf00 ConcurrentGCThread "G1 Conc#0" [stack: 0x0000006359100000,0x0000006359200000] [id=4164]
  0x0000016f53618590 ConcurrentGCThread "G1 Refine#0" [stack: 0x0000006359200000,0x0000006359300000] [id=7884]
  0x0000016f53618ed0 ConcurrentGCThread "G1 Service" [stack: 0x0000006359300000,0x0000006359400000] [id=5696]

Threads with active compile tasks:
C2 CompilerThread0    45453 14520       4       org.gradle.internal.operations.DefaultBuildOperationExecutor$ListenerAdapter::stop (92 bytes)
C2 CompilerThread1    45454 14471   !   4       org.gradle.cache.internal.DefaultMultiProcessSafePersistentIndexedCache::getIfPresent (25 bytes)

VM state: not at safepoint (normal execution)

VM Mutex/Monitor currently owned by a thread: None

Heap address: 0x0000000080000000, size: 2048 MB, Compressed Oops mode: 32-bit

CDS archive(s) mapped at: [0x0000016f54000000-0x0000016f54bd0000-0x0000016f54bd0000), size 12386304, SharedBaseAddress: 0x0000016f54000000, ArchiveRelocationMode: 1.
Compressed class space mapped at: 0x0000016f55000000-0x0000016f6f000000, reserved size: 436207616
Narrow klass base: 0x0000016f54000000, Narrow klass shift: 0, Narrow klass range: 0x100000000

GC Precious Log:
 CPUs: 4 total, 4 available
 Memory: 16382M
 Large Page Support: Disabled
 NUMA Support: Disabled
 Compressed Oops: Enabled (32-bit)
 Heap Region Size: 1M
 Heap Min Capacity: 8M
 Heap Initial Capacity: 256M
 Heap Max Capacity: 2G
 Pre-touch: Disabled
 Parallel Workers: 4
 Concurrent Workers: 1
 Concurrent Refinement Workers: 4
 Periodic GC: Disabled

Heap:
 garbage-first heap   total 237568K, used 194560K [0x0000000080000000, 0x0000000100000000)
  region size 1024K, 53 young (54272K), 7 survivors (7168K)
 Metaspace       used 98717K, committed 99712K, reserved 557056K
  class space    used 13397K, committed 13888K, reserved 425984K

Heap Regions: E=young(eden), S=young(survivor), O=old, HS=humongous(starts), HC=humongous(continues), CS=collection set, F=free, OA=open archive, CA=closed archive, TAMS=top-at-mark-start (previous, next)
|   0|0x0000000080000000, 0x0000000080100000, 0x0000000080100000|100%|HS|  |TAMS 0x0000000080100000, 0x0000000080000000| Complete 
|   1|0x0000000080100000, 0x0000000080200000, 0x0000000080200000|100%|HC|  |TAMS 0x0000000080200000, 0x0000000080100000| Complete 
|   2|0x0000000080200000, 0x0000000080300000, 0x0000000080300000|100%|HC|  |TAMS 0x0000000080300000, 0x0000000080200000| Complete 
|   3|0x0000000080300000, 0x0000000080400000, 0x0000000080400000|100%| O|  |TAMS 0x0000000080400000, 0x0000000080300000| Untracked 
|   4|0x0000000080400000, 0x0000000080500000, 0x0000000080500000|100%| O|  |TAMS 0x0000000080500000, 0x0000000080400000| Untracked 
|   5|0x0000000080500000, 0x0000000080600000, 0x0000000080600000|100%| O|  |TAMS 0x0000000080600000, 0x0000000080500000| Untracked 
|   6|0x0000000080600000, 0x0000000080700000, 0x0000000080700000|100%| O|  |TAMS 0x0000000080700000, 0x0000000080600000| Untracked 
|   7|0x0000000080700000, 0x0000000080800000, 0x0000000080800000|100%| O|  |TAMS 0x0000000080800000, 0x0000000080700000| Untracked 
|   8|0x0000000080800000, 0x0000000080900000, 0x0000000080900000|100%| O|  |TAMS 0x0000000080900000, 0x0000000080800000| Untracked 
|   9|0x0000000080900000, 0x0000000080a00000, 0x0000000080a00000|100%| O|  |TAMS 0x0000000080a00000, 0x0000000080900000| Untracked 
|  10|0x0000000080a00000, 0x0000000080b00000, 0x0000000080b00000|100%| O|  |TAMS 0x0000000080b00000, 0x0000000080a00000| Untracked 
|  11|0x0000000080b00000, 0x0000000080c00000, 0x0000000080c00000|100%| O|  |TAMS 0x0000000080c00000, 0x0000000080b00000| Untracked 
|  12|0x0000000080c00000, 0x0000000080d00000, 0x0000000080d00000|100%| O|  |TAMS 0x0000000080d00000, 0x0000000080c00000| Untracked 
|  13|0x0000000080d00000, 0x0000000080e00000, 0x0000000080e00000|100%| O|  |TAMS 0x0000000080e00000, 0x0000000080d00000| Untracked 
|  14|0x0000000080e00000, 0x0000000080f00000, 0x0000000080f00000|100%| O|  |TAMS 0x0000000080f00000, 0x0000000080e00000| Untracked 
|  15|0x0000000080f00000, 0x0000000081000000, 0x0000000081000000|100%| O|  |TAMS 0x0000000081000000, 0x0000000080f00000| Untracked 
|  16|0x0000000081000000, 0x0000000081100000, 0x0000000081100000|100%| O|  |TAMS 0x0000000081100000, 0x0000000081000000| Untracked 
|  17|0x0000000081100000, 0x0000000081200000, 0x0000000081200000|100%| O|  |TAMS 0x0000000081200000, 0x0000000081100000| Untracked 
|  18|0x0000000081200000, 0x0000000081300000, 0x0000000081300000|100%| O|  |TAMS 0x0000000081300000, 0x0000000081200000| Untracked 
|  19|0x0000000081300000, 0x0000000081400000, 0x0000000081400000|100%| O|  |TAMS 0x0000000081400000, 0x0000000081300000| Untracked 
|  20|0x0000000081400000, 0x0000000081500000, 0x0000000081500000|100%| O|  |TAMS 0x0000000081500000, 0x0000000081400000| Untracked 
|  21|0x0000000081500000, 0x0000000081600000, 0x0000000081600000|100%| O|  |TAMS 0x0000000081600000, 0x0000000081500000| Untracked 
|  22|0x0000000081600000, 0x0000000081700000, 0x0000000081700000|100%| O|  |TAMS 0x0000000081700000, 0x0000000081600000| Untracked 
|  23|0x0000000081700000, 0x0000000081800000, 0x0000000081800000|100%| O|  |TAMS 0x0000000081800000, 0x0000000081700000| Untracked 
|  24|0x0000000081800000, 0x0000000081900000, 0x0000000081900000|100%| O|  |TAMS 0x0000000081900000, 0x0000000081800000| Untracked 
|  25|0x0000000081900000, 0x0000000081a00000, 0x0000000081a00000|100%| O|  |TAMS 0x0000000081a00000, 0x0000000081900000| Untracked 
|  26|0x0000000081a00000, 0x0000000081b00000, 0x0000000081b00000|100%|HS|  |TAMS 0x0000000081b00000, 0x0000000081a00000| Complete 
|  27|0x0000000081b00000, 0x0000000081c00000, 0x0000000081c00000|100%| O|  |TAMS 0x0000000081c00000, 0x0000000081b00000| Untracked 
|  28|0x0000000081c00000, 0x0000000081d00000, 0x0000000081d00000|100%| O|  |TAMS 0x0000000081d00000, 0x0000000081c00000| Untracked 
|  29|0x0000000081d00000, 0x0000000081e00000, 0x0000000081e00000|100%| O|  |TAMS 0x0000000081e00000, 0x0000000081d00000| Untracked 
|  30|0x0000000081e00000, 0x0000000081f00000, 0x0000000081f00000|100%| O|  |TAMS 0x0000000081f00000, 0x0000000081e00000| Untracked 
|  31|0x0000000081f00000, 0x0000000082000000, 0x0000000082000000|100%| O|  |TAMS 0x0000000082000000, 0x0000000081f00000| Untracked 
|  32|0x0000000082000000, 0x0000000082100000, 0x0000000082100000|100%| O|  |TAMS 0x0000000082100000, 0x0000000082000000| Untracked 
|  33|0x0000000082100000, 0x0000000082200000, 0x0000000082200000|100%| O|  |TAMS 0x0000000082200000, 0x0000000082100000| Untracked 
|  34|0x0000000082200000, 0x0000000082300000, 0x0000000082300000|100%|HS|  |TAMS 0x0000000082300000, 0x0000000082200000| Complete 
|  35|0x0000000082300000, 0x0000000082400000, 0x0000000082400000|100%|HC|  |TAMS 0x0000000082400000, 0x0000000082300000| Complete 
|  36|0x0000000082400000, 0x0000000082500000, 0x0000000082500000|100%|HC|  |TAMS 0x0000000082500000, 0x0000000082400000| Complete 
|  37|0x0000000082500000, 0x0000000082600000, 0x0000000082600000|100%| O|  |TAMS 0x0000000082600000, 0x0000000082500000| Untracked 
|  38|0x0000000082600000, 0x0000000082700000, 0x0000000082700000|100%| O|  |TAMS 0x0000000082700000, 0x0000000082600000| Untracked 
|  39|0x0000000082700000, 0x0000000082800000, 0x0000000082800000|100%| O|  |TAMS 0x0000000082800000, 0x0000000082700000| Untracked 
|  40|0x0000000082800000, 0x0000000082900000, 0x0000000082900000|100%| O|  |TAMS 0x0000000082900000, 0x0000000082800000| Untracked 
|  41|0x0000000082900000, 0x0000000082a00000, 0x0000000082a00000|100%| O|  |TAMS 0x0000000082a00000, 0x0000000082900000| Untracked 
|  42|0x0000000082a00000, 0x0000000082b00000, 0x0000000082b00000|100%| O|  |TAMS 0x0000000082b00000, 0x0000000082a00000| Untracked 
|  43|0x0000000082b00000, 0x0000000082c00000, 0x0000000082c00000|100%| O|  |TAMS 0x0000000082c00000, 0x0000000082b00000| Untracked 
|  44|0x0000000082c00000, 0x0000000082d00000, 0x0000000082d00000|100%| O|  |TAMS 0x0000000082d00000, 0x0000000082c00000| Untracked 
|  45|0x0000000082d00000, 0x0000000082e00000, 0x0000000082e00000|100%| O|  |TAMS 0x0000000082e00000, 0x0000000082d00000| Untracked 
|  46|0x0000000082e00000, 0x0000000082f00000, 0x0000000082f00000|100%| O|  |TAMS 0x0000000082f00000, 0x0000000082e00000| Untracked 
|  47|0x0000000082f00000, 0x0000000083000000, 0x0000000083000000|100%| O|  |TAMS 0x0000000083000000, 0x0000000082f00000| Untracked 
|  48|0x0000000083000000, 0x0000000083100000, 0x0000000083100000|100%| O|  |TAMS 0x0000000083100000, 0x0000000083000000| Untracked 
|  49|0x0000000083100000, 0x0000000083200000, 0x0000000083200000|100%| O|  |TAMS 0x0000000083100000, 0x0000000083100000| Untracked 
|  50|0x0000000083200000, 0x0000000083300000, 0x0000000083300000|100%| O|  |TAMS 0x0000000083300000, 0x0000000083200000| Untracked 
|  51|0x0000000083300000, 0x0000000083400000, 0x0000000083400000|100%| O|  |TAMS 0x0000000083400000, 0x0000000083300000| Untracked 
|  52|0x0000000083400000, 0x0000000083500000, 0x0000000083500000|100%| O|  |TAMS 0x0000000083500000, 0x0000000083400000| Untracked 
|  53|0x0000000083500000, 0x0000000083600000, 0x0000000083600000|100%| O|  |TAMS 0x0000000083600000, 0x0000000083500000| Untracked 
|  54|0x0000000083600000, 0x0000000083700000, 0x0000000083700000|100%|HS|  |TAMS 0x0000000083700000, 0x0000000083600000| Complete 
|  55|0x0000000083700000, 0x0000000083800000, 0x0000000083800000|100%|HS|  |TAMS 0x0000000083800000, 0x0000000083700000| Complete 
|  56|0x0000000083800000, 0x0000000083900000, 0x0000000083900000|100%|HS|  |TAMS 0x0000000083900000, 0x0000000083800000| Complete 
|  57|0x0000000083900000, 0x0000000083a00000, 0x0000000083a00000|100%|HC|  |TAMS 0x0000000083a00000, 0x0000000083900000| Complete 
|  58|0x0000000083a00000, 0x0000000083b00000, 0x0000000083b00000|100%| O|  |TAMS 0x0000000083b00000, 0x0000000083a00000| Untracked 
|  59|0x0000000083b00000, 0x0000000083c00000, 0x0000000083c00000|100%| O|  |TAMS 0x0000000083c00000, 0x0000000083b00000| Untracked 
|  60|0x0000000083c00000, 0x0000000083d00000, 0x0000000083d00000|100%| O|  |TAMS 0x0000000083d00000, 0x0000000083c00000| Untracked 
|  61|0x0000000083d00000, 0x0000000083e00000, 0x0000000083e00000|100%| O|  |TAMS 0x0000000083e00000, 0x0000000083d00000| Untracked 
|  62|0x0000000083e00000, 0x0000000083f00000, 0x0000000083f00000|100%| O|  |TAMS 0x0000000083f00000, 0x0000000083e00000| Untracked 
|  63|0x0000000083f00000, 0x0000000084000000, 0x0000000084000000|100%| O|  |TAMS 0x0000000084000000, 0x0000000083f00000| Untracked 
|  64|0x0000000084000000, 0x0000000084100000, 0x0000000084100000|100%| O|  |TAMS 0x0000000084100000, 0x0000000084000000| Untracked 
|  65|0x0000000084100000, 0x0000000084200000, 0x0000000084200000|100%| O|  |TAMS 0x0000000084200000, 0x0000000084100000| Untracked 
|  66|0x0000000084200000, 0x0000000084300000, 0x0000000084300000|100%| O|  |TAMS 0x0000000084300000, 0x0000000084200000| Untracked 
|  67|0x0000000084300000, 0x0000000084400000, 0x0000000084400000|100%| O|  |TAMS 0x0000000084400000, 0x0000000084300000| Untracked 
|  68|0x0000000084400000, 0x0000000084500000, 0x0000000084500000|100%| O|  |TAMS 0x0000000084500000, 0x0000000084400000| Untracked 
|  69|0x0000000084500000, 0x0000000084600000, 0x0000000084600000|100%| O|  |TAMS 0x00000000845b8400, 0x0000000084500000| Untracked 
|  70|0x0000000084600000, 0x0000000084700000, 0x0000000084700000|100%| O|  |TAMS 0x0000000084600000, 0x0000000084600000| Untracked 
|  71|0x0000000084700000, 0x0000000084800000, 0x0000000084800000|100%| O|  |TAMS 0x0000000084700000, 0x0000000084700000| Untracked 
|  72|0x0000000084800000, 0x0000000084900000, 0x0000000084900000|100%| O|  |TAMS 0x0000000084800000, 0x0000000084800000| Untracked 
|  73|0x0000000084900000, 0x0000000084a00000, 0x0000000084a00000|100%| O|  |TAMS 0x0000000084900000, 0x0000000084900000| Untracked 
|  74|0x0000000084a00000, 0x0000000084b00000, 0x0000000084b00000|100%|HS|  |TAMS 0x0000000084a00000, 0x0000000084a00000| Complete 
|  75|0x0000000084b00000, 0x0000000084c00000, 0x0000000084c00000|100%|HS|  |TAMS 0x0000000084b00000, 0x0000000084b00000| Complete 
|  76|0x0000000084c00000, 0x0000000084d00000, 0x0000000084d00000|100%|HS|  |TAMS 0x0000000084c00000, 0x0000000084c00000| Complete 
|  77|0x0000000084d00000, 0x0000000084e00000, 0x0000000084e00000|100%|HS|  |TAMS 0x0000000084d00000, 0x0000000084d00000| Complete 
|  78|0x0000000084e00000, 0x0000000084f00000, 0x0000000084f00000|100%|HS|  |TAMS 0x0000000084e00000, 0x0000000084e00000| Complete 
|  79|0x0000000084f00000, 0x0000000085000000, 0x0000000085000000|100%|HS|  |TAMS 0x0000000084f00000, 0x0000000084f00000| Complete 
|  80|0x0000000085000000, 0x0000000085100000, 0x0000000085100000|100%|HC|  |TAMS 0x0000000085000000, 0x0000000085000000| Complete 
|  81|0x0000000085100000, 0x0000000085200000, 0x0000000085200000|100%|HC|  |TAMS 0x0000000085100000, 0x0000000085100000| Complete 
|  82|0x0000000085200000, 0x0000000085300000, 0x0000000085300000|100%|HS|  |TAMS 0x0000000085200000, 0x0000000085200000| Complete 
|  83|0x0000000085300000, 0x0000000085400000, 0x0000000085400000|100%| O|  |TAMS 0x0000000085300000, 0x0000000085300000| Untracked 
|  84|0x0000000085400000, 0x0000000085500000, 0x0000000085500000|100%| O|  |TAMS 0x0000000085400000, 0x0000000085400000| Untracked 
|  85|0x0000000085500000, 0x0000000085600000, 0x0000000085600000|100%| O|  |TAMS 0x0000000085500000, 0x0000000085500000| Untracked 
|  86|0x0000000085600000, 0x0000000085700000, 0x0000000085700000|100%| O|  |TAMS 0x0000000085600000, 0x0000000085600000| Untracked 
|  87|0x0000000085700000, 0x0000000085800000, 0x0000000085800000|100%| O|  |TAMS 0x0000000085700000, 0x0000000085700000| Untracked 
|  88|0x0000000085800000, 0x0000000085900000, 0x0000000085900000|100%| O|  |TAMS 0x0000000085800000, 0x0000000085800000| Untracked 
|  89|0x0000000085900000, 0x0000000085a00000, 0x0000000085a00000|100%| O|  |TAMS 0x0000000085900000, 0x0000000085900000| Untracked 
|  90|0x0000000085a00000, 0x0000000085b00000, 0x0000000085b00000|100%| O|  |TAMS 0x0000000085a00000, 0x0000000085a00000| Untracked 
|  91|0x0000000085b00000, 0x0000000085c00000, 0x0000000085c00000|100%| O|  |TAMS 0x0000000085b00000, 0x0000000085b00000| Untracked 
|  92|0x0000000085c00000, 0x0000000085d00000, 0x0000000085d00000|100%| O|  |TAMS 0x0000000085c00000, 0x0000000085c00000| Untracked 
|  93|0x0000000085d00000, 0x0000000085e00000, 0x0000000085e00000|100%|HS|  |TAMS 0x0000000085d00000, 0x0000000085d00000| Complete 
|  94|0x0000000085e00000, 0x0000000085f00000, 0x0000000085f00000|100%|HC|  |TAMS 0x0000000085e00000, 0x0000000085e00000| Complete 
|  95|0x0000000085f00000, 0x0000000086000000, 0x0000000086000000|100%|HS|  |TAMS 0x0000000085f00000, 0x0000000085f00000| Complete 
|  96|0x0000000086000000, 0x0000000086100000, 0x0000000086100000|100%|HC|  |TAMS 0x0000000086000000, 0x0000000086000000| Complete 
|  97|0x0000000086100000, 0x0000000086200000, 0x0000000086200000|100%|HC|  |TAMS 0x0000000086100000, 0x0000000086100000| Complete 
|  98|0x0000000086200000, 0x0000000086300000, 0x0000000086300000|100%|HC|  |TAMS 0x0000000086200000, 0x0000000086200000| Complete 
|  99|0x0000000086300000, 0x0000000086400000, 0x0000000086400000|100%| O|  |TAMS 0x0000000086300000, 0x0000000086300000| Untracked 
| 100|0x0000000086400000, 0x0000000086500000, 0x0000000086500000|100%| O|  |TAMS 0x0000000086400000, 0x0000000086400000| Untracked 
| 101|0x0000000086500000, 0x0000000086600000, 0x0000000086600000|100%| O|  |TAMS 0x0000000086500000, 0x0000000086500000| Untracked 
| 102|0x0000000086600000, 0x0000000086700000, 0x0000000086700000|100%| O|  |TAMS 0x0000000086600000, 0x0000000086600000| Untracked 
| 103|0x0000000086700000, 0x0000000086800000, 0x0000000086800000|100%| O|  |TAMS 0x0000000086700000, 0x0000000086700000| Untracked 
| 104|0x0000000086800000, 0x0000000086900000, 0x0000000086900000|100%| O|  |TAMS 0x0000000086800000, 0x0000000086800000| Untracked 
| 105|0x0000000086900000, 0x0000000086a00000, 0x0000000086a00000|100%| O|  |TAMS 0x0000000086900000, 0x0000000086900000| Untracked 
| 106|0x0000000086a00000, 0x0000000086b00000, 0x0000000086b00000|100%| O|  |TAMS 0x0000000086a00000, 0x0000000086a00000| Untracked 
| 107|0x0000000086b00000, 0x0000000086c00000, 0x0000000086c00000|100%| O|  |TAMS 0x0000000086b00000, 0x0000000086b00000| Untracked 
| 108|0x0000000086c00000, 0x0000000086d00000, 0x0000000086d00000|100%| O|  |TAMS 0x0000000086c00000, 0x0000000086c00000| Untracked 
| 109|0x0000000086d00000, 0x0000000086e00000, 0x0000000086e00000|100%| O|  |TAMS 0x0000000086d00000, 0x0000000086d00000| Untracked 
| 110|0x0000000086e00000, 0x0000000086f00000, 0x0000000086f00000|100%| O|  |TAMS 0x0000000086e00000, 0x0000000086e00000| Untracked 
| 111|0x0000000086f00000, 0x0000000087000000, 0x0000000087000000|100%| O|  |TAMS 0x0000000086f00000, 0x0000000086f00000| Untracked 
| 112|0x0000000087000000, 0x0000000087100000, 0x0000000087100000|100%| O|  |TAMS 0x0000000087000000, 0x0000000087000000| Untracked 
| 113|0x0000000087100000, 0x0000000087200000, 0x0000000087200000|100%| O|  |TAMS 0x0000000087100000, 0x0000000087100000| Untracked 
| 114|0x0000000087200000, 0x0000000087300000, 0x0000000087300000|100%| O|  |TAMS 0x0000000087200000, 0x0000000087200000| Untracked 
| 115|0x0000000087300000, 0x0000000087400000, 0x0000000087400000|100%| O|  |TAMS 0x0000000087300000, 0x0000000087300000| Untracked 
| 116|0x0000000087400000, 0x0000000087500000, 0x0000000087500000|100%| O|  |TAMS 0x0000000087400000, 0x0000000087400000| Untracked 
| 117|0x0000000087500000, 0x0000000087600000, 0x0000000087600000|100%| O|  |TAMS 0x0000000087500000, 0x0000000087500000| Untracked 
| 118|0x0000000087600000, 0x0000000087700000, 0x0000000087700000|100%| O|  |TAMS 0x0000000087600000, 0x0000000087600000| Untracked 
| 119|0x0000000087700000, 0x0000000087800000, 0x0000000087800000|100%| O|  |TAMS 0x0000000087700000, 0x0000000087700000| Untracked 
| 120|0x0000000087800000, 0x0000000087900000, 0x0000000087900000|100%| O|  |TAMS 0x0000000087800000, 0x0000000087800000| Untracked 
| 121|0x0000000087900000, 0x0000000087a00000, 0x0000000087a00000|100%| O|  |TAMS 0x0000000087900000, 0x0000000087900000| Untracked 
| 122|0x0000000087a00000, 0x0000000087b00000, 0x0000000087b00000|100%| O|  |TAMS 0x0000000087a00000, 0x0000000087a00000| Untracked 
| 123|0x0000000087b00000, 0x0000000087c00000, 0x0000000087c00000|100%| O|  |TAMS 0x0000000087b00000, 0x0000000087b00000| Untracked 
| 124|0x0000000087c00000, 0x0000000087d00000, 0x0000000087d00000|100%| O|  |TAMS 0x0000000087c00000, 0x0000000087c00000| Untracked 
| 125|0x0000000087d00000, 0x0000000087e00000, 0x0000000087e00000|100%| O|  |TAMS 0x0000000087d00000, 0x0000000087d00000| Untracked 
| 126|0x0000000087e00000, 0x0000000087f00000, 0x0000000087f00000|100%| O|  |TAMS 0x0000000087e00000, 0x0000000087e00000| Untracked 
| 127|0x0000000087f00000, 0x0000000088000000, 0x0000000088000000|100%| O|  |TAMS 0x0000000087f00000, 0x0000000087f00000| Untracked 
| 128|0x0000000088000000, 0x0000000088100000, 0x0000000088100000|100%| O|  |TAMS 0x0000000088000000, 0x0000000088000000| Untracked 
| 129|0x0000000088100000, 0x0000000088200000, 0x0000000088200000|100%| O|  |TAMS 0x0000000088100000, 0x0000000088100000| Untracked 
| 130|0x0000000088200000, 0x0000000088300000, 0x0000000088300000|100%| O|  |TAMS 0x0000000088200000, 0x0000000088200000| Untracked 
| 131|0x0000000088300000, 0x0000000088400000, 0x0000000088400000|100%| O|  |TAMS 0x0000000088300000, 0x0000000088300000| Untracked 
| 132|0x0000000088400000, 0x0000000088500000, 0x0000000088500000|100%| O|  |TAMS 0x0000000088400000, 0x0000000088400000| Untracked 
| 133|0x0000000088500000, 0x0000000088600000, 0x0000000088600000|100%| O|  |TAMS 0x0000000088500000, 0x0000000088500000| Untracked 
| 134|0x0000000088600000, 0x0000000088700000, 0x0000000088700000|100%| O|  |TAMS 0x0000000088600000, 0x0000000088600000| Untracked 
| 135|0x0000000088700000, 0x0000000088800000, 0x0000000088800000|100%| O|  |TAMS 0x0000000088700000, 0x0000000088700000| Untracked 
| 136|0x0000000088800000, 0x0000000088900000, 0x0000000088900000|100%| O|  |TAMS 0x0000000088800000, 0x0000000088800000| Untracked 
| 137|0x0000000088900000, 0x0000000088a00000, 0x0000000088a00000|100%| O|  |TAMS 0x0000000088900000, 0x0000000088900000| Untracked 
| 138|0x0000000088a00000, 0x0000000088b00000, 0x0000000088b00000|100%| O|  |TAMS 0x0000000088a00000, 0x0000000088a00000| Untracked 
| 139|0x0000000088b00000, 0x0000000088b00000, 0x0000000088c00000|  0%| F|  |TAMS 0x0000000088b00000, 0x0000000088b00000| Untracked 
| 140|0x0000000088c00000, 0x0000000088c00000, 0x0000000088d00000|  0%| F|  |TAMS 0x0000000088c00000, 0x0000000088c00000| Untracked 
| 141|0x0000000088d00000, 0x0000000088d00000, 0x0000000088e00000|  0%| F|  |TAMS 0x0000000088d00000, 0x0000000088d00000| Untracked 
| 142|0x0000000088e00000, 0x0000000088e00000, 0x0000000088f00000|  0%| F|  |TAMS 0x0000000088e00000, 0x0000000088e00000| Untracked 
| 143|0x0000000088f00000, 0x0000000088f00000, 0x0000000089000000|  0%| F|  |TAMS 0x0000000088f00000, 0x0000000088f00000| Untracked 
| 144|0x0000000089000000, 0x0000000089000000, 0x0000000089100000|  0%| F|  |TAMS 0x0000000089000000, 0x0000000089000000| Untracked 
| 145|0x0000000089100000, 0x0000000089100000, 0x0000000089200000|  0%| F|  |TAMS 0x0000000089100000, 0x0000000089100000| Untracked 
| 146|0x0000000089200000, 0x0000000089200000, 0x0000000089300000|  0%| F|  |TAMS 0x0000000089200000, 0x0000000089200000| Untracked 
| 147|0x0000000089300000, 0x0000000089300000, 0x0000000089400000|  0%| F|  |TAMS 0x0000000089300000, 0x0000000089300000| Untracked 
| 148|0x0000000089400000, 0x0000000089400000, 0x0000000089500000|  0%| F|  |TAMS 0x0000000089400000, 0x0000000089400000| Untracked 
| 149|0x0000000089500000, 0x0000000089500000, 0x0000000089600000|  0%| F|  |TAMS 0x0000000089500000, 0x0000000089500000| Untracked 
| 150|0x0000000089600000, 0x0000000089600000, 0x0000000089700000|  0%| F|  |TAMS 0x0000000089600000, 0x0000000089600000| Untracked 
| 151|0x0000000089700000, 0x0000000089700000, 0x0000000089800000|  0%| F|  |TAMS 0x0000000089700000, 0x0000000089700000| Untracked 
| 152|0x0000000089800000, 0x0000000089800000, 0x0000000089900000|  0%| F|  |TAMS 0x0000000089800000, 0x0000000089800000| Untracked 
| 153|0x0000000089900000, 0x0000000089900000, 0x0000000089a00000|  0%| F|  |TAMS 0x0000000089900000, 0x0000000089900000| Untracked 
| 154|0x0000000089a00000, 0x0000000089a00000, 0x0000000089b00000|  0%| F|  |TAMS 0x0000000089a00000, 0x0000000089a00000| Untracked 
| 155|0x0000000089b00000, 0x0000000089b00000, 0x0000000089c00000|  0%| F|  |TAMS 0x0000000089b00000, 0x0000000089b00000| Untracked 
| 156|0x0000000089c00000, 0x0000000089c00000, 0x0000000089d00000|  0%| F|  |TAMS 0x0000000089c00000, 0x0000000089c00000| Untracked 
| 157|0x0000000089d00000, 0x0000000089d00000, 0x0000000089e00000|  0%| F|  |TAMS 0x0000000089d00000, 0x0000000089d00000| Untracked 
| 158|0x0000000089e00000, 0x0000000089e00000, 0x0000000089f00000|  0%| F|  |TAMS 0x0000000089e00000, 0x0000000089e00000| Untracked 
| 159|0x0000000089f00000, 0x0000000089f00000, 0x000000008a000000|  0%| F|  |TAMS 0x0000000089f00000, 0x0000000089f00000| Untracked 
| 160|0x000000008a000000, 0x000000008a000000, 0x000000008a100000|  0%| F|  |TAMS 0x000000008a000000, 0x000000008a000000| Untracked 
| 161|0x000000008a100000, 0x000000008a100000, 0x000000008a200000|  0%| F|  |TAMS 0x000000008a100000, 0x000000008a100000| Untracked 
| 162|0x000000008a200000, 0x000000008a200000, 0x000000008a300000|  0%| F|  |TAMS 0x000000008a200000, 0x000000008a200000| Untracked 
| 163|0x000000008a300000, 0x000000008a300000, 0x000000008a400000|  0%| F|  |TAMS 0x000000008a300000, 0x000000008a300000| Untracked 
| 164|0x000000008a400000, 0x000000008a400000, 0x000000008a500000|  0%| F|  |TAMS 0x000000008a400000, 0x000000008a400000| Untracked 
| 165|0x000000008a500000, 0x000000008a500000, 0x000000008a600000|  0%| F|  |TAMS 0x000000008a500000, 0x000000008a500000| Untracked 
| 166|0x000000008a600000, 0x000000008a600000, 0x000000008a700000|  0%| F|  |TAMS 0x000000008a600000, 0x000000008a600000| Untracked 
| 167|0x000000008a700000, 0x000000008a700000, 0x000000008a800000|  0%| F|  |TAMS 0x000000008a700000, 0x000000008a700000| Untracked 
| 168|0x000000008a800000, 0x000000008a800000, 0x000000008a900000|  0%| F|  |TAMS 0x000000008a800000, 0x000000008a800000| Untracked 
| 169|0x000000008a900000, 0x000000008aa00000, 0x000000008aa00000|100%| S|CS|TAMS 0x000000008a900000, 0x000000008a900000| Complete 
| 170|0x000000008aa00000, 0x000000008ab00000, 0x000000008ab00000|100%| S|CS|TAMS 0x000000008aa00000, 0x000000008aa00000| Complete 
| 171|0x000000008ab00000, 0x000000008ac00000, 0x000000008ac00000|100%| S|CS|TAMS 0x000000008ab00000, 0x000000008ab00000| Complete 
| 172|0x000000008ac00000, 0x000000008ad00000, 0x000000008ad00000|100%| S|CS|TAMS 0x000000008ac00000, 0x000000008ac00000| Complete 
| 173|0x000000008ad00000, 0x000000008ae00000, 0x000000008ae00000|100%| S|CS|TAMS 0x000000008ad00000, 0x000000008ad00000| Complete 
| 174|0x000000008ae00000, 0x000000008af00000, 0x000000008af00000|100%| S|CS|TAMS 0x000000008ae00000, 0x000000008ae00000| Complete 
| 175|0x000000008af00000, 0x000000008af00000, 0x000000008b000000|  0%| F|  |TAMS 0x000000008af00000, 0x000000008af00000| Untracked 
| 176|0x000000008b000000, 0x000000008b000000, 0x000000008b100000|  0%| F|  |TAMS 0x000000008b000000, 0x000000008b000000| Untracked 
| 177|0x000000008b100000, 0x000000008b100000, 0x000000008b200000|  0%| F|  |TAMS 0x000000008b100000, 0x000000008b100000| Untracked 
| 178|0x000000008b200000, 0x000000008b200000, 0x000000008b300000|  0%| F|  |TAMS 0x000000008b200000, 0x000000008b200000| Untracked 
| 179|0x000000008b300000, 0x000000008b300000, 0x000000008b400000|  0%| F|  |TAMS 0x000000008b300000, 0x000000008b300000| Untracked 
| 180|0x000000008b400000, 0x000000008b400000, 0x000000008b500000|  0%| F|  |TAMS 0x000000008b400000, 0x000000008b400000| Untracked 
| 181|0x000000008b500000, 0x000000008b500000, 0x000000008b600000|  0%| F|  |TAMS 0x000000008b500000, 0x000000008b500000| Untracked 
| 182|0x000000008b600000, 0x000000008b700000, 0x000000008b700000|100%| S|CS|TAMS 0x000000008b600000, 0x000000008b600000| Complete 
| 183|0x000000008b700000, 0x000000008b700000, 0x000000008b800000|  0%| F|  |TAMS 0x000000008b700000, 0x000000008b700000| Untracked 
| 184|0x000000008b800000, 0x000000008b800000, 0x000000008b900000|  0%| F|  |TAMS 0x000000008b800000, 0x000000008b800000| Untracked 
| 185|0x000000008b900000, 0x000000008b900000, 0x000000008ba00000|  0%| F|  |TAMS 0x000000008b900000, 0x000000008b900000| Untracked 
| 186|0x000000008ba00000, 0x000000008bac9dc8, 0x000000008bb00000| 78%| E|  |TAMS 0x000000008ba00000, 0x000000008ba00000| Complete 
| 187|0x000000008bb00000, 0x000000008bc00000, 0x000000008bc00000|100%| E|CS|TAMS 0x000000008bb00000, 0x000000008bb00000| Complete 
| 188|0x000000008bc00000, 0x000000008bd00000, 0x000000008bd00000|100%| E|CS|TAMS 0x000000008bc00000, 0x000000008bc00000| Complete 
| 189|0x000000008bd00000, 0x000000008bdffa08, 0x000000008be00000| 99%| E|  |TAMS 0x000000008bd00000, 0x000000008bd00000| Complete 
| 190|0x000000008be00000, 0x000000008bf00000, 0x000000008bf00000|100%| E|CS|TAMS 0x000000008be00000, 0x000000008be00000| Complete 
| 191|0x000000008bf00000, 0x000000008c000000, 0x000000008c000000|100%| E|CS|TAMS 0x000000008bf00000, 0x000000008bf00000| Complete 
| 192|0x000000008c000000, 0x000000008c100000, 0x000000008c100000|100%| E|CS|TAMS 0x000000008c000000, 0x000000008c000000| Complete 
| 193|0x000000008c100000, 0x000000008c200000, 0x000000008c200000|100%| E|CS|TAMS 0x000000008c100000, 0x000000008c100000| Complete 
| 194|0x000000008c200000, 0x000000008c300000, 0x000000008c300000|100%| E|CS|TAMS 0x000000008c200000, 0x000000008c200000| Complete 
| 195|0x000000008c300000, 0x000000008c400000, 0x000000008c400000|100%| E|CS|TAMS 0x000000008c300000, 0x000000008c300000| Complete 
| 196|0x000000008c400000, 0x000000008c500000, 0x000000008c500000|100%| E|CS|TAMS 0x000000008c400000, 0x000000008c400000| Complete 
| 197|0x000000008c500000, 0x000000008c600000, 0x000000008c600000|100%| E|CS|TAMS 0x000000008c500000, 0x000000008c500000| Complete 
| 198|0x000000008c600000, 0x000000008c700000, 0x000000008c700000|100%| E|CS|TAMS 0x000000008c600000, 0x000000008c600000| Complete 
| 199|0x000000008c700000, 0x000000008c800000, 0x000000008c800000|100%| E|CS|TAMS 0x000000008c700000, 0x000000008c700000| Complete 
| 200|0x000000008c800000, 0x000000008c900000, 0x000000008c900000|100%| E|CS|TAMS 0x000000008c800000, 0x000000008c800000| Complete 
| 201|0x000000008c900000, 0x000000008ca00000, 0x000000008ca00000|100%| E|CS|TAMS 0x000000008c900000, 0x000000008c900000| Complete 
| 202|0x000000008ca00000, 0x000000008cb00000, 0x000000008cb00000|100%| E|CS|TAMS 0x000000008ca00000, 0x000000008ca00000| Complete 
| 203|0x000000008cb00000, 0x000000008cc00000, 0x000000008cc00000|100%| E|CS|TAMS 0x000000008cb00000, 0x000000008cb00000| Complete 
| 204|0x000000008cc00000, 0x000000008cd00000, 0x000000008cd00000|100%| E|CS|TAMS 0x000000008cc00000, 0x000000008cc00000| Complete 
| 205|0x000000008cd00000, 0x000000008ce00000, 0x000000008ce00000|100%| E|CS|TAMS 0x000000008cd00000, 0x000000008cd00000| Complete 
| 206|0x000000008ce00000, 0x000000008cf00000, 0x000000008cf00000|100%| E|CS|TAMS 0x000000008ce00000, 0x000000008ce00000| Complete 
| 207|0x000000008cf00000, 0x000000008d000000, 0x000000008d000000|100%| E|CS|TAMS 0x000000008cf00000, 0x000000008cf00000| Complete 
| 208|0x000000008d000000, 0x000000008d100000, 0x000000008d100000|100%| E|CS|TAMS 0x000000008d000000, 0x000000008d000000| Complete 
| 209|0x000000008d100000, 0x000000008d200000, 0x000000008d200000|100%| E|CS|TAMS 0x000000008d100000, 0x000000008d100000| Complete 
| 210|0x000000008d200000, 0x000000008d300000, 0x000000008d300000|100%| E|CS|TAMS 0x000000008d200000, 0x000000008d200000| Complete 
| 211|0x000000008d300000, 0x000000008d400000, 0x000000008d400000|100%| E|CS|TAMS 0x000000008d300000, 0x000000008d300000| Complete 
| 212|0x000000008d400000, 0x000000008d500000, 0x000000008d500000|100%| E|CS|TAMS 0x000000008d400000, 0x000000008d400000| Complete 
| 213|0x000000008d500000, 0x000000008d600000, 0x000000008d600000|100%| E|CS|TAMS 0x000000008d500000, 0x000000008d500000| Complete 
| 214|0x000000008d600000, 0x000000008d700000, 0x000000008d700000|100%| E|CS|TAMS 0x000000008d600000, 0x000000008d600000| Complete 
| 215|0x000000008d700000, 0x000000008d800000, 0x000000008d800000|100%| E|CS|TAMS 0x000000008d700000, 0x000000008d700000| Complete 
| 216|0x000000008d800000, 0x000000008d900000, 0x000000008d900000|100%| E|CS|TAMS 0x000000008d800000, 0x000000008d800000| Complete 
| 217|0x000000008d900000, 0x000000008da00000, 0x000000008da00000|100%| E|CS|TAMS 0x000000008d900000, 0x000000008d900000| Complete 
| 218|0x000000008da00000, 0x000000008db00000, 0x000000008db00000|100%| E|CS|TAMS 0x000000008da00000, 0x000000008da00000| Complete 
| 219|0x000000008db00000, 0x000000008dc00000, 0x000000008dc00000|100%| E|CS|TAMS 0x000000008db00000, 0x000000008db00000| Complete 
| 220|0x000000008dc00000, 0x000000008dd00000, 0x000000008dd00000|100%| E|CS|TAMS 0x000000008dc00000, 0x000000008dc00000| Complete 
| 221|0x000000008dd00000, 0x000000008de00000, 0x000000008de00000|100%| E|CS|TAMS 0x000000008dd00000, 0x000000008dd00000| Complete 
| 222|0x000000008de00000, 0x000000008df00000, 0x000000008df00000|100%| E|CS|TAMS 0x000000008de00000, 0x000000008de00000| Complete 
| 223|0x000000008df00000, 0x000000008e000000, 0x000000008e000000|100%| E|CS|TAMS 0x000000008df00000, 0x000000008df00000| Complete 
| 224|0x000000008e000000, 0x000000008e100000, 0x000000008e100000|100%| E|CS|TAMS 0x000000008e000000, 0x000000008e000000| Complete 
| 225|0x000000008e100000, 0x000000008e200000, 0x000000008e200000|100%| E|CS|TAMS 0x000000008e100000, 0x000000008e100000| Complete 
| 226|0x000000008e200000, 0x000000008e300000, 0x000000008e300000|100%| E|CS|TAMS 0x000000008e200000, 0x000000008e200000| Complete 
| 227|0x000000008e300000, 0x000000008e400000, 0x000000008e400000|100%| E|CS|TAMS 0x000000008e300000, 0x000000008e300000| Complete 
| 228|0x000000008e400000, 0x000000008e500000, 0x000000008e500000|100%| E|CS|TAMS 0x000000008e400000, 0x000000008e400000| Complete 
| 229|0x000000008e500000, 0x000000008e600000, 0x000000008e600000|100%| E|CS|TAMS 0x000000008e500000, 0x000000008e500000| Complete 
| 230|0x000000008e600000, 0x000000008e700000, 0x000000008e700000|100%| E|CS|TAMS 0x000000008e600000, 0x000000008e600000| Complete 
| 255|0x000000008ff00000, 0x0000000090000000, 0x0000000090000000|100%| E|CS|TAMS 0x000000008ff00000, 0x000000008ff00000| Complete 

Card table byte_map: [0x0000016f4ca70000,0x0000016f4ce70000] _byte_map_base: 0x0000016f4c670000

Marking Bits (Prev, Next): (CMBitMap*) 0x0000016f35bc9bc0, (CMBitMap*) 0x0000016f35bc9c00
 Prev Bits: [0x0000016f4d270000, 0x0000016f4f270000)
 Next Bits: [0x0000016f4f270000, 0x0000016f51270000)

Polling page: 0x0000016f35330000

Metaspace:

Usage:
  Non-class:     83.32 MB used.
      Class:     13.08 MB used.
       Both:     96.40 MB used.

Virtual space:
  Non-class space:      128.00 MB reserved,      83.81 MB ( 65%) committed,  2 nodes.
      Class space:      416.00 MB reserved,      13.56 MB (  3%) committed,  1 nodes.
             Both:      544.00 MB reserved,      97.38 MB ( 18%) committed. 

Chunk freelists:
   Non-Class:  11.64 MB
       Class:  2.37 MB
        Both:  14.01 MB

MaxMetaspaceSize: 512.00 MB
CompressedClassSpaceSize: 416.00 MB
Initial GC threshold: 21.00 MB
Current GC threshold: 117.19 MB
CDS: on
MetaspaceReclaimPolicy: balanced
 - commit_granule_bytes: 65536.
 - commit_granule_words: 8192.
 - virtual_space_node_default_size: 8388608.
 - enlarge_chunks_in_place: 1.
 - new_chunks_are_fully_committed: 0.
 - uncommit_free_chunks: 1.
 - use_allocation_guard: 0.
 - handle_deallocations: 1.


Internal statistics:

num_allocs_failed_limit: 6.
num_arena_births: 1088.
num_arena_deaths: 0.
num_vsnodes_births: 3.
num_vsnodes_deaths: 0.
num_space_committed: 1558.
num_space_uncommitted: 0.
num_chunks_returned_to_freelist: 6.
num_chunks_taken_from_freelist: 5088.
num_chunk_merges: 6.
num_chunk_splits: 3370.
num_chunks_enlarged: 2228.
num_inconsistent_stats: 0.

CodeHeap 'non-profiled nmethods': size=120000Kb used=8362Kb max_used=8362Kb free=111637Kb
 bounds [0x0000016f45140000, 0x0000016f45970000, 0x0000016f4c670000]
CodeHeap 'profiled nmethods': size=120000Kb used=24267Kb max_used=24560Kb free=95732Kb
 bounds [0x0000016f3d670000, 0x0000016f3ee70000, 0x0000016f44ba0000]
CodeHeap 'non-nmethods': size=5760Kb used=2448Kb max_used=2544Kb free=3312Kb
 bounds [0x0000016f44ba0000, 0x0000016f44e40000, 0x0000016f45140000]
 total_blobs=13314 nmethods=12337 adapters=889
 compilation: enabled
              stopped_count=0, restarted_count=0
 full_count=0

Compilation events (20 events):
Event: 45.341 Thread 0x0000016f53789de0 14489       1       org.gradle.api.internal.tasks.properties.OutputFilePropertyType::getOutputType (5 bytes)
Event: 45.341 Thread 0x0000016f53789de0 nmethod 14489 0x0000016f45960610 code [0x0000016f459607a0, 0x0000016f45960878]
Event: 45.342 Thread 0x0000016f53789de0 14490       3       org.gradle.internal.operations.DefaultBuildOperationListenerManager$ProgressShieldingBuildOperationListener::progress (25 bytes)
Event: 45.342 Thread 0x0000016f53789de0 nmethod 14490 0x0000016f3dd56910 code [0x0000016f3dd56ac0, 0x0000016f3dd56db8]
Event: 45.350 Thread 0x0000016f53789de0 14491       3       org.gradle.api.internal.artifacts.DefaultResolverResults::getVisitedArtifacts (9 bytes)
Event: 45.351 Thread 0x0000016f53789de0 nmethod 14491 0x0000016f3dd56290 code [0x0000016f3dd56460, 0x0000016f3dd56788]
Event: 45.351 Thread 0x0000016f53789de0 14493       2       org.gradle.api.internal.artifacts.transform.AttributeMatchingVariantSelector::doSelect (469 bytes)
Event: 45.352 Thread 0x0000016f53789de0 nmethod 14493 0x0000016f3dad2b90 code [0x0000016f3dad3000, 0x0000016f3dad43f8]
Event: 45.352 Thread 0x0000016f53789de0 14494       3       org.gradle.api.internal.artifacts.transform.AbstractTransformedArtifactSet$CalculateArtifacts::calculateValue (85 bytes)
Event: 45.353 Thread 0x0000016f53789de0 nmethod 14494 0x0000016f3dad1390 code [0x0000016f3dad1640, 0x0000016f3dad25f8]
Event: 45.353 Thread 0x0000016f53789de0 14492       3       org.gradle.api.internal.artifacts.DefaultResolverResults::assertHasVisitResult (22 bytes)
Event: 45.353 Thread 0x0000016f53789de0 nmethod 14492 0x0000016f3dd55b90 code [0x0000016f3dd55d40, 0x0000016f3dd56008]
Event: 45.353 Thread 0x0000016f53789de0 14498       3       org.gradle.api.internal.artifacts.DefaultArtifactIdentifier::<init> (48 bytes)
Event: 45.354 Thread 0x0000016f53789de0 nmethod 14498 0x0000016f3dad0990 code [0x0000016f3dad0b80, 0x0000016f3dad1128]
Event: 45.354 Thread 0x0000016f53789de0 14499       3       org.gradle.api.internal.artifacts.transform.TransformationResult$Builder$EntireInputArtifact::resolveForInputArtifact (2 bytes)
Event: 45.354 Thread 0x0000016f53789de0 nmethod 14499 0x0000016f3dad0610 code [0x0000016f3dad07a0, 0x0000016f3dad08b8]
Event: 45.355 Thread 0x0000016f53789de0 14501       3       com.google.common.collect.ImmutableSet::copyOf (27 bytes)
Event: 45.355 Thread 0x0000016f53789de0 nmethod 14501 0x0000016f3dacfe90 code [0x0000016f3dad0060, 0x0000016f3dad0508]
Event: 45.355 Thread 0x0000016f53789de0 14500       3       org.gradle.api.internal.file.collections.DefaultConfigurableFileCollection$1::visitCollection (43 bytes)
Event: 45.355 Thread 0x0000016f53789de0 nmethod 14500 0x0000016f3daceb90 code [0x0000016f3dacede0, 0x0000016f3dacf9a8]

GC Heap History (20 events):
Event: 34.301 GC heap before
{Heap before GC invocations=41 (full 0):
 garbage-first heap   total 197632K, used 156467K [0x0000000080000000, 0x0000000100000000)
  region size 1024K, 71 young (72704K), 5 survivors (5120K)
 Metaspace       used 77433K, committed 78272K, reserved 557056K
  class space    used 10700K, committed 11072K, reserved 425984K
}
Event: 34.321 GC heap after
{Heap after GC invocations=42 (full 0):
 garbage-first heap   total 197632K, used 103034K [0x0000000080000000, 0x0000000100000000)
  region size 1024K, 9 young (9216K), 9 survivors (9216K)
 Metaspace       used 77433K, committed 78272K, reserved 557056K
  class space    used 10700K, committed 11072K, reserved 425984K
}
Event: 36.254 GC heap before
{Heap before GC invocations=42 (full 0):
 garbage-first heap   total 197632K, used 158330K [0x0000000080000000, 0x0000000100000000)
  region size 1024K, 56 young (57344K), 9 survivors (9216K)
 Metaspace       used 79783K, committed 80640K, reserved 557056K
  class space    used 10992K, committed 11392K, reserved 425984K
}
Event: 36.265 GC heap after
{Heap after GC invocations=43 (full 0):
 garbage-first heap   total 197632K, used 118124K [0x0000000080000000, 0x0000000100000000)
  region size 1024K, 7 young (7168K), 7 survivors (7168K)
 Metaspace       used 79783K, committed 80640K, reserved 557056K
  class space    used 10992K, committed 11392K, reserved 425984K
}
Event: 37.388 GC heap before
{Heap before GC invocations=43 (full 0):
 garbage-first heap   total 197632K, used 156012K [0x0000000080000000, 0x0000000100000000)
  region size 1024K, 44 young (45056K), 7 survivors (7168K)
 Metaspace       used 82654K, committed 83584K, reserved 557056K
  class space    used 11376K, committed 11840K, reserved 425984K
}
Event: 37.399 GC heap after
{Heap after GC invocations=44 (full 0):
 garbage-first heap   total 197632K, used 123438K [0x0000000080000000, 0x0000000100000000)
  region size 1024K, 5 young (5120K), 5 survivors (5120K)
 Metaspace       used 82654K, committed 83584K, reserved 557056K
  class space    used 11376K, committed 11840K, reserved 425984K
}
Event: 37.928 GC heap before
{Heap before GC invocations=44 (full 0):
 garbage-first heap   total 197632K, used 158254K [0x0000000080000000, 0x0000000100000000)
  region size 1024K, 39 young (39936K), 5 survivors (5120K)
 Metaspace       used 84721K, committed 85568K, reserved 557056K
  class space    used 11641K, committed 12032K, reserved 425984K
}
Event: 37.939 GC heap after
{Heap after GC invocations=45 (full 0):
 garbage-first heap   total 197632K, used 127371K [0x0000000080000000, 0x0000000100000000)
  region size 1024K, 4 young (4096K), 4 survivors (4096K)
 Metaspace       used 84721K, committed 85568K, reserved 557056K
  class space    used 11641K, committed 12032K, reserved 425984K
}
Event: 40.100 GC heap before
{Heap before GC invocations=45 (full 0):
 garbage-first heap   total 197632K, used 161163K [0x0000000080000000, 0x0000000100000000)
  region size 1024K, 37 young (37888K), 4 survivors (4096K)
 Metaspace       used 92257K, committed 93120K, reserved 557056K
  class space    used 12547K, committed 12928K, reserved 425984K
}
Event: 40.116 GC heap after
{Heap after GC invocations=46 (full 0):
 garbage-first heap   total 197632K, used 132738K [0x0000000080000000, 0x0000000100000000)
  region size 1024K, 5 young (5120K), 5 survivors (5120K)
 Metaspace       used 92257K, committed 93120K, reserved 557056K
  class space    used 12547K, committed 12928K, reserved 425984K
}
Event: 41.135 GC heap before
{Heap before GC invocations=46 (full 0):
 garbage-first heap   total 197632K, used 163458K [0x0000000080000000, 0x0000000100000000)
  region size 1024K, 35 young (35840K), 5 survivors (5120K)
 Metaspace       used 95273K, committed 96192K, reserved 557056K
  class space    used 13009K, committed 13440K, reserved 425984K
}
Event: 41.151 GC heap after
{Heap after GC invocations=47 (full 0):
 garbage-first heap   total 197632K, used 135698K [0x0000000080000000, 0x0000000100000000)
  region size 1024K, 3 young (3072K), 3 survivors (3072K)
 Metaspace       used 95273K, committed 96192K, reserved 557056K
  class space    used 13009K, committed 13440K, reserved 425984K
}
Event: 41.915 GC heap before
{Heap before GC invocations=47 (full 0):
 garbage-first heap   total 197632K, used 165394K [0x0000000080000000, 0x0000000100000000)
  region size 1024K, 32 young (32768K), 3 survivors (3072K)
 Metaspace       used 96028K, committed 97024K, reserved 557056K
  class space    used 13061K, committed 13504K, reserved 425984K
}
Event: 41.929 GC heap after
{Heap after GC invocations=48 (full 0):
 garbage-first heap   total 197632K, used 139790K [0x0000000080000000, 0x0000000100000000)
  region size 1024K, 4 young (4096K), 4 survivors (4096K)
 Metaspace       used 96028K, committed 97024K, reserved 557056K
  class space    used 13061K, committed 13504K, reserved 425984K
}
Event: 42.420 GC heap before
{Heap before GC invocations=48 (full 0):
 garbage-first heap   total 197632K, used 166414K [0x0000000080000000, 0x0000000100000000)
  region size 1024K, 30 young (30720K), 4 survivors (4096K)
 Metaspace       used 97376K, committed 98368K, reserved 557056K
  class space    used 13244K, committed 13696K, reserved 425984K
}
Event: 42.431 GC heap after
{Heap after GC invocations=49 (full 0):
 garbage-first heap   total 237568K, used 142482K [0x0000000080000000, 0x0000000100000000)
  region size 1024K, 4 young (4096K), 4 survivors (4096K)
 Metaspace       used 97376K, committed 98368K, reserved 557056K
  class space    used 13244K, committed 13696K, reserved 425984K
}
Event: 43.417 GC heap before
{Heap before GC invocations=49 (full 0):
 garbage-first heap   total 237568K, used 192658K [0x0000000080000000, 0x0000000100000000)
  region size 1024K, 54 young (55296K), 4 survivors (4096K)
 Metaspace       used 98252K, committed 99200K, reserved 557056K
  class space    used 13383K, committed 13824K, reserved 425984K
}
Event: 43.428 GC heap after
{Heap after GC invocations=50 (full 0):
 garbage-first heap   total 237568K, used 145835K [0x0000000080000000, 0x0000000100000000)
  region size 1024K, 7 young (7168K), 7 survivors (7168K)
 Metaspace       used 98252K, committed 99200K, reserved 557056K
  class space    used 13383K, committed 13824K, reserved 425984K
}
Event: 44.473 GC heap before
{Heap before GC invocations=50 (full 0):
 garbage-first heap   total 237568K, used 194987K [0x0000000080000000, 0x0000000100000000)
  region size 1024K, 56 young (57344K), 7 survivors (7168K)
 Metaspace       used 98545K, committed 99584K, reserved 557056K
  class space    used 13393K, committed 13888K, reserved 425984K
}
Event: 44.490 GC heap after
{Heap after GC invocations=51 (full 0):
 garbage-first heap   total 237568K, used 149504K [0x0000000080000000, 0x0000000100000000)
  region size 1024K, 7 young (7168K), 7 survivors (7168K)
 Metaspace       used 98545K, committed 99584K, reserved 557056K
  class space    used 13393K, committed 13888K, reserved 425984K
}

Dll operation events (12 events):
Event: 0.008 Loaded shared library C:\Program Files\Microsoft\jdk-17.0.8.7-hotspot\bin\java.dll
Event: 0.039 Loaded shared library C:\Program Files\Microsoft\jdk-17.0.8.7-hotspot\bin\jsvml.dll
Event: 0.088 Loaded shared library C:\Program Files\Microsoft\jdk-17.0.8.7-hotspot\bin\net.dll
Event: 0.089 Loaded shared library C:\Program Files\Microsoft\jdk-17.0.8.7-hotspot\bin\nio.dll
Event: 0.093 Loaded shared library C:\Program Files\Microsoft\jdk-17.0.8.7-hotspot\bin\zip.dll
Event: 0.266 Loaded shared library C:\Program Files\Microsoft\jdk-17.0.8.7-hotspot\bin\jimage.dll
Event: 0.331 Loaded shared library C:\Program Files\Microsoft\jdk-17.0.8.7-hotspot\bin\verify.dll
Event: 0.490 Loaded shared library C:\Users\lab_services_student\.gradle\native\e1d6ef7f7dcc3fd88c89a11ec53ec762bb8ba0a96d01ffa2cd45eb1d1d8dd5c5\windows-amd64\native-platform.dll
Event: 0.531 Loaded shared library C:\Users\lab_services_student\.gradle\native\5664cfc778a61ccfe75a443a1ab52a65af34e5dc3c78e0209fed803814484fcb\windows-amd64\native-platform-file-events.dll
Event: 2.445 Loaded shared library C:\Program Files\Microsoft\jdk-17.0.8.7-hotspot\bin\management.dll
Event: 2.447 Loaded shared library C:\Program Files\Microsoft\jdk-17.0.8.7-hotspot\bin\management_ext.dll
Event: 2.846 Loaded shared library C:\Program Files\Microsoft\jdk-17.0.8.7-hotspot\bin\sunmscapi.dll

Deoptimization events (20 events):
Event: 45.049 Thread 0x0000016f75635df0 Uncommon trap: trap_request=0xffffffd6 fr.pc=0x0000016f45941e98 relative=0x0000000000001b38
Event: 45.049 Thread 0x0000016f75635df0 Uncommon trap: reason=array_check action=maybe_recompile pc=0x0000016f45941e98 method=java.util.TimSort.reverseRange([Ljava/lang/Object;II)V @ 20 c2
Event: 45.049 Thread 0x0000016f75635df0 DEOPT PACKING pc=0x0000016f45941e98 sp=0x000000635cbfe1b0
Event: 45.049 Thread 0x0000016f75635df0 DEOPT UNPACKING pc=0x0000016f44bfa1a3 sp=0x000000635cbfe068 mode 2
Event: 45.050 Thread 0x0000016f75635df0 Uncommon trap: trap_request=0xffffffd6 fr.pc=0x0000016f45941e98 relative=0x0000000000001b38
Event: 45.050 Thread 0x0000016f75635df0 Uncommon trap: reason=array_check action=maybe_recompile pc=0x0000016f45941e98 method=java.util.TimSort.reverseRange([Ljava/lang/Object;II)V @ 20 c2
Event: 45.050 Thread 0x0000016f75635df0 DEOPT PACKING pc=0x0000016f45941e98 sp=0x000000635cbfcd40
Event: 45.050 Thread 0x0000016f75635df0 DEOPT UNPACKING pc=0x0000016f44bfa1a3 sp=0x000000635cbfcbf8 mode 2
Event: 45.052 Thread 0x0000016f75635df0 Uncommon trap: trap_request=0xffffffd6 fr.pc=0x0000016f45941e98 relative=0x0000000000001b38
Event: 45.052 Thread 0x0000016f75635df0 Uncommon trap: reason=array_check action=maybe_recompile pc=0x0000016f45941e98 method=java.util.TimSort.reverseRange([Ljava/lang/Object;II)V @ 20 c2
Event: 45.052 Thread 0x0000016f75635df0 DEOPT PACKING pc=0x0000016f45941e98 sp=0x000000635cbfde90
Event: 45.052 Thread 0x0000016f75635df0 DEOPT UNPACKING pc=0x0000016f44bfa1a3 sp=0x000000635cbfdd48 mode 2
Event: 45.055 Thread 0x0000016f75635df0 Uncommon trap: trap_request=0xffffffd6 fr.pc=0x0000016f45941e98 relative=0x0000000000001b38
Event: 45.056 Thread 0x0000016f75635df0 Uncommon trap: reason=array_check action=maybe_recompile pc=0x0000016f45941e98 method=java.util.TimSort.reverseRange([Ljava/lang/Object;II)V @ 20 c2
Event: 45.056 Thread 0x0000016f75635df0 DEOPT PACKING pc=0x0000016f45941e98 sp=0x000000635cbfccb0
Event: 45.056 Thread 0x0000016f75635df0 DEOPT UNPACKING pc=0x0000016f44bfa1a3 sp=0x000000635cbfcb68 mode 2
Event: 45.309 Thread 0x0000016f756344a0 Uncommon trap: trap_request=0xffffff45 fr.pc=0x0000016f457d01f0 relative=0x00000000000012f0
Event: 45.309 Thread 0x0000016f756344a0 Uncommon trap: reason=unstable_if action=reinterpret pc=0x0000016f457d01f0 method=java.util.concurrent.locks.ReentrantLock$NonfairSync.tryAcquire(I)Z @ 13 c2
Event: 45.309 Thread 0x0000016f756344a0 DEOPT PACKING pc=0x0000016f457d01f0 sp=0x000000635dbfecd0
Event: 45.309 Thread 0x0000016f756344a0 DEOPT UNPACKING pc=0x0000016f44bfa1a3 sp=0x000000635dbfec08 mode 2

Classes unloaded (0 events):
No events

Classes redefined (0 events):
No events

Internal exceptions (20 events):
Event: 41.167 Thread 0x0000016f745b8310 Exception <a 'sun/nio/fs/WindowsException'{0x000000008ff34958}> (0x000000008ff34958) 
thrown [s\src\hotspot\share\prims\jni.cpp, line 516]
Event: 41.167 Thread 0x0000016f745b8310 Exception <a 'sun/nio/fs/WindowsException'{0x000000008ff35d80}> (0x000000008ff35d80) 
thrown [s\src\hotspot\share\prims\jni.cpp, line 516]
Event: 41.225 Thread 0x0000016f745b8310 Implicit null exception at 0x0000016f457dffcb to 0x0000016f457e008f
Event: 41.929 Thread 0x0000016f53764670 Implicit null exception at 0x0000016f452abf80 to 0x0000016f452ac5fc
Event: 42.360 Thread 0x0000016f745b8310 Implicit null exception at 0x0000016f458aa1c4 to 0x0000016f458aadd4
Event: 42.591 Thread 0x0000016f745b8310 Implicit null exception at 0x0000016f45765d33 to 0x0000016f457662bc
Event: 42.607 Thread 0x0000016f745b8310 Exception <a 'java/lang/NoSuchMethodError'{0x000000008d53d0a0}: 'void java.lang.invoke.DirectMethodHandle$Holder.invokeVirtual(java.lang.Object, java.lang.Object)'> (0x000000008d53d0a0) 
thrown [s\src\hotspot\share\interpreter\linkResolver.cpp, line 759]
Event: 42.637 Thread 0x0000016f745b8310 Exception <a 'java/lang/ClassNotFoundException'{0x000000008d4f9670}: groovy/util/FileTreeBuilderBeanInfo> (0x000000008d4f9670) 
thrown [s\src\hotspot\share\classfile\systemDictionary.cpp, line 256]
Event: 42.642 Thread 0x0000016f745b8310 Exception <a 'java/lang/ClassNotFoundException'{0x000000008d3605c8}: groovy/util/FileTreeBuilderCustomizer> (0x000000008d3605c8) 
thrown [s\src\hotspot\share\classfile\systemDictionary.cpp, line 256]
Event: 42.652 Thread 0x0000016f745b8310 Exception <a 'java/lang/ClassNotFoundException'{0x000000008d39e000}: java/io/BufferedWriterBeanInfo> (0x000000008d39e000) 
thrown [s\src\hotspot\share\classfile\systemDictionary.cpp, line 256]
Event: 42.653 Thread 0x0000016f745b8310 Exception <a 'java/lang/ClassNotFoundException'{0x000000008d3a6428}: java/io/WriterBeanInfo> (0x000000008d3a6428) 
thrown [s\src\hotspot\share\classfile\systemDictionary.cpp, line 256]
Event: 42.653 Thread 0x0000016f745b8310 Exception <a 'java/lang/ClassNotFoundException'{0x000000008d3ae320}: java/io/WriterCustomizer> (0x000000008d3ae320) 
thrown [s\src\hotspot\share\classfile\systemDictionary.cpp, line 256]
Event: 42.654 Thread 0x0000016f745b8310 Exception <a 'java/lang/ClassNotFoundException'{0x000000008d3bec28}: java/io/BufferedWriterCustomizer> (0x000000008d3bec28) 
thrown [s\src\hotspot\share\classfile\systemDictionary.cpp, line 256]
Event: 42.767 Thread 0x0000016f79947b90 Exception <a 'java/lang/NoSuchMethodError'{0x000000008d18a8f8}: static Lcom/android/build/api/variant/BuildConfigField;.<clinit>()V> (0x000000008d18a8f8) 
thrown [s\src\hotspot\share\prims\jni.cpp, line 1107]
Event: 42.837 Thread 0x0000016f79947b90 Exception <a 'java/lang/NoSuchMethodError'{0x000000008d078be0}: 'void java.lang.invoke.DirectMethodHandle$Holder.invokeStatic(java.lang.Object, java.lang.Object, java.lang.Object, java.lang.Object, int, java.lang.Object, java.lang.Object)'> (0x000000008d078be0) 
thrown [s\src\hotspot\share\interpreter\linkResolver.cpp, line 759]
Event: 42.893 Thread 0x0000016f75636300 Exception <a 'java/lang/NoSuchMethodError'{0x000000008ce75490}: 'java.lang.Object java.lang.invoke.DirectMethodHandle$Holder.invokeSpecialIFC(java.lang.Object, java.lang.Object, java.lang.Object)'> (0x000000008ce75490) 
thrown [s\src\hotspot\share\interpreter\linkResolver.cpp, line 759]
Event: 42.893 Thread 0x0000016f75634ec0 Exception <a 'java/lang/NoSuchMethodError'{0x000000008ce45ad8}: 'java.lang.Object java.lang.invoke.DirectMethodHandle$Holder.invokeSpecialIFC(java.lang.Object, java.lang.Object, java.lang.Object)'> (0x000000008ce45ad8) 
thrown [s\src\hotspot\share\interpreter\linkResolver.cpp, line 759]
Event: 42.893 Thread 0x0000016f756344a0 Exception <a 'java/lang/NoSuchMethodError'{0x000000008ce4c360}: 'java.lang.Object java.lang.invoke.DirectMethodHandle$Holder.invokeSpecialIFC(java.lang.Object, java.lang.Object, java.lang.Object)'> (0x000000008ce4c360) 
thrown [s\src\hotspot\share\interpreter\linkResolver.cpp, line 759]
Event: 44.122 Thread 0x0000016f79947b90 Exception <a 'java/lang/NoSuchMethodError'{0x000000008c4e7840}: static Lcom/android/build/api/variant/impl/ResValueKeyImpl;.<clinit>()V> (0x000000008c4e7840) 
thrown [s\src\hotspot\share\prims\jni.cpp, line 1107]
Event: 44.124 Thread 0x0000016f79947b90 Exception <a 'java/lang/NoSuchMethodError'{0x000000008c300850}: static Lcom/android/build/api/variant/ResValue;.<clinit>()V> (0x000000008c300850) 
thrown [s\src\hotspot\share\prims\jni.cpp, line 1107]

VM Operations (20 events):
Event: 43.367 Executing VM operation: HandshakeAllThreads
Event: 43.368 Executing VM operation: HandshakeAllThreads done
Event: 43.417 Executing VM operation: G1CollectForAllocation
Event: 43.429 Executing VM operation: G1CollectForAllocation done
Event: 43.817 Executing VM operation: HandshakeAllThreads
Event: 43.817 Executing VM operation: HandshakeAllThreads done
Event: 43.819 Executing VM operation: HandshakeAllThreads
Event: 43.819 Executing VM operation: HandshakeAllThreads done
Event: 43.912 Executing VM operation: ICBufferFull
Event: 43.912 Executing VM operation: ICBufferFull done
Event: 44.169 Executing VM operation: HandshakeAllThreads
Event: 44.169 Executing VM operation: HandshakeAllThreads done
Event: 44.190 Executing VM operation: ICBufferFull
Event: 44.191 Executing VM operation: ICBufferFull done
Event: 44.472 Executing VM operation: G1CollectForAllocation
Event: 44.491 Executing VM operation: G1CollectForAllocation done
Event: 44.959 Executing VM operation: HandshakeAllThreads
Event: 44.959 Executing VM operation: HandshakeAllThreads done
Event: 45.208 Executing VM operation: ICBufferFull
Event: 45.208 Executing VM operation: ICBufferFull done

Events (20 events):
Event: 43.393 Thread 0x0000016f5378af80 flushing nmethod 0x0000016f3ebec410
Event: 43.393 Thread 0x0000016f5378af80 flushing nmethod 0x0000016f3ebf7710
Event: 43.393 Thread 0x0000016f5378af80 flushing nmethod 0x0000016f3ebfb190
Event: 43.393 Thread 0x0000016f5378af80 flushing nmethod 0x0000016f3ebff890
Event: 43.393 Thread 0x0000016f5378af80 flushing nmethod 0x0000016f3ec11a10
Event: 43.393 Thread 0x0000016f5378af80 flushing nmethod 0x0000016f3ec3f190
Event: 43.393 Thread 0x0000016f5378af80 flushing nmethod 0x0000016f3ec48990
Event: 43.393 Thread 0x0000016f5378af80 flushing nmethod 0x0000016f3ec49710
Event: 43.393 Thread 0x0000016f5378af80 flushing nmethod 0x0000016f3ec6ad10
Event: 43.393 Thread 0x0000016f5378af80 flushing nmethod 0x0000016f3eca1590
Event: 43.393 Thread 0x0000016f5378af80 flushing nmethod 0x0000016f3eca1910
Event: 43.394 Thread 0x0000016f5378af80 flushing nmethod 0x0000016f3ed97c90
Event: 44.156 loading class java/util/stream/SortedOps
Event: 44.161 loading class java/util/stream/SortedOps done
Event: 44.161 loading class java/util/stream/SortedOps$OfRef
Event: 44.167 loading class java/util/stream/SortedOps$OfRef done
Event: 44.169 loading class java/util/stream/SortedOps$SizedRefSortingSink
Event: 44.173 loading class java/util/stream/SortedOps$AbstractRefSortingSink
Event: 44.178 loading class java/util/stream/SortedOps$AbstractRefSortingSink done
Event: 44.178 loading class java/util/stream/SortedOps$SizedRefSortingSink done


Dynamic libraries:
0x00007ff7a58e0000 - 0x00007ff7a58ee000 	C:\Program Files\Microsoft\jdk-17.0.8.7-hotspot\bin\java.exe
0x00007ffd63ec0000 - 0x00007ffd640c9000 	C:\Windows\SYSTEM32\ntdll.dll
0x00007ffd62aa0000 - 0x00007ffd62b5d000 	C:\Windows\System32\KERNEL32.DLL
0x00007ffd61350000 - 0x00007ffd616d4000 	C:\Windows\System32\KERNELBASE.dll
0x00007ffd616e0000 - 0x00007ffd617f1000 	C:\Windows\System32\ucrtbase.dll
0x00007ffd58ef0000 - 0x00007ffd58f07000 	C:\Program Files\Microsoft\jdk-17.0.8.7-hotspot\bin\jli.dll
0x00007ffd4a840000 - 0x00007ffd4a85b000 	C:\Program Files\Microsoft\jdk-17.0.8.7-hotspot\bin\VCRUNTIME140.dll
0x00007ffd62430000 - 0x00007ffd625dd000 	C:\Windows\System32\USER32.dll
0x00007ffd3f910000 - 0x00007ffd3fbb5000 	C:\Windows\WinSxS\amd64_microsoft.windows.common-controls_6595b64144ccf1df_6.0.22000.120_none_9d947278b86cc467\COMCTL32.dll
0x00007ffd62200000 - 0x00007ffd622a3000 	C:\Windows\System32\msvcrt.dll
0x00007ffd61b50000 - 0x00007ffd61b76000 	C:\Windows\System32\win32u.dll
0x00007ffd623e0000 - 0x00007ffd6240a000 	C:\Windows\System32\GDI32.dll
0x00007ffd618c0000 - 0x00007ffd619de000 	C:\Windows\System32\gdi32full.dll
0x00007ffd61bf0000 - 0x00007ffd61c8d000 	C:\Windows\System32\msvcp_win.dll
0x00007ffd61da0000 - 0x00007ffd61dd1000 	C:\Windows\System32\IMM32.DLL
0x00007ffd5b080000 - 0x00007ffd5b08c000 	C:\Program Files\Microsoft\jdk-17.0.8.7-hotspot\bin\vcruntime140_1.dll
0x00007ffce0780000 - 0x00007ffce080d000 	C:\Program Files\Microsoft\jdk-17.0.8.7-hotspot\bin\msvcp140.dll
0x00007ffcdfb10000 - 0x00007ffce0775000 	C:\Program Files\Microsoft\jdk-17.0.8.7-hotspot\bin\server\jvm.dll
0x00007ffd61e60000 - 0x00007ffd61f0e000 	C:\Windows\System32\ADVAPI32.dll
0x00007ffd63610000 - 0x00007ffd636ae000 	C:\Windows\System32\sechost.dll
0x00007ffd622b0000 - 0x00007ffd623d1000 	C:\Windows\System32\RPCRT4.dll
0x00007ffd56f30000 - 0x00007ffd56f63000 	C:\Windows\SYSTEM32\WINMM.dll
0x00007ffd61220000 - 0x00007ffd6126d000 	C:\Windows\SYSTEM32\POWRPROF.dll
0x00007ffd42460000 - 0x00007ffd42469000 	C:\Windows\SYSTEM32\WSOCK32.dll
0x00007ffd55d30000 - 0x00007ffd55d3a000 	C:\Windows\SYSTEM32\VERSION.dll
0x00007ffd63980000 - 0x00007ffd639ef000 	C:\Windows\System32\WS2_32.dll
0x00007ffd61200000 - 0x00007ffd61213000 	C:\Windows\SYSTEM32\UMPDC.dll
0x00007ffd60380000 - 0x00007ffd60398000 	C:\Windows\SYSTEM32\kernel.appcore.dll
0x00007ffd42450000 - 0x00007ffd4245a000 	C:\Program Files\Microsoft\jdk-17.0.8.7-hotspot\bin\jimage.dll
0x00007ffd51650000 - 0x00007ffd51871000 	C:\Windows\SYSTEM32\DBGHELP.DLL
0x00007ffd514a0000 - 0x00007ffd514d1000 	C:\Windows\SYSTEM32\dbgcore.DLL
0x00007ffd61c90000 - 0x00007ffd61d0f000 	C:\Windows\System32\bcryptPrimitives.dll
0x00007ffd42420000 - 0x00007ffd42445000 	C:\Program Files\Microsoft\jdk-17.0.8.7-hotspot\bin\java.dll
0x00007ffcdfa30000 - 0x00007ffcdfb07000 	C:\Program Files\Microsoft\jdk-17.0.8.7-hotspot\bin\jsvml.dll
0x00007ffd62dd0000 - 0x00007ffd63595000 	C:\Windows\System32\SHELL32.dll
0x00007ffd5f3e0000 - 0x00007ffd5fc42000 	C:\Windows\SYSTEM32\windows.storage.dll
0x00007ffd625e0000 - 0x00007ffd62956000 	C:\Windows\System32\combase.dll
0x00007ffd5f270000 - 0x00007ffd5f3d7000 	C:\Windows\SYSTEM32\wintypes.dll
0x00007ffd62b70000 - 0x00007ffd62c5a000 	C:\Windows\System32\SHCORE.dll
0x00007ffd63920000 - 0x00007ffd6397d000 	C:\Windows\System32\shlwapi.dll
0x00007ffd61280000 - 0x00007ffd612a5000 	C:\Windows\SYSTEM32\profapi.dll
0x00007ffcdfa10000 - 0x00007ffcdfa29000 	C:\Program Files\Microsoft\jdk-17.0.8.7-hotspot\bin\net.dll
0x00007ffd59e00000 - 0x00007ffd59f14000 	C:\Windows\SYSTEM32\WINHTTP.dll
0x00007ffd60820000 - 0x00007ffd60887000 	C:\Windows\system32\mswsock.dll
0x00007ffcdf9f0000 - 0x00007ffcdfa06000 	C:\Program Files\Microsoft\jdk-17.0.8.7-hotspot\bin\nio.dll
0x00007ffcdf9d0000 - 0x00007ffcdf9e8000 	C:\Program Files\Microsoft\jdk-17.0.8.7-hotspot\bin\zip.dll
0x00007ffd0bd00000 - 0x00007ffd0bd10000 	C:\Program Files\Microsoft\jdk-17.0.8.7-hotspot\bin\verify.dll
0x00007ffcdf9a0000 - 0x00007ffcdf9c7000 	C:\Users\lab_services_student\.gradle\native\e1d6ef7f7dcc3fd88c89a11ec53ec762bb8ba0a96d01ffa2cd45eb1d1d8dd5c5\windows-amd64\native-platform.dll
0x00007ffcdf850000 - 0x00007ffcdf994000 	C:\Users\lab_services_student\.gradle\native\5664cfc778a61ccfe75a443a1ab52a65af34e5dc3c78e0209fed803814484fcb\windows-amd64\native-platform-file-events.dll
0x00007ffcf78b0000 - 0x00007ffcf78b9000 	C:\Program Files\Microsoft\jdk-17.0.8.7-hotspot\bin\management.dll
0x00007ffcf7460000 - 0x00007ffcf746b000 	C:\Program Files\Microsoft\jdk-17.0.8.7-hotspot\bin\management_ext.dll
0x00007ffd62b60000 - 0x00007ffd62b68000 	C:\Windows\System32\PSAPI.DLL
0x00007ffd60af0000 - 0x00007ffd60b08000 	C:\Windows\SYSTEM32\CRYPTSP.dll
0x00007ffd602e0000 - 0x00007ffd60315000 	C:\Windows\system32\rsaenh.dll
0x00007ffd608c0000 - 0x00007ffd608ec000 	C:\Windows\SYSTEM32\USERENV.dll
0x00007ffd60c30000 - 0x00007ffd60c57000 	C:\Windows\SYSTEM32\bcrypt.dll
0x00007ffd60a10000 - 0x00007ffd60a1c000 	C:\Windows\SYSTEM32\CRYPTBASE.dll
0x00007ffd5fe90000 - 0x00007ffd5febd000 	C:\Windows\SYSTEM32\IPHLPAPI.DLL
0x00007ffd61d10000 - 0x00007ffd61d19000 	C:\Windows\System32\NSI.dll
0x00007ffd5acc0000 - 0x00007ffd5acd9000 	C:\Windows\SYSTEM32\dhcpcsvc6.DLL
0x00007ffd5ace0000 - 0x00007ffd5acfe000 	C:\Windows\SYSTEM32\dhcpcsvc.DLL
0x00007ffd5fec0000 - 0x00007ffd5ffa7000 	C:\Windows\SYSTEM32\DNSAPI.dll
0x00007ffcedf40000 - 0x00007ffcedf4e000 	C:\Program Files\Microsoft\jdk-17.0.8.7-hotspot\bin\sunmscapi.dll
0x00007ffd619e0000 - 0x00007ffd61b42000 	C:\Windows\System32\CRYPT32.dll
0x00007ffd60c00000 - 0x00007ffd60c28000 	C:\Windows\SYSTEM32\ncrypt.dll
0x00007ffd60bc0000 - 0x00007ffd60bf7000 	C:\Windows\SYSTEM32\NTASN1.dll
0x00007ffd3d850000 - 0x00007ffd3d858000 	C:\Windows\system32\wshunix.dll
0x00007ffd57a70000 - 0x00007ffd57a7a000 	C:\Windows\System32\rasadhlp.dll
0x00007ffd58fc0000 - 0x00007ffd59041000 	C:\Windows\System32\fwpuclnt.dll
0x00007ffd4cd90000 - 0x00007ffd4cda7000 	C:\Windows\system32\napinsp.dll
0x00007ffd4cd70000 - 0x00007ffd4cd8b000 	C:\Windows\system32\pnrpnsp.dll
0x00007ffd4cd50000 - 0x00007ffd4cd62000 	C:\Windows\System32\winrnr.dll
0x00007ffd4cd30000 - 0x00007ffd4cd45000 	C:\Windows\system32\wshbth.dll
0x00007ffd4cd10000 - 0x00007ffd4cd2f000 	C:\Windows\system32\nlansp_c.dll

dbghelp: loaded successfully - version: 4.0.5 - missing functions: none
symbol engine: initialized successfully - sym options: 0x614 - pdb path: .;C:\Program Files\Microsoft\jdk-17.0.8.7-hotspot\bin;C:\Windows\SYSTEM32;C:\Windows\WinSxS\amd64_microsoft.windows.common-controls_6595b64144ccf1df_6.0.22000.120_none_9d947278b86cc467;C:\Program Files\Microsoft\jdk-17.0.8.7-hotspot\bin\server;C:\Users\lab_services_student\.gradle\native\e1d6ef7f7dcc3fd88c89a11ec53ec762bb8ba0a96d01ffa2cd45eb1d1d8dd5c5\windows-amd64;C:\Users\lab_services_student\.gradle\native\5664cfc778a61ccfe75a443a1ab52a65af34e5dc3c78e0209fed803814484fcb\windows-amd64

VM Arguments:
jvm_args: -XX:MaxMetaspaceSize=512m --add-opens=java.base/java.util=ALL-UNNAMED --add-opens=java.base/java.lang=ALL-UNNAMED --add-opens=java.base/java.lang.invoke=ALL-UNNAMED --add-opens=java.base/java.util=ALL-UNNAMED --add-opens=java.prefs/java.util.prefs=ALL-UNNAMED --add-opens=java.prefs/java.util.prefs=ALL-UNNAMED --add-opens=java.base/java.nio.charset=ALL-UNNAMED --add-opens=java.base/java.net=ALL-UNNAMED --add-opens=java.base/java.util.concurrent.atomic=ALL-UNNAMED -Xmx2048m -Dfile.encoding=windows-1252 -Duser.country=ZA -Duser.language=en -Duser.variant 
java_command: org.gradle.launcher.daemon.bootstrap.GradleDaemon 7.3.3
java_class_path (initial): C:\Users\lab_services_student\.gradle\wrapper\dists\gradle-7.3.3-all\4295vidhdd9hd3gbjyw1xqxpo\gradle-7.3.3\lib\gradle-launcher-7.3.3.jar
Launcher Type: SUN_STANDARD

[Global flags]
     intx CICompilerCount                          = 3                                         {product} {ergonomic}
   size_t CompressedClassSpaceSize                 = 436207616                                 {product} {ergonomic}
     uint ConcGCThreads                            = 1                                         {product} {ergonomic}
     uint G1ConcRefinementThreads                  = 4                                         {product} {ergonomic}
   size_t G1HeapRegionSize                         = 1048576                                   {product} {ergonomic}
    uintx GCDrainStackTargetSize                   = 64                                        {product} {ergonomic}
   size_t InitialHeapSize                          = 268435456                                 {product} {ergonomic}
   size_t MarkStackSize                            = 4194304                                   {product} {ergonomic}
   size_t MaxHeapSize                              = 2147483648                                {product} {command line}
   size_t MaxMetaspaceSize                         = 536870912                                 {product} {command line}
   size_t MaxNewSize                               = 1287651328                                {product} {ergonomic}
   size_t MinHeapDeltaBytes                        = 1048576                                   {product} {ergonomic}
   size_t MinHeapSize                              = 8388608                                   {product} {ergonomic}
    uintx NonNMethodCodeHeapSize                   = 5832780                                {pd product} {ergonomic}
    uintx NonProfiledCodeHeapSize                  = 122912730                              {pd product} {ergonomic}
    uintx ProfiledCodeHeapSize                     = 122912730                              {pd product} {ergonomic}
    uintx ReservedCodeCacheSize                    = 251658240                              {pd product} {ergonomic}
     bool SegmentedCodeCache                       = true                                      {product} {ergonomic}
   size_t SoftMaxHeapSize                          = 2147483648                             {manageable} {ergonomic}
     bool UseCompressedClassPointers               = true                           {product lp64_product} {ergonomic}
     bool UseCompressedOops                        = true                           {product lp64_product} {ergonomic}
     bool UseG1GC                                  = true                                      {product} {ergonomic}
     bool UseLargePagesIndividualAllocation        = false                                  {pd product} {ergonomic}

Logging:
Log output configuration:
 #0: stdout all=warning uptime,level,tags
 #1: stderr all=off uptime,level,tags

Environment Variables:
JAVA_HOME=C:\Program Files\Microsoft\jdk-17.0.8.7-hotspot\
CLASSPATH=C:\Users\lab_services_student\Desktop\Food\Food\android\\gradle\wrapper\gradle-wrapper.jar
PATH=C:\Users\lab_services_student\Desktop\Food\Food\android\node_modules\.bin;C:\Users\lab_services_student\Desktop\Food\Food\node_modules\.bin;C:\Users\lab_services_student\Desktop\Food\node_modules\.bin;C:\Users\lab_services_student\Desktop\node_modules\.bin;C:\Users\lab_services_student\node_modules\.bin;C:\Users\node_modules\.bin;C:\node_modules\.bin;C:\Program Files\nodejs;C:\Users\lab_services_student\Desktop\Food\Food\node_modules\.bin;C:\Users\lab_services_student\Desktop\Food\Food\node_modules\.bin;C:\Users\lab_services_student\Desktop\Food\node_modules\.bin;C:\Users\lab_services_student\Desktop\node_modules\.bin;C:\Users\lab_services_student\node_modules\.bin;C:\Users\node_modules\.bin;C:\node_modules\.bin;C:\Program Files\nodejs\node_modules\npm\node_modules\@npmcli\run-script\lib\node-gyp-bin;C:\Python312\Scripts\;C:\Python312\;C:\Program Files\Microsoft\jdk-17.0.8.7-hotspot\bin;C:\Windows\system32;C:\Windows;C:\Windows\System32\Wbem;C:\Windows\System32\WindowsPowerShell\v1.0\;C:\Windows\System32\OpenSSH\;C:\ProgramData\chocolatey\bin;C:\Program Files\Microsoft VS Code\bin;C:\Program Files\nodejs\;%LOCALAPPDATA%\Android\Sdk\platform-tools;C:\Program Files\Git\cmd;C:\Users\lab_services_student\AppData\Local\Microsoft\WindowsApps;C:\Users\lab_services_student\AppData\Roaming\npm;C:\Users\lab_services_student\AppData\Local\GitHubDesktop\bin
USERNAME=lab_services_student
LANG=en_US.UTF-8
OS=Windows_NT
PROCESSOR_IDENTIFIER=Intel64 Family 6 Model 85 Stepping 7, GenuineIntel
TMP=C:\Users\LAB_SE~1\AppData\Local\Temp
TEMP=C:\Users\LAB_SE~1\AppData\Local\Temp



---------------  S Y S T E M  ---------------

OS:
 Windows 11 , 64 bit Build 22000 (10.0.22000.2538)
OS uptime: 0 days 0:34 hours
Hyper-V role detected

CPU: total 4 (initial active 4) (2 cores per cpu, 2 threads per core) family 6 model 85 stepping 7 microcode 0xffffffff, cx8, cmov, fxsr, ht, mmx, 3dnowpref, sse, sse2, sse3, ssse3, sse4.1, sse4.2, popcnt, lzcnt, tsc, avx, avx2, aes, erms, clmul, bmi1, bmi2, rtm, adx, avx512f, avx512dq, avx512cd, avx512bw, avx512vl, fma, vzeroupper, avx512_vnni, clflush, clflushopt, clwb, hv
Processor Information for all 4 processors :
  Max Mhz: 2594, Current Mhz: 2594, Mhz Limit: 2594

Memory: 4k page, system-wide physical 16382M (7953M free)
TotalPageFile size 18814M (AvailPageFile size 10233M)
current process WorkingSet (physical memory assigned to process): 517M, peak: 521M
current process commit charge ("private bytes"): 560M, peak: 565M

vm_info: OpenJDK 64-Bit Server VM (17.0.8+7-LTS) for windows-amd64 JRE (17.0.8+7-LTS), built on Jul  7 2023 17:21:55 by "MicrosoftCorporation" with MS VC++ 16.10 / 16.11 (VS2019)

END.
