#
# A fatal error has been detected by the Java Runtime Environment:
#
#  EXCEPTION_ACCESS_VIOLATION (0xc0000005) at pc=0x00007ffa7da5e0a9, pid=13020, tid=8208
#
# JRE version: OpenJDK Runtime Environment Microsoft-8035246 (17.0.8+7) (build 17.0.8+7-LTS)
# Java VM: OpenJDK 64-Bit Server VM Microsoft-8035246 (17.0.8+7-LTS, mixed mode, sharing, tiered, compressed oops, compressed class ptrs, g1 gc, windows-amd64)
# Problematic frame:
# V  [jvm.dll+0x2be0a9]
#
# No core dump will be written. Minidumps are not enabled by default on client versions of Windows
#
# If you would like to submit a bug report, please visit:
#   https://github.com/microsoft/openjdk/issues
#

---------------  S U M M A R Y ------------

Command Line: -XX:MaxMetaspaceSize=512m --add-opens=java.base/java.util=ALL-UNNAMED --add-opens=java.base/java.lang=ALL-UNNAMED --add-opens=java.base/java.lang.invoke=ALL-UNNAMED --add-opens=java.base/java.util=ALL-UNNAMED --add-opens=java.prefs/java.util.prefs=ALL-UNNAMED --add-opens=java.prefs/java.util.prefs=ALL-UNNAMED --add-opens=java.base/java.nio.charset=ALL-UNNAMED --add-opens=java.base/java.net=ALL-UNNAMED --add-opens=java.base/java.util.concurrent.atomic=ALL-UNNAMED -Xmx2048m -Dfile.encoding=windows-1252 -Duser.country=ZA -Duser.language=en -Duser.variant org.gradle.launcher.daemon.bootstrap.GradleDaemon 7.3.3

Host: Intel(R) Xeon(R) Platinum 8272CL CPU @ 2.60GHz, 4 cores, 15G,  Windows 11 , 64 bit Build 22000 (10.0.22000.2538)
Time: Tue Oct  8 13:15:57 2024 South Africa Standard Time elapsed time: 106.100824 seconds (0d 0h 1m 46s)

---------------  T H R E A D  ---------------

Current thread (0x0000017f335f1fb0):  JavaThread "C2 CompilerThread0" daemon [_thread_in_native, id=8208, stack(0x0000006053c00000,0x0000006053d00000)]


Current CompileTask:
C2: 106100 13860   !   4       org.gradle.cache.internal.DefaultMultiProcessSafePersistentIndexedCache::getIfPresent (25 bytes)

Stack: [0x0000006053c00000,0x0000006053d00000],  sp=0x0000006053cfb9f0,  free space=1006k
Native frames: (J=compiled Java code, j=interpreted, Vv=VM code, C=native code)
V  [jvm.dll+0x2be0a9]
V  [jvm.dll+0x21ba8b]
V  [jvm.dll+0x21944b]
V  [jvm.dll+0x1a56b6]
V  [jvm.dll+0x2291ea]
V  [jvm.dll+0x22724c]
V  [jvm.dll+0x7efd0c]
V  [jvm.dll+0x7ea13a]
V  [jvm.dll+0x67ad85]
C  [ucrtbase.dll+0x26c0c]
C  [KERNEL32.DLL+0x153e0]
C  [ntdll.dll+0x485b]


siginfo: EXCEPTION_ACCESS_VIOLATION (0xc0000005), reading address 0x0000000000000028


Register to memory mapping:

RIP=0x00007ffa7da5e0a9 jvm.dll
RAX=0x0000017f5b13f880 points into unknown readable memory: 0x0000000000000000 | 00 00 00 00 00 00 00 00
RBX=0x0000000000001c1c is an unknown value
RCX=0x0 is NULL
RDX=0x0 is NULL
RSP=0x0000006053cfb9f0 is pointing into the stack for thread: 0x0000017f335f1fb0
RBP=0x0000006053cfba60 is pointing into the stack for thread: 0x0000017f335f1fb0
RSI=0x0 is NULL
RDI=0x0000000000000055 is an unknown value
R8 =0x000000000000ffe0 is an unknown value
R9 =0x0 is NULL
R10=0x00007ffaba300000 VCRUNTIME140.dll
R11=0x0000017f5b13f8a0 points into unknown readable memory: 0x0000000000000000 | 00 00 00 00 00 00 00 00
R12=0x0000000000000050 is an unknown value
R13=0x0 is NULL
R14=0x0 is NULL
R15=0x0000006053cfec10 is pointing into the stack for thread: 0x0000017f335f1fb0


Registers:
RAX=0x0000017f5b13f880, RBX=0x0000000000001c1c, RCX=0x0000000000000000, RDX=0x0000000000000000
RSP=0x0000006053cfb9f0, RBP=0x0000006053cfba60, RSI=0x0000000000000000, RDI=0x0000000000000055
R8 =0x000000000000ffe0, R9 =0x0000000000000000, R10=0x00007ffaba300000, R11=0x0000017f5b13f8a0
R12=0x0000000000000050, R13=0x0000000000000000, R14=0x0000000000000000, R15=0x0000006053cfec10
RIP=0x00007ffa7da5e0a9, EFLAGS=0x0000000000010202

Top of Stack: (sp=0x0000006053cfb9f0)
0x0000006053cfb9f0:   0000000000001c1c 0000000000000000
0x0000006053cfba00:   0000006053cfec10 00007ffa7d9c38d1
0x0000006053cfba10:   0000017f335ebb00 00007ffa00002000
0x0000006053cfba20:   0000017f5b13f880 0000017f00000000
0x0000006053cfba30:   0000000000000002 0000017f597f41a0
0x0000006053cfba40:   0000000000000002 0000017f335ebb00
0x0000006053cfba50:   0000000000000000 0000000000000000
0x0000006053cfba60:   0000017f335c6740 0000017f159e7020
0x0000006053cfba70:   0000000000000055 00007ffa7e0e4c08
0x0000006053cfba80:   0000006053cfbb90 00007ffa7d9bba8b
0x0000006053cfba90:   0000006053cfec10 00007ffa7e0e4c08
0x0000006053cfbaa0:   0000006053cfec10 0000006053cfbb90
0x0000006053cfbab0:   0000017f00000000 00007ffa7ddbb7fb
0x0000006053cfbac0:   000000600000000f 0000006053cfec10
0x0000006053cfbad0:   0000006053cfbc40 0000000000000000
0x0000006053cfbae0:   0000017f00000100 00007ffa7e0e4c08 

Instructions: (pc=0x00007ffa7da5e0a9)
0x00007ffa7da5dfa9:   3b d0 75 0b ff c1 41 3b c9 7c dc 48 8b c2 c3 33
0x00007ffa7da5dfb9:   c0 c3 cc cc cc cc cc 48 89 5c 24 18 55 56 57 41
0x00007ffa7da5dfc9:   55 41 57 48 8b ec 48 83 ec 70 65 48 8b 04 25 58
0x00007ffa7da5dfd9:   00 00 00 48 8b f2 44 8b 05 d2 8b 90 00 4c 8b f9
0x00007ffa7da5dfe9:   4a 8b 1c c0 b8 50 00 00 00 80 3c 18 00 75 05 e8
0x00007ffa7da5dff9:   8b 6f 5d 00 b8 20 00 00 00 48 8b 04 18 48 8b 98
0x00007ffa7da5e009:   38 02 00 00 48 89 5d b0 c7 45 b8 04 00 00 00 48
0x00007ffa7da5e019:   8b 43 18 48 83 f8 df 76 18 4c 8d 05 37 a9 65 00
0x00007ffa7da5e029:   ba 20 00 00 00 48 8b cb e8 5a eb de ff 48 8b 43
0x00007ffa7da5e039:   18 48 8d 48 20 48 3b 4b 20 76 11 45 33 c0 48 8b
0x00007ffa7da5e049:   cb 41 8d 50 20 e8 fd e8 de ff eb 04 48 89 4b 18
0x00007ffa7da5e059:   44 8b 45 b8 33 d2 49 c1 e0 03 48 8b c8 48 89 45
0x00007ffa7da5e069:   c0 e8 e3 80 5d 00 45 33 ed 48 8d 4d d0 44 89 6d
0x00007ffa7da5e079:   c8 e8 01 59 56 00 41 8b 9f 40 02 00 00 41 2b 9f
0x00007ffa7da5e089:   68 02 00 00 44 89 6d f0 3b 5d b8 72 0b 8b d3 48
0x00007ffa7da5e099:   8d 4d b0 e8 6f b3 39 00 48 8b 45 c0 4c 89 2c d8
0x00007ffa7da5e0a9:   8b 7e 28 8b df c1 eb 05 3b 5d d0 72 0b 8b d3 48
0x00007ffa7da5e0b9:   8d 4d d0 e8 1f 59 56 00 48 8b 45 d8 83 e7 1f 48
0x00007ffa7da5e0c9:   8d 14 98 40 0f b6 cf 41 b8 01 00 00 00 41 d3 e0
0x00007ffa7da5e0d9:   8b 0a 8b c1 41 0b c0 89 02 41 85 c8 75 21 8b 5d
0x00007ffa7da5e0e9:   c8 8d 43 01 89 45 c8 3b 5d b8 72 0b 8b d3 48 8d
0x00007ffa7da5e0f9:   4d b0 e8 10 b3 39 00 48 8b 45 c0 48 89 34 d8 44
0x00007ffa7da5e109:   39 6d c8 0f 86 77 01 00 00 4c 89 a4 24 a0 00 00
0x00007ffa7da5e119:   00 4c 89 b4 24 a8 00 00 00 48 8b 45 c0 41 8b cd
0x00007ffa7da5e129:   48 8b 34 c8 8b 46 2c 25 ff 1f 00 00 3d 04 10 00
0x00007ffa7da5e139:   00 0f 85 a7 00 00 00 bb 01 00 00 00 39 5e 18 76
0x00007ffa7da5e149:   39 66 0f 1f 44 00 00 48 8b 46 08 8b cb 48 8b 14
0x00007ffa7da5e159:   c8 48 85 d2 74 1d 48 83 7a 10 00 74 16 80 7a 2c
0x00007ffa7da5e169:   84 74 10 e8 7f 7e ee ff 48 8b d0 49 8b cf e8 a4
0x00007ffa7da5e179:   61 f6 ff ff c3 3b 5e 18 72 cd 48 8b 5e 10 8b 46
0x00007ffa7da5e189:   20 4c 8d 34 c3 49 3b de 73 54 48 8b 3b 8b 47 2c
0x00007ffa7da5e199:   83 e0 03 3c 03 75 2e 48 8b 07 48 8b cf ff 90 88 


Stack slot to memory mapping:
stack at sp + 0 slots: 0x0000000000001c1c is an unknown value
stack at sp + 1 slots: 0x0 is NULL
stack at sp + 2 slots: 0x0000006053cfec10 is pointing into the stack for thread: 0x0000017f335f1fb0
stack at sp + 3 slots: 0x00007ffa7d9c38d1 jvm.dll
stack at sp + 4 slots: 0x0000017f335ebb00 points into unknown readable memory: 0x0000000000000006 | 06 00 00 00 00 00 00 00
stack at sp + 5 slots: 0x00007ffa00002000 is an unknown value
stack at sp + 6 slots: 0x0000017f5b13f880 points into unknown readable memory: 0x0000000000000000 | 00 00 00 00 00 00 00 00
stack at sp + 7 slots: 0x0000017f00000000 is an unknown value


---------------  P R O C E S S  ---------------

Threads class SMR info:
_java_thread_list=0x0000017f5a3d07c0, length=89, elements={
0x0000017f139abf80, 0x0000017f335d63e0, 0x0000017f335d6eb0, 0x0000017f335ed530,
0x0000017f335ede00, 0x0000017f335ee6d0, 0x0000017f335f13b0, 0x0000017f335f1fb0,
0x0000017f335f4980, 0x0000017f33760780, 0x0000017f3382ea30, 0x0000017f33836f30,
0x0000017f533e9c90, 0x0000017f3378b180, 0x0000017f530b3b80, 0x0000017f534d9680,
0x0000017f534d9f30, 0x0000017f53db6d50, 0x0000017f53a26a50, 0x0000017f53a23cc0,
0x0000017f53a24bf0, 0x0000017f53a246e0, 0x0000017f53a25610, 0x0000017f53a25b20,
0x0000017f53a25100, 0x0000017f53a26030, 0x0000017f53a26540, 0x0000017f53a26f60,
0x0000017f53a237b0, 0x0000017f5468e290, 0x0000017f5468f6d0, 0x0000017f5468fbe0,
0x0000017f54691020, 0x0000017f5468bf20, 0x0000017f5468c940, 0x0000017f546900f0,
0x0000017f5468b500, 0x0000017f5468d870, 0x0000017f54691530, 0x0000017f54690b10,
0x0000017f5468ba10, 0x0000017f54691a40, 0x0000017f54691f50, 0x0000017f54692460,
0x0000017f5468ecb0, 0x0000017f5468ce50, 0x0000017f5468aff0, 0x0000017f54692970,
0x0000017f5468c430, 0x0000017f5468d360, 0x0000017f5468dd80, 0x0000017f5468f1c0,
0x0000017f55c29a70, 0x0000017f55c27c10, 0x0000017f55c24e80, 0x0000017f55c25db0,
0x0000017f55c23f50, 0x0000017f55c29560, 0x0000017f55c24460, 0x0000017f55c24970,
0x0000017f55c23a40, 0x0000017f55c28630, 0x0000017f55c262c0, 0x0000017f55c26ce0,
0x0000017f55c23530, 0x0000017f55c29f80, 0x0000017f55c28120, 0x0000017f55c25390,
0x0000017f55c28b40, 0x0000017f55c258a0, 0x0000017f55c267d0, 0x0000017f55c271f0,
0x0000017f55c2a490, 0x0000017f55c27700, 0x0000017f55c29050, 0x0000017f55c2a9a0,
0x0000017f55e7ff10, 0x0000017f55e7e5c0, 0x0000017f55e81860, 0x0000017f55e7dba0,
0x0000017f55e831b0, 0x0000017f55e82ca0, 0x0000017f55e81d70, 0x0000017f55e7f4f0,
0x0000017f55e82280, 0x0000017f55e7ead0, 0x0000017f55e7fa00, 0x0000017f55e80930,
0x0000017f55e81350
}

Java Threads: ( => current thread )
  0x0000017f139abf80 JavaThread "main" [_thread_blocked, id=744, stack(0x0000006052f00000,0x0000006053000000)]
  0x0000017f335d63e0 JavaThread "Reference Handler" daemon [_thread_blocked, id=13004, stack(0x0000006053600000,0x0000006053700000)]
  0x0000017f335d6eb0 JavaThread "Finalizer" daemon [_thread_blocked, id=2588, stack(0x0000006053700000,0x0000006053800000)]
  0x0000017f335ed530 JavaThread "Signal Dispatcher" daemon [_thread_blocked, id=9928, stack(0x0000006053800000,0x0000006053900000)]
  0x0000017f335ede00 JavaThread "Attach Listener" daemon [_thread_blocked, id=2128, stack(0x0000006053900000,0x0000006053a00000)]
  0x0000017f335ee6d0 JavaThread "Service Thread" daemon [_thread_blocked, id=4092, stack(0x0000006053a00000,0x0000006053b00000)]
  0x0000017f335f13b0 JavaThread "Monitor Deflation Thread" daemon [_thread_blocked, id=7760, stack(0x0000006053b00000,0x0000006053c00000)]
=>0x0000017f335f1fb0 JavaThread "C2 CompilerThread0" daemon [_thread_in_native, id=8208, stack(0x0000006053c00000,0x0000006053d00000)]
  0x0000017f335f4980 JavaThread "C1 CompilerThread0" daemon [_thread_blocked, id=7972, stack(0x0000006053d00000,0x0000006053e00000)]
  0x0000017f33760780 JavaThread "Sweeper thread" daemon [_thread_blocked, id=3992, stack(0x0000006053e00000,0x0000006053f00000)]
  0x0000017f3382ea30 JavaThread "Common-Cleaner" daemon [_thread_blocked, id=3268, stack(0x0000006053f00000,0x0000006054000000)]
  0x0000017f33836f30 JavaThread "Notification Thread" daemon [_thread_blocked, id=6536, stack(0x0000006054000000,0x0000006054100000)]
  0x0000017f533e9c90 JavaThread "Daemon health stats" [_thread_blocked, id=8476, stack(0x0000006054500000,0x0000006054600000)]
  0x0000017f3378b180 JavaThread "Incoming local TCP Connector on port 50320" [_thread_in_native, id=8136, stack(0x0000006054600000,0x0000006054700000)]
  0x0000017f530b3b80 JavaThread "Daemon periodic checks" [_thread_blocked, id=11000, stack(0x0000006054700000,0x0000006054800000)]
  0x0000017f534d9680 JavaThread "Daemon" [_thread_blocked, id=12724, stack(0x0000006054800000,0x0000006054900000)]
  0x0000017f534d9f30 JavaThread "Handler for socket connection from /127.0.0.1:50320 to /127.0.0.1:50321" [_thread_in_native, id=11092, stack(0x0000006054900000,0x0000006054a00000)]
  0x0000017f53db6d50 JavaThread "Cancel handler" [_thread_blocked, id=9980, stack(0x0000006054a00000,0x0000006054b00000)]
  0x0000017f53a26a50 JavaThread "Daemon worker" [_thread_blocked, id=5436, stack(0x0000006054b00000,0x0000006054c00000)]
  0x0000017f53a23cc0 JavaThread "Asynchronous log dispatcher for DefaultDaemonConnection: socket connection from /127.0.0.1:50320 to /127.0.0.1:50321" [_thread_blocked, id=8384, stack(0x0000006054c00000,0x0000006054d00000)]
  0x0000017f53a24bf0 JavaThread "Stdin handler" [_thread_blocked, id=5724, stack(0x0000006054d00000,0x0000006054e00000)]
  0x0000017f53a246e0 JavaThread "Daemon client event forwarder" [_thread_blocked, id=8396, stack(0x0000006054e00000,0x0000006054f00000)]
  0x0000017f53a25610 JavaThread "Cache worker for journal cache (C:\Users\lab_services_student\.gradle\caches\journal-1)" [_thread_blocked, id=12284, stack(0x0000006054f00000,0x0000006055000000)]
  0x0000017f53a25b20 JavaThread "File lock request listener" [_thread_in_native, id=12648, stack(0x0000006055000000,0x0000006055100000)]
  0x0000017f53a25100 JavaThread "Cache worker for file hash cache (C:\Users\lab_services_student\.gradle\caches\7.3.3\fileHashes)" [_thread_blocked, id=7460, stack(0x0000006055100000,0x0000006055200000)]
  0x0000017f53a26030 JavaThread "Cache worker for file hash cache (C:\Users\lab_services_student\Food\Food\android\.gradle\7.3.3\fileHashes)" [_thread_blocked, id=5760, stack(0x0000006055200000,0x0000006055300000)]
  0x0000017f53a26540 JavaThread "File watcher server" daemon [_thread_in_native, id=2860, stack(0x0000006055300000,0x0000006055400000)]
  0x0000017f53a26f60 JavaThread "File watcher consumer" daemon [_thread_blocked, id=10072, stack(0x0000006055400000,0x0000006055500000)]
  0x0000017f53a237b0 JavaThread "Cache worker for checksums cache (C:\Users\lab_services_student\Food\Food\android\.gradle\7.3.3\checksums)" [_thread_blocked, id=6660, stack(0x0000006055500000,0x0000006055600000)]
  0x0000017f5468e290 JavaThread "Cache worker for cache directory md-supplier (C:\Users\lab_services_student\.gradle\caches\7.3.3\md-supplier)" [_thread_blocked, id=7020, stack(0x0000006055600000,0x0000006055700000)]
  0x0000017f5468f6d0 JavaThread "Cache worker for cache directory md-rule (C:\Users\lab_services_student\.gradle\caches\7.3.3\md-rule)" [_thread_blocked, id=7864, stack(0x0000006055700000,0x0000006055800000)]
  0x0000017f5468fbe0 JavaThread "Cache worker for execution history cache (C:\Users\lab_services_student\.gradle\caches\7.3.3\executionHistory)" [_thread_blocked, id=7920, stack(0x0000006055800000,0x0000006055900000)]
  0x0000017f54691020 JavaThread "jar transforms" [_thread_blocked, id=720, stack(0x0000006055a00000,0x0000006055b00000)]
  0x0000017f5468bf20 JavaThread "jar transforms Thread 2" [_thread_blocked, id=9056, stack(0x0000006055900000,0x0000006055a00000)]
  0x0000017f5468c940 JavaThread "Cache worker for file content cache (C:\Users\lab_services_student\.gradle\caches\7.3.3\fileContent)" [_thread_blocked, id=12540, stack(0x0000006055b00000,0x0000006055c00000)]
  0x0000017f546900f0 JavaThread "jar transforms Thread 3" [_thread_blocked, id=3716, stack(0x0000006055c00000,0x0000006055d00000)]
  0x0000017f5468b500 JavaThread "jar transforms Thread 4" [_thread_blocked, id=12104, stack(0x0000006055d00000,0x0000006055e00000)]
  0x0000017f5468d870 JavaThread "Cache worker for kotlin-dsl (C:\Users\lab_services_student\.gradle\caches\7.3.3\kotlin-dsl)" [_thread_blocked, id=6264, stack(0x0000006056100000,0x0000006056200000)]
  0x0000017f54691530 JavaThread "Cache worker for dependencies-accessors (C:\Users\lab_services_student\Food\Food\android\.gradle\7.3.3\dependencies-accessors)" [_thread_blocked, id=7700, stack(0x0000006056200000,0x0000006056300000)]
  0x0000017f54690b10 JavaThread "Cache worker for Build Output Cleanup Cache (C:\Users\lab_services_student\Food\Food\node_modules\react-native-gradle-plugin\.gradle\buildOutputCleanup)" [_thread_blocked, id=11852, stack(0x0000006056000000,0x0000006056100000)]
  0x0000017f5468ba10 JavaThread "Unconstrained build operations" [_thread_blocked, id=3824, stack(0x0000006056300000,0x0000006056400000)]
  0x0000017f54691a40 JavaThread "Unconstrained build operations Thread 2" [_thread_blocked, id=11456, stack(0x0000006056400000,0x0000006056500000)]
  0x0000017f54691f50 JavaThread "Unconstrained build operations Thread 3" [_thread_blocked, id=13140, stack(0x0000006056500000,0x0000006056600000)]
  0x0000017f54692460 JavaThread "Unconstrained build operations Thread 4" [_thread_blocked, id=12112, stack(0x0000006056600000,0x0000006056700000)]
  0x0000017f5468ecb0 JavaThread "Unconstrained build operations Thread 5" [_thread_blocked, id=13092, stack(0x0000006056700000,0x0000006056800000)]
  0x0000017f5468ce50 JavaThread "Unconstrained build operations Thread 6" [_thread_blocked, id=12980, stack(0x0000006056800000,0x0000006056900000)]
  0x0000017f5468aff0 JavaThread "Unconstrained build operations Thread 7" [_thread_blocked, id=1288, stack(0x0000006056900000,0x0000006056a00000)]
  0x0000017f54692970 JavaThread "Unconstrained build operations Thread 8" [_thread_blocked, id=7448, stack(0x0000006056a00000,0x0000006056b00000)]
  0x0000017f5468c430 JavaThread "Unconstrained build operations Thread 9" [_thread_blocked, id=10176, stack(0x0000006056b00000,0x0000006056c00000)]
  0x0000017f5468d360 JavaThread "Unconstrained build operations Thread 10" [_thread_blocked, id=4352, stack(0x0000006056c00000,0x0000006056d00000)]
  0x0000017f5468dd80 JavaThread "Unconstrained build operations Thread 11" [_thread_in_Java, id=5948, stack(0x0000006056d00000,0x0000006056e00000)]
  0x0000017f5468f1c0 JavaThread "Unconstrained build operations Thread 12" [_thread_blocked, id=12156, stack(0x0000006056e00000,0x0000006056f00000)]
  0x0000017f55c29a70 JavaThread "Unconstrained build operations Thread 13" [_thread_blocked, id=12680, stack(0x0000006056f00000,0x0000006057000000)]
  0x0000017f55c27c10 JavaThread "Unconstrained build operations Thread 14" [_thread_blocked, id=11424, stack(0x0000006057000000,0x0000006057100000)]
  0x0000017f55c24e80 JavaThread "Unconstrained build operations Thread 15" [_thread_blocked, id=12884, stack(0x0000006057100000,0x0000006057200000)]
  0x0000017f55c25db0 JavaThread "Unconstrained build operations Thread 16" [_thread_blocked, id=1168, stack(0x0000006057200000,0x0000006057300000)]
  0x0000017f55c23f50 JavaThread "Unconstrained build operations Thread 17" [_thread_blocked, id=12336, stack(0x0000006057300000,0x0000006057400000)]
  0x0000017f55c29560 JavaThread "Unconstrained build operations Thread 18" [_thread_blocked, id=12916, stack(0x0000006057400000,0x0000006057500000)]
  0x0000017f55c24460 JavaThread "Unconstrained build operations Thread 19" [_thread_blocked, id=7000, stack(0x0000006057500000,0x0000006057600000)]
  0x0000017f55c24970 JavaThread "Unconstrained build operations Thread 20" [_thread_blocked, id=13284, stack(0x0000006057600000,0x0000006057700000)]
  0x0000017f55c23a40 JavaThread "Unconstrained build operations Thread 21" [_thread_blocked, id=13112, stack(0x0000006057700000,0x0000006057800000)]
  0x0000017f55c28630 JavaThread "Unconstrained build operations Thread 22" [_thread_blocked, id=10200, stack(0x0000006057800000,0x0000006057900000)]
  0x0000017f55c262c0 JavaThread "Unconstrained build operations Thread 23" [_thread_blocked, id=4736, stack(0x0000006057900000,0x0000006057a00000)]
  0x0000017f55c26ce0 JavaThread "Unconstrained build operations Thread 24" [_thread_blocked, id=11808, stack(0x0000006057a00000,0x0000006057b00000)]
  0x0000017f55c23530 JavaThread "Unconstrained build operations Thread 25" [_thread_blocked, id=6388, stack(0x0000006057b00000,0x0000006057c00000)]
  0x0000017f55c29f80 JavaThread "Unconstrained build operations Thread 26" [_thread_blocked, id=6392, stack(0x0000006057c00000,0x0000006057d00000)]
  0x0000017f55c28120 JavaThread "Unconstrained build operations Thread 27" [_thread_blocked, id=11856, stack(0x0000006057d00000,0x0000006057e00000)]
  0x0000017f55c25390 JavaThread "Unconstrained build operations Thread 28" [_thread_blocked, id=10744, stack(0x0000006057e00000,0x0000006057f00000)]
  0x0000017f55c28b40 JavaThread "Unconstrained build operations Thread 29" [_thread_blocked, id=4696, stack(0x0000006057f00000,0x0000006058000000)]
  0x0000017f55c258a0 JavaThread "Unconstrained build operations Thread 30" [_thread_blocked, id=12908, stack(0x0000006058000000,0x0000006058100000)]
  0x0000017f55c267d0 JavaThread "Unconstrained build operations Thread 31" [_thread_blocked, id=8864, stack(0x0000006058100000,0x0000006058200000)]
  0x0000017f55c271f0 JavaThread "Unconstrained build operations Thread 32" [_thread_blocked, id=8916, stack(0x0000006058200000,0x0000006058300000)]
  0x0000017f55c2a490 JavaThread "Unconstrained build operations Thread 33" [_thread_blocked, id=10584, stack(0x0000006058300000,0x0000006058400000)]
  0x0000017f55c27700 JavaThread "build event listener" [_thread_blocked, id=1832, stack(0x0000006058400000,0x0000006058500000)]
  0x0000017f55c29050 JavaThread "Memory manager" [_thread_blocked, id=3556, stack(0x0000006058500000,0x0000006058600000)]
  0x0000017f55c2a9a0 JavaThread "Cache worker for Build Output Cleanup Cache (C:\Users\lab_services_student\Food\Food\android\.gradle\buildOutputCleanup)" [_thread_blocked, id=992, stack(0x0000006052c00000,0x0000006052d00000)]
  0x0000017f55e7ff10 JavaThread "included builds" [_thread_blocked, id=7428, stack(0x0000006052e00000,0x0000006052f00000)]
  0x0000017f55e7e5c0 JavaThread "Cache worker for execution history cache (C:\Users\lab_services_student\Food\Food\node_modules\react-native-gradle-plugin\.gradle\7.3.3\executionHistory)" [_thread_blocked, id=7868, stack(0x0000006058900000,0x0000006058a00000)]
  0x0000017f55e81860 JavaThread "Unconstrained build operations Thread 34" [_thread_blocked, id=13188, stack(0x0000006058a00000,0x0000006058b00000)]
  0x0000017f55e7dba0 JavaThread "Unconstrained build operations Thread 35" [_thread_blocked, id=8680, stack(0x0000006058b00000,0x0000006058c00000)]
  0x0000017f55e831b0 JavaThread "Unconstrained build operations Thread 36" [_thread_blocked, id=2364, stack(0x0000006058c00000,0x0000006058d00000)]
  0x0000017f55e82ca0 JavaThread "Unconstrained build operations Thread 37" [_thread_blocked, id=13088, stack(0x0000006058d00000,0x0000006058e00000)]
  0x0000017f55e81d70 JavaThread "Unconstrained build operations Thread 38" [_thread_in_native, id=13076, stack(0x0000006058e00000,0x0000006058f00000)]
  0x0000017f55e7f4f0 JavaThread "Unconstrained build operations Thread 39" [_thread_blocked, id=12788, stack(0x0000006058f00000,0x0000006059000000)]
  0x0000017f55e82280 JavaThread "Unconstrained build operations Thread 40" [_thread_blocked, id=10344, stack(0x0000006059000000,0x0000006059100000)]
  0x0000017f55e7ead0 JavaThread "Execution worker for ':'" [_thread_blocked, id=1708, stack(0x0000006058700000,0x0000006058800000)]
  0x0000017f55e7fa00 JavaThread "Execution worker for ':' Thread 2" [_thread_blocked, id=5924, stack(0x0000006058800000,0x0000006058900000)]
  0x0000017f55e80930 JavaThread "Execution worker for ':' Thread 3" [_thread_blocked, id=5220, stack(0x0000006059100000,0x0000006059200000)]
  0x0000017f55e81350 JavaThread "Cache worker for execution history cache (C:\Users\lab_services_student\Food\Food\android\.gradle\7.3.3\executionHistory)" [_thread_blocked, id=1724, stack(0x0000006059200000,0x0000006059300000)]

Other Threads:
  0x0000017f335d3290 VMThread "VM Thread" [stack: 0x0000006053500000,0x0000006053600000] [id=9624]
  0x0000017f15a454c0 WatcherThread [stack: 0x0000006054100000,0x0000006054200000] [id=8740]
  0x0000017f15a2af30 GCTaskThread "GC Thread#0" [stack: 0x0000006053000000,0x0000006053100000] [id=12740]
  0x0000017f533ed300 GCTaskThread "GC Thread#1" [stack: 0x0000006054200000,0x0000006054300000] [id=1820]
  0x0000017f5362e860 GCTaskThread "GC Thread#2" [stack: 0x0000006054300000,0x0000006054400000] [id=9904]
  0x0000017f338516c0 GCTaskThread "GC Thread#3" [stack: 0x0000006054400000,0x0000006054500000] [id=7136]
  0x0000017f15a3bd90 ConcurrentGCThread "G1 Main Marker" [stack: 0x0000006053100000,0x0000006053200000] [id=6504]
  0x0000017f15a3c6b0 ConcurrentGCThread "G1 Conc#0" [stack: 0x0000006053200000,0x0000006053300000] [id=8404]
  0x0000017f3348c540 ConcurrentGCThread "G1 Refine#0" [stack: 0x0000006053300000,0x0000006053400000] [id=6736]
  0x0000017f3348cd80 ConcurrentGCThread "G1 Service" [stack: 0x0000006053400000,0x0000006053500000] [id=4760]

Threads with active compile tasks:
C2 CompilerThread0   106161 13860   !   4       org.gradle.cache.internal.DefaultMultiProcessSafePersistentIndexedCache::getIfPresent (25 bytes)

VM state: not at safepoint (normal execution)

VM Mutex/Monitor currently owned by a thread: None

Heap address: 0x0000000080000000, size: 2048 MB, Compressed Oops mode: 32-bit

CDS archive(s) mapped at: [0x0000017f34000000-0x0000017f34bd0000-0x0000017f34bd0000), size 12386304, SharedBaseAddress: 0x0000017f34000000, ArchiveRelocationMode: 1.
Compressed class space mapped at: 0x0000017f35000000-0x0000017f4f000000, reserved size: 436207616
Narrow klass base: 0x0000017f34000000, Narrow klass shift: 0, Narrow klass range: 0x100000000

GC Precious Log:
 CPUs: 4 total, 4 available
 Memory: 16382M
 Large Page Support: Disabled
 NUMA Support: Disabled
 Compressed Oops: Enabled (32-bit)
 Heap Region Size: 1M
 Heap Min Capacity: 8M
 Heap Initial Capacity: 256M
 Heap Max Capacity: 2G
 Pre-touch: Disabled
 Parallel Workers: 4
 Concurrent Workers: 1
 Concurrent Refinement Workers: 4
 Periodic GC: Disabled

Heap:
 garbage-first heap   total 256000K, used 175631K [0x0000000080000000, 0x0000000100000000)
  region size 1024K, 33 young (33792K), 1 survivors (1024K)
 Metaspace       used 98422K, committed 99392K, reserved 557056K
  class space    used 13377K, committed 13824K, reserved 425984K

Heap Regions: E=young(eden), S=young(survivor), O=old, HS=humongous(starts), HC=humongous(continues), CS=collection set, F=free, OA=open archive, CA=closed archive, TAMS=top-at-mark-start (previous, next)
|   0|0x0000000080000000, 0x0000000080100000, 0x0000000080100000|100%|HS|  |TAMS 0x0000000080100000, 0x0000000080000000| Complete 
|   1|0x0000000080100000, 0x0000000080200000, 0x0000000080200000|100%|HC|  |TAMS 0x0000000080200000, 0x0000000080100000| Complete 
|   2|0x0000000080200000, 0x0000000080300000, 0x0000000080300000|100%|HC|  |TAMS 0x0000000080300000, 0x0000000080200000| Complete 
|   3|0x0000000080300000, 0x0000000080400000, 0x0000000080400000|100%| O|  |TAMS 0x0000000080400000, 0x0000000080300000| Untracked 
|   4|0x0000000080400000, 0x0000000080500000, 0x0000000080500000|100%| O|  |TAMS 0x0000000080500000, 0x0000000080400000| Untracked 
|   5|0x0000000080500000, 0x0000000080600000, 0x0000000080600000|100%| O|  |TAMS 0x0000000080600000, 0x0000000080500000| Untracked 
|   6|0x0000000080600000, 0x0000000080700000, 0x0000000080700000|100%| O|  |TAMS 0x0000000080700000, 0x0000000080600000| Untracked 
|   7|0x0000000080700000, 0x0000000080800000, 0x0000000080800000|100%| O|  |TAMS 0x0000000080800000, 0x0000000080700000| Untracked 
|   8|0x0000000080800000, 0x0000000080900000, 0x0000000080900000|100%| O|  |TAMS 0x0000000080900000, 0x0000000080800000| Untracked 
|   9|0x0000000080900000, 0x0000000080a00000, 0x0000000080a00000|100%| O|  |TAMS 0x0000000080a00000, 0x0000000080900000| Untracked 
|  10|0x0000000080a00000, 0x0000000080b00000, 0x0000000080b00000|100%| O|  |TAMS 0x0000000080b00000, 0x0000000080a00000| Untracked 
|  11|0x0000000080b00000, 0x0000000080c00000, 0x0000000080c00000|100%| O|  |TAMS 0x0000000080c00000, 0x0000000080b00000| Untracked 
|  12|0x0000000080c00000, 0x0000000080d00000, 0x0000000080d00000|100%| O|  |TAMS 0x0000000080d00000, 0x0000000080c00000| Untracked 
|  13|0x0000000080d00000, 0x0000000080e00000, 0x0000000080e00000|100%| O|  |TAMS 0x0000000080e00000, 0x0000000080d00000| Untracked 
|  14|0x0000000080e00000, 0x0000000080f00000, 0x0000000080f00000|100%| O|  |TAMS 0x0000000080f00000, 0x0000000080e00000| Untracked 
|  15|0x0000000080f00000, 0x0000000081000000, 0x0000000081000000|100%| O|  |TAMS 0x0000000081000000, 0x0000000080f00000| Untracked 
|  16|0x0000000081000000, 0x0000000081100000, 0x0000000081100000|100%| O|  |TAMS 0x0000000081100000, 0x0000000081000000| Untracked 
|  17|0x0000000081100000, 0x0000000081200000, 0x0000000081200000|100%| O|  |TAMS 0x0000000081200000, 0x0000000081100000| Untracked 
|  18|0x0000000081200000, 0x0000000081300000, 0x0000000081300000|100%| O|  |TAMS 0x0000000081300000, 0x0000000081200000| Untracked 
|  19|0x0000000081300000, 0x0000000081400000, 0x0000000081400000|100%| O|  |TAMS 0x0000000081400000, 0x0000000081300000| Untracked 
|  20|0x0000000081400000, 0x0000000081500000, 0x0000000081500000|100%| O|  |TAMS 0x0000000081500000, 0x0000000081400000| Untracked 
|  21|0x0000000081500000, 0x0000000081600000, 0x0000000081600000|100%| O|  |TAMS 0x0000000081600000, 0x0000000081500000| Untracked 
|  22|0x0000000081600000, 0x0000000081700000, 0x0000000081700000|100%| O|  |TAMS 0x0000000081700000, 0x0000000081600000| Untracked 
|  23|0x0000000081700000, 0x0000000081800000, 0x0000000081800000|100%| O|  |TAMS 0x0000000081800000, 0x0000000081700000| Untracked 
|  24|0x0000000081800000, 0x0000000081900000, 0x0000000081900000|100%|HS|  |TAMS 0x0000000081900000, 0x0000000081800000| Complete 
|  25|0x0000000081900000, 0x0000000081a00000, 0x0000000081a00000|100%| O|  |TAMS 0x0000000081a00000, 0x0000000081900000| Untracked 
|  26|0x0000000081a00000, 0x0000000081b00000, 0x0000000081b00000|100%| O|  |TAMS 0x0000000081b00000, 0x0000000081a00000| Untracked 
|  27|0x0000000081b00000, 0x0000000081c00000, 0x0000000081c00000|100%| O|  |TAMS 0x0000000081c00000, 0x0000000081b00000| Untracked 
|  28|0x0000000081c00000, 0x0000000081d00000, 0x0000000081d00000|100%|HS|  |TAMS 0x0000000081d00000, 0x0000000081c00000| Complete 
|  29|0x0000000081d00000, 0x0000000081e00000, 0x0000000081e00000|100%| O|  |TAMS 0x0000000081e00000, 0x0000000081d00000| Untracked 
|  30|0x0000000081e00000, 0x0000000081f00000, 0x0000000081f00000|100%| O|  |TAMS 0x0000000081f00000, 0x0000000081e00000| Untracked 
|  31|0x0000000081f00000, 0x0000000082000000, 0x0000000082000000|100%| O|  |TAMS 0x0000000082000000, 0x0000000081f00000| Untracked 
|  32|0x0000000082000000, 0x0000000082100000, 0x0000000082100000|100%|HS|  |TAMS 0x0000000082100000, 0x0000000082000000| Complete 
|  33|0x0000000082100000, 0x0000000082200000, 0x0000000082200000|100%|HC|  |TAMS 0x0000000082200000, 0x0000000082100000| Complete 
|  34|0x0000000082200000, 0x0000000082300000, 0x0000000082300000|100%|HC|  |TAMS 0x0000000082300000, 0x0000000082200000| Complete 
|  35|0x0000000082300000, 0x0000000082400000, 0x0000000082400000|100%| O|  |TAMS 0x0000000082400000, 0x0000000082300000| Untracked 
|  36|0x0000000082400000, 0x0000000082500000, 0x0000000082500000|100%| O|  |TAMS 0x0000000082500000, 0x0000000082400000| Untracked 
|  37|0x0000000082500000, 0x0000000082600000, 0x0000000082600000|100%| O|  |TAMS 0x0000000082600000, 0x0000000082500000| Untracked 
|  38|0x0000000082600000, 0x0000000082700000, 0x0000000082700000|100%| O|  |TAMS 0x0000000082700000, 0x0000000082600000| Untracked 
|  39|0x0000000082700000, 0x0000000082800000, 0x0000000082800000|100%| O|  |TAMS 0x0000000082800000, 0x0000000082700000| Untracked 
|  40|0x0000000082800000, 0x0000000082900000, 0x0000000082900000|100%| O|  |TAMS 0x0000000082900000, 0x0000000082800000| Untracked 
|  41|0x0000000082900000, 0x0000000082a00000, 0x0000000082a00000|100%| O|  |TAMS 0x0000000082a00000, 0x0000000082900000| Untracked 
|  42|0x0000000082a00000, 0x0000000082b00000, 0x0000000082b00000|100%| O|  |TAMS 0x0000000082b00000, 0x0000000082a00000| Untracked 
|  43|0x0000000082b00000, 0x0000000082c00000, 0x0000000082c00000|100%| O|  |TAMS 0x0000000082c00000, 0x0000000082b00000| Untracked 
|  44|0x0000000082c00000, 0x0000000082d00000, 0x0000000082d00000|100%| O|  |TAMS 0x0000000082d00000, 0x0000000082c00000| Untracked 
|  45|0x0000000082d00000, 0x0000000082e00000, 0x0000000082e00000|100%| O|  |TAMS 0x0000000082e00000, 0x0000000082d00000| Untracked 
|  46|0x0000000082e00000, 0x0000000082f00000, 0x0000000082f00000|100%| O|  |TAMS 0x0000000082f00000, 0x0000000082e00000| Untracked 
|  47|0x0000000082f00000, 0x0000000083000000, 0x0000000083000000|100%| O|  |TAMS 0x0000000083000000, 0x0000000082f00000| Untracked 
|  48|0x0000000083000000, 0x0000000083100000, 0x0000000083100000|100%| O|  |TAMS 0x0000000083100000, 0x0000000083000000| Untracked 
|  49|0x0000000083100000, 0x0000000083200000, 0x0000000083200000|100%| O|  |TAMS 0x0000000083200000, 0x0000000083100000| Untracked 
|  50|0x0000000083200000, 0x0000000083300000, 0x0000000083300000|100%|HS|  |TAMS 0x0000000083300000, 0x0000000083200000| Complete 
|  51|0x0000000083300000, 0x0000000083400000, 0x0000000083400000|100%| O|  |TAMS 0x0000000083400000, 0x0000000083300000| Untracked 
|  52|0x0000000083400000, 0x0000000083500000, 0x0000000083500000|100%| O|  |TAMS 0x0000000083500000, 0x0000000083400000| Untracked 
|  53|0x0000000083500000, 0x0000000083600000, 0x0000000083600000|100%|HS|  |TAMS 0x0000000083600000, 0x0000000083500000| Complete 
|  54|0x0000000083600000, 0x0000000083700000, 0x0000000083700000|100%| O|  |TAMS 0x0000000083700000, 0x0000000083600000| Untracked 
|  55|0x0000000083700000, 0x0000000083800000, 0x0000000083800000|100%| O|  |TAMS 0x0000000083800000, 0x0000000083700000| Untracked 
|  56|0x0000000083800000, 0x0000000083900000, 0x0000000083900000|100%| O|  |TAMS 0x0000000083900000, 0x0000000083800000| Untracked 
|  57|0x0000000083900000, 0x0000000083a00000, 0x0000000083a00000|100%|HS|  |TAMS 0x0000000083a00000, 0x0000000083900000| Complete 
|  58|0x0000000083a00000, 0x0000000083b00000, 0x0000000083b00000|100%|HC|  |TAMS 0x0000000083b00000, 0x0000000083a00000| Complete 
|  59|0x0000000083b00000, 0x0000000083c00000, 0x0000000083c00000|100%| O|  |TAMS 0x0000000083c00000, 0x0000000083b00000| Untracked 
|  60|0x0000000083c00000, 0x0000000083d00000, 0x0000000083d00000|100%| O|  |TAMS 0x0000000083d00000, 0x0000000083c00000| Untracked 
|  61|0x0000000083d00000, 0x0000000083e00000, 0x0000000083e00000|100%| O|  |TAMS 0x0000000083e00000, 0x0000000083d00000| Untracked 
|  62|0x0000000083e00000, 0x0000000083f00000, 0x0000000083f00000|100%| O|  |TAMS 0x0000000083f00000, 0x0000000083e00000| Untracked 
|  63|0x0000000083f00000, 0x0000000084000000, 0x0000000084000000|100%| O|  |TAMS 0x0000000084000000, 0x0000000083f00000| Untracked 
|  64|0x0000000084000000, 0x0000000084100000, 0x0000000084100000|100%| O|  |TAMS 0x0000000084100000, 0x0000000084000000| Untracked 
|  65|0x0000000084100000, 0x0000000084200000, 0x0000000084200000|100%| O|  |TAMS 0x0000000084200000, 0x0000000084100000| Untracked 
|  66|0x0000000084200000, 0x0000000084300000, 0x0000000084300000|100%| O|  |TAMS 0x0000000084300000, 0x0000000084200000| Untracked 
|  67|0x0000000084300000, 0x0000000084400000, 0x0000000084400000|100%| O|  |TAMS 0x0000000084400000, 0x0000000084300000| Untracked 
|  68|0x0000000084400000, 0x0000000084500000, 0x0000000084500000|100%| O|  |TAMS 0x0000000084500000, 0x0000000084400000| Untracked 
|  69|0x0000000084500000, 0x0000000084600000, 0x0000000084600000|100%| O|  |TAMS 0x0000000084600000, 0x0000000084500000| Untracked 
|  70|0x0000000084600000, 0x0000000084700000, 0x0000000084700000|100%| O|  |TAMS 0x0000000084700000, 0x0000000084600000| Untracked 
|  71|0x0000000084700000, 0x0000000084800000, 0x0000000084800000|100%| O|  |TAMS 0x0000000084800000, 0x0000000084700000| Untracked 
|  72|0x0000000084800000, 0x0000000084900000, 0x0000000084900000|100%| O|  |TAMS 0x0000000084900000, 0x0000000084800000| Untracked 
|  73|0x0000000084900000, 0x0000000084a00000, 0x0000000084a00000|100%| O|  |TAMS 0x0000000084a00000, 0x0000000084900000| Untracked 
|  74|0x0000000084a00000, 0x0000000084b00000, 0x0000000084b00000|100%| O|  |TAMS 0x0000000084b00000, 0x0000000084a00000| Untracked 
|  75|0x0000000084b00000, 0x0000000084c00000, 0x0000000084c00000|100%| O|  |TAMS 0x0000000084c00000, 0x0000000084b00000| Untracked 
|  76|0x0000000084c00000, 0x0000000084d00000, 0x0000000084d00000|100%| O|  |TAMS 0x0000000084d00000, 0x0000000084c00000| Untracked 
|  77|0x0000000084d00000, 0x0000000084e00000, 0x0000000084e00000|100%| O|  |TAMS 0x0000000084e00000, 0x0000000084d00000| Untracked 
|  78|0x0000000084e00000, 0x0000000084f00000, 0x0000000084f00000|100%| O|  |TAMS 0x0000000084f00000, 0x0000000084e00000| Untracked 
|  79|0x0000000084f00000, 0x0000000085000000, 0x0000000085000000|100%| O|  |TAMS 0x0000000085000000, 0x0000000084f00000| Untracked 
|  80|0x0000000085000000, 0x0000000085100000, 0x0000000085100000|100%| O|  |TAMS 0x0000000085100000, 0x0000000085000000| Untracked 
|  81|0x0000000085100000, 0x0000000085200000, 0x0000000085200000|100%|HS|  |TAMS 0x0000000085200000, 0x0000000085100000| Complete 
|  82|0x0000000085200000, 0x0000000085300000, 0x0000000085300000|100%|HS|  |TAMS 0x0000000085300000, 0x0000000085200000| Complete 
|  83|0x0000000085300000, 0x0000000085400000, 0x0000000085400000|100%| O|  |TAMS 0x0000000085400000, 0x0000000085300000| Untracked 
|  84|0x0000000085400000, 0x0000000085500000, 0x0000000085500000|100%| O|  |TAMS 0x0000000085500000, 0x0000000085400000| Untracked 
|  85|0x0000000085500000, 0x0000000085600000, 0x0000000085600000|100%| O|  |TAMS 0x0000000085600000, 0x0000000085500000| Untracked 
|  86|0x0000000085600000, 0x0000000085700000, 0x0000000085700000|100%| O|  |TAMS 0x0000000085700000, 0x0000000085600000| Untracked 
|  87|0x0000000085700000, 0x0000000085800000, 0x0000000085800000|100%| O|  |TAMS 0x0000000085800000, 0x0000000085700000| Untracked 
|  88|0x0000000085800000, 0x0000000085900000, 0x0000000085900000|100%| O|  |TAMS 0x0000000085900000, 0x0000000085800000| Untracked 
|  89|0x0000000085900000, 0x0000000085a00000, 0x0000000085a00000|100%| O|  |TAMS 0x0000000085a00000, 0x0000000085900000| Untracked 
|  90|0x0000000085a00000, 0x0000000085b00000, 0x0000000085b00000|100%|HS|  |TAMS 0x0000000085b00000, 0x0000000085a00000| Complete 
|  91|0x0000000085b00000, 0x0000000085c00000, 0x0000000085c00000|100%|HS|  |TAMS 0x0000000085c00000, 0x0000000085b00000| Complete 
|  92|0x0000000085c00000, 0x0000000085d00000, 0x0000000085d00000|100%|HS|  |TAMS 0x0000000085d00000, 0x0000000085c00000| Complete 
|  93|0x0000000085d00000, 0x0000000085e00000, 0x0000000085e00000|100%|HS|  |TAMS 0x0000000085e00000, 0x0000000085d00000| Complete 
|  94|0x0000000085e00000, 0x0000000085f00000, 0x0000000085f00000|100%|HC|  |TAMS 0x0000000085f00000, 0x0000000085e00000| Complete 
|  95|0x0000000085f00000, 0x0000000086000000, 0x0000000086000000|100%|HC|  |TAMS 0x0000000086000000, 0x0000000085f00000| Complete 
|  96|0x0000000086000000, 0x0000000086100000, 0x0000000086100000|100%| O|  |TAMS 0x0000000086100000, 0x0000000086000000| Untracked 
|  97|0x0000000086100000, 0x0000000086200000, 0x0000000086200000|100%| O|  |TAMS 0x0000000086200000, 0x0000000086100000| Untracked 
|  98|0x0000000086200000, 0x0000000086200000, 0x0000000086300000|  0%| F|  |TAMS 0x0000000086200000, 0x0000000086200000| Untracked 
|  99|0x0000000086300000, 0x0000000086400000, 0x0000000086400000|100%| O|  |TAMS 0x0000000086400000, 0x0000000086300000| Untracked 
| 100|0x0000000086400000, 0x0000000086500000, 0x0000000086500000|100%| O|  |TAMS 0x0000000086500000, 0x0000000086400000| Untracked 
| 101|0x0000000086500000, 0x0000000086600000, 0x0000000086600000|100%| O|  |TAMS 0x0000000086600000, 0x0000000086500000| Untracked 
| 102|0x0000000086600000, 0x0000000086700000, 0x0000000086700000|100%| O|  |TAMS 0x0000000086700000, 0x0000000086600000| Untracked 
| 103|0x0000000086700000, 0x0000000086800000, 0x0000000086800000|100%| O|  |TAMS 0x0000000086800000, 0x0000000086700000| Untracked 
| 104|0x0000000086800000, 0x0000000086900000, 0x0000000086900000|100%| O|  |TAMS 0x0000000086900000, 0x0000000086800000| Untracked 
| 105|0x0000000086900000, 0x0000000086a00000, 0x0000000086a00000|100%| O|  |TAMS 0x0000000086a00000, 0x0000000086900000| Untracked 
| 106|0x0000000086a00000, 0x0000000086b00000, 0x0000000086b00000|100%|HS|  |TAMS 0x0000000086b00000, 0x0000000086a00000| Complete 
| 107|0x0000000086b00000, 0x0000000086c00000, 0x0000000086c00000|100%|HC|  |TAMS 0x0000000086c00000, 0x0000000086b00000| Complete 
| 108|0x0000000086c00000, 0x0000000086d00000, 0x0000000086d00000|100%|HS|  |TAMS 0x0000000086d00000, 0x0000000086c00000| Complete 
| 109|0x0000000086d00000, 0x0000000086e00000, 0x0000000086e00000|100%|HC|  |TAMS 0x0000000086e00000, 0x0000000086d00000| Complete 
| 110|0x0000000086e00000, 0x0000000086f00000, 0x0000000086f00000|100%|HC|  |TAMS 0x0000000086f00000, 0x0000000086e00000| Complete 
| 111|0x0000000086f00000, 0x0000000087000000, 0x0000000087000000|100%|HC|  |TAMS 0x0000000087000000, 0x0000000086f00000| Complete 
| 112|0x0000000087000000, 0x0000000087100000, 0x0000000087100000|100%| O|  |TAMS 0x0000000087100000, 0x0000000087000000| Untracked 
| 113|0x0000000087100000, 0x0000000087200000, 0x0000000087200000|100%| O|  |TAMS 0x0000000087200000, 0x0000000087100000| Untracked 
| 114|0x0000000087200000, 0x0000000087300000, 0x0000000087300000|100%| O|  |TAMS 0x0000000087300000, 0x0000000087200000| Untracked 
| 115|0x0000000087300000, 0x0000000087400000, 0x0000000087400000|100%| O|  |TAMS 0x0000000087400000, 0x0000000087300000| Untracked 
| 116|0x0000000087400000, 0x0000000087500000, 0x0000000087500000|100%| O|  |TAMS 0x0000000087500000, 0x0000000087400000| Untracked 
| 117|0x0000000087500000, 0x0000000087600000, 0x0000000087600000|100%| O|  |TAMS 0x0000000087600000, 0x0000000087500000| Untracked 
| 118|0x0000000087600000, 0x0000000087700000, 0x0000000087700000|100%| O|  |TAMS 0x0000000087700000, 0x0000000087600000| Untracked 
| 119|0x0000000087700000, 0x0000000087800000, 0x0000000087800000|100%| O|  |TAMS 0x0000000087800000, 0x0000000087700000| Untracked 
| 120|0x0000000087800000, 0x0000000087900000, 0x0000000087900000|100%| O|  |TAMS 0x0000000087900000, 0x0000000087800000| Untracked 
| 121|0x0000000087900000, 0x0000000087a00000, 0x0000000087a00000|100%| O|  |TAMS 0x0000000087a00000, 0x0000000087900000| Untracked 
| 122|0x0000000087a00000, 0x0000000087b00000, 0x0000000087b00000|100%| O|  |TAMS 0x0000000087b00000, 0x0000000087a00000| Untracked 
| 123|0x0000000087b00000, 0x0000000087c00000, 0x0000000087c00000|100%| O|  |TAMS 0x0000000087c00000, 0x0000000087b00000| Untracked 
| 124|0x0000000087c00000, 0x0000000087d00000, 0x0000000087d00000|100%| O|  |TAMS 0x0000000087d00000, 0x0000000087c00000| Untracked 
| 125|0x0000000087d00000, 0x0000000087e00000, 0x0000000087e00000|100%| O|  |TAMS 0x0000000087e00000, 0x0000000087d00000| Untracked 
| 126|0x0000000087e00000, 0x0000000087f00000, 0x0000000087f00000|100%| O|  |TAMS 0x0000000087f00000, 0x0000000087e00000| Untracked 
| 127|0x0000000087f00000, 0x0000000088000000, 0x0000000088000000|100%| O|  |TAMS 0x0000000088000000, 0x0000000087f00000| Untracked 
| 128|0x0000000088000000, 0x0000000088100000, 0x0000000088100000|100%| O|  |TAMS 0x0000000088100000, 0x0000000088000000| Untracked 
| 129|0x0000000088100000, 0x0000000088200000, 0x0000000088200000|100%| O|  |TAMS 0x0000000088200000, 0x0000000088100000| Untracked 
| 130|0x0000000088200000, 0x0000000088300000, 0x0000000088300000|100%| O|  |TAMS 0x000000008821da00, 0x0000000088200000| Untracked 
| 131|0x0000000088300000, 0x0000000088400000, 0x0000000088400000|100%| O|  |TAMS 0x0000000088300000, 0x0000000088300000| Untracked 
| 132|0x0000000088400000, 0x0000000088500000, 0x0000000088500000|100%| O|  |TAMS 0x0000000088400000, 0x0000000088400000| Untracked 
| 133|0x0000000088500000, 0x0000000088600000, 0x0000000088600000|100%| O|  |TAMS 0x0000000088500000, 0x0000000088500000| Untracked 
| 134|0x0000000088600000, 0x0000000088700000, 0x0000000088700000|100%| O|  |TAMS 0x0000000088600000, 0x0000000088600000| Untracked 
| 135|0x0000000088700000, 0x0000000088800000, 0x0000000088800000|100%| O|  |TAMS 0x0000000088700000, 0x0000000088700000| Untracked 
| 136|0x0000000088800000, 0x0000000088900000, 0x0000000088900000|100%| O|  |TAMS 0x0000000088800000, 0x0000000088800000| Untracked 
| 137|0x0000000088900000, 0x0000000088a00000, 0x0000000088a00000|100%| O|  |TAMS 0x0000000088900000, 0x0000000088900000| Untracked 
| 138|0x0000000088a00000, 0x0000000088b00000, 0x0000000088b00000|100%| O|  |TAMS 0x0000000088a00000, 0x0000000088a00000| Untracked 
| 139|0x0000000088b00000, 0x0000000088c00000, 0x0000000088c00000|100%| O|  |TAMS 0x0000000088b00000, 0x0000000088b00000| Untracked 
| 140|0x0000000088c00000, 0x0000000088d00000, 0x0000000088d00000|100%| O|  |TAMS 0x0000000088c00000, 0x0000000088c00000| Untracked 
| 141|0x0000000088d00000, 0x0000000088da6600, 0x0000000088e00000| 64%| O|  |TAMS 0x0000000088d00000, 0x0000000088d00000| Untracked 
| 142|0x0000000088e00000, 0x0000000088e00000, 0x0000000088f00000|  0%| F|  |TAMS 0x0000000088e00000, 0x0000000088e00000| Untracked 
| 143|0x0000000088f00000, 0x0000000088f00000, 0x0000000089000000|  0%| F|  |TAMS 0x0000000088f00000, 0x0000000088f00000| Untracked 
| 144|0x0000000089000000, 0x0000000089000000, 0x0000000089100000|  0%| F|  |TAMS 0x0000000089000000, 0x0000000089000000| Untracked 
| 145|0x0000000089100000, 0x0000000089100000, 0x0000000089200000|  0%| F|  |TAMS 0x0000000089100000, 0x0000000089100000| Untracked 
| 146|0x0000000089200000, 0x0000000089200000, 0x0000000089300000|  0%| F|  |TAMS 0x0000000089200000, 0x0000000089200000| Untracked 
| 147|0x0000000089300000, 0x0000000089300000, 0x0000000089400000|  0%| F|  |TAMS 0x0000000089300000, 0x0000000089300000| Untracked 
| 148|0x0000000089400000, 0x0000000089400000, 0x0000000089500000|  0%| F|  |TAMS 0x0000000089400000, 0x0000000089400000| Untracked 
| 149|0x0000000089500000, 0x0000000089500000, 0x0000000089600000|  0%| F|  |TAMS 0x0000000089500000, 0x0000000089500000| Untracked 
| 150|0x0000000089600000, 0x0000000089600000, 0x0000000089700000|  0%| F|  |TAMS 0x0000000089600000, 0x0000000089600000| Untracked 
| 151|0x0000000089700000, 0x0000000089700000, 0x0000000089800000|  0%| F|  |TAMS 0x0000000089700000, 0x0000000089700000| Untracked 
| 152|0x0000000089800000, 0x0000000089800000, 0x0000000089900000|  0%| F|  |TAMS 0x0000000089800000, 0x0000000089800000| Untracked 
| 153|0x0000000089900000, 0x0000000089900000, 0x0000000089a00000|  0%| F|  |TAMS 0x0000000089900000, 0x0000000089900000| Untracked 
| 154|0x0000000089a00000, 0x0000000089a00000, 0x0000000089b00000|  0%| F|  |TAMS 0x0000000089a00000, 0x0000000089a00000| Untracked 
| 155|0x0000000089b00000, 0x0000000089b00000, 0x0000000089c00000|  0%| F|  |TAMS 0x0000000089b00000, 0x0000000089b00000| Untracked 
| 156|0x0000000089c00000, 0x0000000089c00000, 0x0000000089d00000|  0%| F|  |TAMS 0x0000000089c00000, 0x0000000089c00000| Untracked 
| 157|0x0000000089d00000, 0x0000000089d00000, 0x0000000089e00000|  0%| F|  |TAMS 0x0000000089d00000, 0x0000000089d00000| Untracked 
| 158|0x0000000089e00000, 0x0000000089e00000, 0x0000000089f00000|  0%| F|  |TAMS 0x0000000089e00000, 0x0000000089e00000| Untracked 
| 159|0x0000000089f00000, 0x0000000089f00000, 0x000000008a000000|  0%| F|  |TAMS 0x0000000089f00000, 0x0000000089f00000| Untracked 
| 160|0x000000008a000000, 0x000000008a000000, 0x000000008a100000|  0%| F|  |TAMS 0x000000008a000000, 0x000000008a000000| Untracked 
| 161|0x000000008a100000, 0x000000008a100000, 0x000000008a200000|  0%| F|  |TAMS 0x000000008a100000, 0x000000008a100000| Untracked 
| 162|0x000000008a200000, 0x000000008a200000, 0x000000008a300000|  0%| F|  |TAMS 0x000000008a200000, 0x000000008a200000| Untracked 
| 163|0x000000008a300000, 0x000000008a300000, 0x000000008a400000|  0%| F|  |TAMS 0x000000008a300000, 0x000000008a300000| Untracked 
| 164|0x000000008a400000, 0x000000008a400000, 0x000000008a500000|  0%| F|  |TAMS 0x000000008a400000, 0x000000008a400000| Untracked 
| 165|0x000000008a500000, 0x000000008a500000, 0x000000008a600000|  0%| F|  |TAMS 0x000000008a500000, 0x000000008a500000| Untracked 
| 166|0x000000008a600000, 0x000000008a600000, 0x000000008a700000|  0%| F|  |TAMS 0x000000008a600000, 0x000000008a600000| Untracked 
| 167|0x000000008a700000, 0x000000008a700000, 0x000000008a800000|  0%| F|  |TAMS 0x000000008a700000, 0x000000008a700000| Untracked 
| 168|0x000000008a800000, 0x000000008a800000, 0x000000008a900000|  0%| F|  |TAMS 0x000000008a800000, 0x000000008a800000| Untracked 
| 169|0x000000008a900000, 0x000000008a900000, 0x000000008aa00000|  0%| F|  |TAMS 0x000000008a900000, 0x000000008a900000| Untracked 
| 170|0x000000008aa00000, 0x000000008aa00000, 0x000000008ab00000|  0%| F|  |TAMS 0x000000008aa00000, 0x000000008aa00000| Untracked 
| 171|0x000000008ab00000, 0x000000008ab00000, 0x000000008ac00000|  0%| F|  |TAMS 0x000000008ab00000, 0x000000008ab00000| Untracked 
| 172|0x000000008ac00000, 0x000000008ac00000, 0x000000008ad00000|  0%| F|  |TAMS 0x000000008ac00000, 0x000000008ac00000| Untracked 
| 173|0x000000008ad00000, 0x000000008ad00000, 0x000000008ae00000|  0%| F|  |TAMS 0x000000008ad00000, 0x000000008ad00000| Untracked 
| 174|0x000000008ae00000, 0x000000008ae00000, 0x000000008af00000|  0%| F|  |TAMS 0x000000008ae00000, 0x000000008ae00000| Untracked 
| 175|0x000000008af00000, 0x000000008af00000, 0x000000008b000000|  0%| F|  |TAMS 0x000000008af00000, 0x000000008af00000| Untracked 
| 176|0x000000008b000000, 0x000000008b000000, 0x000000008b100000|  0%| F|  |TAMS 0x000000008b000000, 0x000000008b000000| Untracked 
| 177|0x000000008b100000, 0x000000008b100000, 0x000000008b200000|  0%| F|  |TAMS 0x000000008b100000, 0x000000008b100000| Untracked 
| 178|0x000000008b200000, 0x000000008b200000, 0x000000008b300000|  0%| F|  |TAMS 0x000000008b200000, 0x000000008b200000| Untracked 
| 179|0x000000008b300000, 0x000000008b300000, 0x000000008b400000|  0%| F|  |TAMS 0x000000008b300000, 0x000000008b300000| Untracked 
| 180|0x000000008b400000, 0x000000008b400000, 0x000000008b500000|  0%| F|  |TAMS 0x000000008b400000, 0x000000008b400000| Untracked 
| 181|0x000000008b500000, 0x000000008b500000, 0x000000008b600000|  0%| F|  |TAMS 0x000000008b500000, 0x000000008b500000| Untracked 
| 182|0x000000008b600000, 0x000000008b600000, 0x000000008b700000|  0%| F|  |TAMS 0x000000008b600000, 0x000000008b600000| Untracked 
| 183|0x000000008b700000, 0x000000008b700000, 0x000000008b800000|  0%| F|  |TAMS 0x000000008b700000, 0x000000008b700000| Untracked 
| 184|0x000000008b800000, 0x000000008b800000, 0x000000008b900000|  0%| F|  |TAMS 0x000000008b800000, 0x000000008b800000| Untracked 
| 185|0x000000008b900000, 0x000000008b900000, 0x000000008ba00000|  0%| F|  |TAMS 0x000000008b900000, 0x000000008b900000| Untracked 
| 186|0x000000008ba00000, 0x000000008ba00000, 0x000000008bb00000|  0%| F|  |TAMS 0x000000008ba00000, 0x000000008ba00000| Untracked 
| 187|0x000000008bb00000, 0x000000008bb00000, 0x000000008bc00000|  0%| F|  |TAMS 0x000000008bb00000, 0x000000008bb00000| Untracked 
| 188|0x000000008bc00000, 0x000000008bc00000, 0x000000008bd00000|  0%| F|  |TAMS 0x000000008bc00000, 0x000000008bc00000| Untracked 
| 189|0x000000008bd00000, 0x000000008bd00000, 0x000000008be00000|  0%| F|  |TAMS 0x000000008bd00000, 0x000000008bd00000| Untracked 
| 190|0x000000008be00000, 0x000000008be00000, 0x000000008bf00000|  0%| F|  |TAMS 0x000000008be00000, 0x000000008be00000| Untracked 
| 191|0x000000008bf00000, 0x000000008bf00000, 0x000000008c000000|  0%| F|  |TAMS 0x000000008bf00000, 0x000000008bf00000| Untracked 
| 192|0x000000008c000000, 0x000000008c000000, 0x000000008c100000|  0%| F|  |TAMS 0x000000008c000000, 0x000000008c000000| Untracked 
| 193|0x000000008c100000, 0x000000008c100000, 0x000000008c200000|  0%| F|  |TAMS 0x000000008c100000, 0x000000008c100000| Untracked 
| 194|0x000000008c200000, 0x000000008c200000, 0x000000008c300000|  0%| F|  |TAMS 0x000000008c200000, 0x000000008c200000| Untracked 
| 195|0x000000008c300000, 0x000000008c300000, 0x000000008c400000|  0%| F|  |TAMS 0x000000008c300000, 0x000000008c300000| Untracked 
| 196|0x000000008c400000, 0x000000008c400000, 0x000000008c500000|  0%| F|  |TAMS 0x000000008c400000, 0x000000008c400000| Untracked 
| 197|0x000000008c500000, 0x000000008c500000, 0x000000008c600000|  0%| F|  |TAMS 0x000000008c500000, 0x000000008c500000| Untracked 
| 198|0x000000008c600000, 0x000000008c600000, 0x000000008c700000|  0%| F|  |TAMS 0x000000008c600000, 0x000000008c600000| Untracked 
| 199|0x000000008c700000, 0x000000008c700000, 0x000000008c800000|  0%| F|  |TAMS 0x000000008c700000, 0x000000008c700000| Untracked 
| 200|0x000000008c800000, 0x000000008c800000, 0x000000008c900000|  0%| F|  |TAMS 0x000000008c800000, 0x000000008c800000| Untracked 
| 201|0x000000008c900000, 0x000000008c900000, 0x000000008ca00000|  0%| F|  |TAMS 0x000000008c900000, 0x000000008c900000| Untracked 
| 202|0x000000008ca00000, 0x000000008ca00000, 0x000000008cb00000|  0%| F|  |TAMS 0x000000008ca00000, 0x000000008ca00000| Untracked 
| 203|0x000000008cb00000, 0x000000008cb00000, 0x000000008cc00000|  0%| F|  |TAMS 0x000000008cb00000, 0x000000008cb00000| Untracked 
| 204|0x000000008cc00000, 0x000000008cc00000, 0x000000008cd00000|  0%| F|  |TAMS 0x000000008cc00000, 0x000000008cc00000| Untracked 
| 205|0x000000008cd00000, 0x000000008cd00000, 0x000000008ce00000|  0%| F|  |TAMS 0x000000008cd00000, 0x000000008cd00000| Untracked 
| 206|0x000000008ce00000, 0x000000008ce00000, 0x000000008cf00000|  0%| F|  |TAMS 0x000000008ce00000, 0x000000008ce00000| Untracked 
| 207|0x000000008cf00000, 0x000000008cf00000, 0x000000008d000000|  0%| F|  |TAMS 0x000000008cf00000, 0x000000008cf00000| Untracked 
| 208|0x000000008d000000, 0x000000008d000000, 0x000000008d100000|  0%| F|  |TAMS 0x000000008d000000, 0x000000008d000000| Untracked 
| 209|0x000000008d100000, 0x000000008d100000, 0x000000008d200000|  0%| F|  |TAMS 0x000000008d100000, 0x000000008d100000| Untracked 
| 210|0x000000008d200000, 0x000000008d200000, 0x000000008d300000|  0%| F|  |TAMS 0x000000008d200000, 0x000000008d200000| Untracked 
| 211|0x000000008d300000, 0x000000008d300000, 0x000000008d400000|  0%| F|  |TAMS 0x000000008d300000, 0x000000008d300000| Untracked 
| 212|0x000000008d400000, 0x000000008d400000, 0x000000008d500000|  0%| F|  |TAMS 0x000000008d400000, 0x000000008d400000| Untracked 
| 213|0x000000008d500000, 0x000000008d500000, 0x000000008d600000|  0%| F|  |TAMS 0x000000008d500000, 0x000000008d500000| Untracked 
| 214|0x000000008d600000, 0x000000008d600000, 0x000000008d700000|  0%| F|  |TAMS 0x000000008d600000, 0x000000008d600000| Untracked 
| 215|0x000000008d700000, 0x000000008d700000, 0x000000008d800000|  0%| F|  |TAMS 0x000000008d700000, 0x000000008d700000| Untracked 
| 216|0x000000008d800000, 0x000000008d842fb0, 0x000000008d900000| 26%| E|  |TAMS 0x000000008d800000, 0x000000008d800000| Complete 
| 217|0x000000008d900000, 0x000000008da00000, 0x000000008da00000|100%| E|CS|TAMS 0x000000008d900000, 0x000000008d900000| Complete 
| 218|0x000000008da00000, 0x000000008db00000, 0x000000008db00000|100%| E|CS|TAMS 0x000000008da00000, 0x000000008da00000| Complete 
| 219|0x000000008db00000, 0x000000008dc00000, 0x000000008dc00000|100%| E|CS|TAMS 0x000000008db00000, 0x000000008db00000| Complete 
| 220|0x000000008dc00000, 0x000000008dd00000, 0x000000008dd00000|100%| E|CS|TAMS 0x000000008dc00000, 0x000000008dc00000| Complete 
| 221|0x000000008dd00000, 0x000000008de00000, 0x000000008de00000|100%| E|CS|TAMS 0x000000008dd00000, 0x000000008dd00000| Complete 
| 222|0x000000008de00000, 0x000000008df00000, 0x000000008df00000|100%| E|CS|TAMS 0x000000008de00000, 0x000000008de00000| Complete 
| 223|0x000000008df00000, 0x000000008e000000, 0x000000008e000000|100%| E|CS|TAMS 0x000000008df00000, 0x000000008df00000| Complete 
| 224|0x000000008e000000, 0x000000008e100000, 0x000000008e100000|100%| E|CS|TAMS 0x000000008e000000, 0x000000008e000000| Complete 
| 225|0x000000008e100000, 0x000000008e200000, 0x000000008e200000|100%| E|CS|TAMS 0x000000008e100000, 0x000000008e100000| Complete 
| 226|0x000000008e200000, 0x000000008e300000, 0x000000008e300000|100%| E|CS|TAMS 0x000000008e200000, 0x000000008e200000| Complete 
| 227|0x000000008e300000, 0x000000008e400000, 0x000000008e400000|100%| E|CS|TAMS 0x000000008e300000, 0x000000008e300000| Complete 
| 228|0x000000008e400000, 0x000000008e500000, 0x000000008e500000|100%| E|CS|TAMS 0x000000008e400000, 0x000000008e400000| Complete 
| 229|0x000000008e500000, 0x000000008e5ffff0, 0x000000008e600000| 99%| E|  |TAMS 0x000000008e500000, 0x000000008e500000| Complete 
| 230|0x000000008e600000, 0x000000008e700000, 0x000000008e700000|100%| E|CS|TAMS 0x000000008e600000, 0x000000008e600000| Complete 
| 231|0x000000008e700000, 0x000000008e800000, 0x000000008e800000|100%| E|CS|TAMS 0x000000008e700000, 0x000000008e700000| Complete 
| 232|0x000000008e800000, 0x000000008e900000, 0x000000008e900000|100%| E|CS|TAMS 0x000000008e800000, 0x000000008e800000| Complete 
| 233|0x000000008e900000, 0x000000008ea00000, 0x000000008ea00000|100%| E|CS|TAMS 0x000000008e900000, 0x000000008e900000| Complete 
| 234|0x000000008ea00000, 0x000000008eb00000, 0x000000008eb00000|100%| E|CS|TAMS 0x000000008ea00000, 0x000000008ea00000| Complete 
| 235|0x000000008eb00000, 0x000000008ec00000, 0x000000008ec00000|100%| E|CS|TAMS 0x000000008eb00000, 0x000000008eb00000| Complete 
| 236|0x000000008ec00000, 0x000000008ed00000, 0x000000008ed00000|100%| E|CS|TAMS 0x000000008ec00000, 0x000000008ec00000| Complete 
| 237|0x000000008ed00000, 0x000000008ee00000, 0x000000008ee00000|100%| E|CS|TAMS 0x000000008ed00000, 0x000000008ed00000| Complete 
| 238|0x000000008ee00000, 0x000000008ef00000, 0x000000008ef00000|100%| E|CS|TAMS 0x000000008ee00000, 0x000000008ee00000| Complete 
| 239|0x000000008ef00000, 0x000000008f000000, 0x000000008f000000|100%| E|CS|TAMS 0x000000008ef00000, 0x000000008ef00000| Complete 
| 240|0x000000008f000000, 0x000000008f0dd718, 0x000000008f100000| 86%| S|CS|TAMS 0x000000008f000000, 0x000000008f000000| Complete 
| 241|0x000000008f100000, 0x000000008f200000, 0x000000008f200000|100%| E|CS|TAMS 0x000000008f100000, 0x000000008f100000| Complete 
| 242|0x000000008f200000, 0x000000008f300000, 0x000000008f300000|100%| E|CS|TAMS 0x000000008f200000, 0x000000008f200000| Complete 
| 243|0x000000008f300000, 0x000000008f400000, 0x000000008f400000|100%| E|CS|TAMS 0x000000008f300000, 0x000000008f300000| Complete 
| 244|0x000000008f400000, 0x000000008f500000, 0x000000008f500000|100%| E|CS|TAMS 0x000000008f400000, 0x000000008f400000| Complete 
| 245|0x000000008f500000, 0x000000008f600000, 0x000000008f600000|100%| E|CS|TAMS 0x000000008f500000, 0x000000008f500000| Complete 
| 246|0x000000008f600000, 0x000000008f700000, 0x000000008f700000|100%| E|CS|TAMS 0x000000008f600000, 0x000000008f600000| Complete 
| 247|0x000000008f700000, 0x000000008f800000, 0x000000008f800000|100%| E|CS|TAMS 0x000000008f700000, 0x000000008f700000| Complete 
| 248|0x000000008f800000, 0x000000008f900000, 0x000000008f900000|100%| E|CS|TAMS 0x000000008f800000, 0x000000008f800000| Complete 
| 249|0x000000008f900000, 0x000000008fa00000, 0x000000008fa00000|100%| E|CS|TAMS 0x000000008f900000, 0x000000008f900000| Complete 

Card table byte_map: [0x0000017f2c8d0000,0x0000017f2ccd0000] _byte_map_base: 0x0000017f2c4d0000

Marking Bits (Prev, Next): (CMBitMap*) 0x0000017f15a2b460, (CMBitMap*) 0x0000017f15a2b4a0
 Prev Bits: [0x0000017f2d0d0000, 0x0000017f2f0d0000)
 Next Bits: [0x0000017f2f0d0000, 0x0000017f310d0000)

Polling page: 0x0000017f15190000

Metaspace:

Usage:
  Non-class:     83.05 MB used.
      Class:     13.06 MB used.
       Both:     96.12 MB used.

Virtual space:
  Non-class space:      128.00 MB reserved,      83.56 MB ( 65%) committed,  2 nodes.
      Class space:      416.00 MB reserved,      13.50 MB (  3%) committed,  1 nodes.
             Both:      544.00 MB reserved,      97.06 MB ( 18%) committed. 

Chunk freelists:
   Non-Class:  12.33 MB
       Class:  2.35 MB
        Both:  14.68 MB

MaxMetaspaceSize: 512.00 MB
CompressedClassSpaceSize: 416.00 MB
Initial GC threshold: 21.00 MB
Current GC threshold: 160.56 MB
CDS: on
MetaspaceReclaimPolicy: balanced
 - commit_granule_bytes: 65536.
 - commit_granule_words: 8192.
 - virtual_space_node_default_size: 8388608.
 - enlarge_chunks_in_place: 1.
 - new_chunks_are_fully_committed: 0.
 - uncommit_free_chunks: 1.
 - use_allocation_guard: 0.
 - handle_deallocations: 1.


Internal statistics:

num_allocs_failed_limit: 6.
num_arena_births: 1056.
num_arena_deaths: 0.
num_vsnodes_births: 3.
num_vsnodes_deaths: 0.
num_space_committed: 1553.
num_space_uncommitted: 0.
num_chunks_returned_to_freelist: 6.
num_chunks_taken_from_freelist: 5052.
num_chunk_merges: 6.
num_chunk_splits: 3346.
num_chunks_enlarged: 2211.
num_inconsistent_stats: 0.

CodeHeap 'non-profiled nmethods': size=120000Kb used=8061Kb max_used=8061Kb free=111939Kb
 bounds [0x0000017f24fa0000, 0x0000017f25780000, 0x0000017f2c4d0000]
CodeHeap 'profiled nmethods': size=120000Kb used=23112Kb max_used=23388Kb free=96887Kb
 bounds [0x0000017f1d4d0000, 0x0000017f1ebb0000, 0x0000017f24a00000]
CodeHeap 'non-nmethods': size=5760Kb used=2445Kb max_used=2525Kb free=3314Kb
 bounds [0x0000017f24a00000, 0x0000017f24c90000, 0x0000017f24fa0000]
 total_blobs=12697 nmethods=11720 adapters=889
 compilation: enabled
              stopped_count=0, restarted_count=0
 full_count=0

Compilation events (20 events):
Event: 105.841 Thread 0x0000017f335f1fb0 nmethod 13842 0x0000017f25778710 code [0x0000017f25778900, 0x0000017f257790a8]
Event: 105.864 Thread 0x0000017f335f1fb0 13851       4       java.nio.file.attribute.FileTime::from (18 bytes)
Event: 105.866 Thread 0x0000017f335f1fb0 nmethod 13851 0x0000017f25779690 code [0x0000017f25779820, 0x0000017f25779918]
Event: 105.867 Thread 0x0000017f335f1fb0 13852   !   4       sun.nio.fs.WindowsFileAttributes::toFileTime (47 bytes)
Event: 105.869 Thread 0x0000017f335f1fb0 nmethod 13852 0x0000017f25779a10 code [0x0000017f25779ba0, 0x0000017f25779d28]
Event: 105.869 Thread 0x0000017f335f1fb0 13853       4       sun.nio.fs.WindowsFileAttributes::lastModifiedTime (8 bytes)
Event: 105.870 Thread 0x0000017f335f1fb0 nmethod 13853 0x0000017f25779e90 code [0x0000017f2577a020, 0x0000017f2577a1c8]
Event: 105.870 Thread 0x0000017f335f1fb0 13854       4       java.util.concurrent.locks.AbstractQueuedSynchronizer$ConditionObject::doSignal (54 bytes)
Event: 105.880 Thread 0x0000017f335f1fb0 nmethod 13854 0x0000017f2577a390 code [0x0000017f2577a520, 0x0000017f2577ab88]
Event: 105.880 Thread 0x0000017f335f1fb0 13855       4       java.lang.String::encode (48 bytes)
Event: 105.896 Thread 0x0000017f335f1fb0 nmethod 13855 0x0000017f2577ad90 code [0x0000017f2577b060, 0x0000017f2577bff8]
Event: 105.896 Thread 0x0000017f335f1fb0 13857   !   4       org.gradle.cache.internal.DefaultCacheAccess::getFileLock (97 bytes)
Event: 105.905 Thread 0x0000017f335f1fb0 nmethod 13857 0x0000017f2577ca90 code [0x0000017f2577cc40, 0x0000017f2577d238]
Event: 105.906 Thread 0x0000017f335f1fb0 13856       4       java.util.concurrent.TimeUnit::convert (77 bytes)
Event: 105.907 Thread 0x0000017f335f1fb0 nmethod 13856 0x0000017f2577d610 code [0x0000017f2577d7a0, 0x0000017f2577da18]
Event: 105.934 Thread 0x0000017f335f1fb0 13858       4       sun.nio.fs.WindowsPath::getFileName (87 bytes)
Event: 105.957 Thread 0x0000017f335f1fb0 nmethod 13858 0x0000017f2577dc10 code [0x0000017f2577dde0, 0x0000017f2577eaa8]
Event: 105.957 Thread 0x0000017f335f1fb0 13859       4       org.gradle.cache.internal.DefaultFileLockManager$DefaultFileLock::assertOpenAndIntegral (41 bytes)
Event: 105.958 Thread 0x0000017f335f1fb0 nmethod 13859 0x0000017f2577f010 code [0x0000017f2577f1a0, 0x0000017f2577f2d8]
Event: 105.959 Thread 0x0000017f335f1fb0 13860   !   4       org.gradle.cache.internal.DefaultMultiProcessSafePersistentIndexedCache::getIfPresent (25 bytes)

GC Heap History (20 events):
Event: 91.726 GC heap before
{Heap before GC invocations=55 (full 0):
 garbage-first heap   total 193536K, used 138234K [0x0000000080000000, 0x0000000100000000)
  region size 1024K, 25 young (25600K), 3 survivors (3072K)
 Metaspace       used 81791K, committed 82688K, reserved 557056K
  class space    used 11225K, committed 11648K, reserved 425984K
}
Event: 91.733 GC heap after
{Heap after GC invocations=56 (full 0):
 garbage-first heap   total 193536K, used 121448K [0x0000000080000000, 0x0000000100000000)
  region size 1024K, 4 young (4096K), 4 survivors (4096K)
 Metaspace       used 81791K, committed 82688K, reserved 557056K
  class space    used 11225K, committed 11648K, reserved 425984K
}
Event: 91.880 GC heap before
{Heap before GC invocations=56 (full 0):
 garbage-first heap   total 193536K, used 126568K [0x0000000080000000, 0x0000000100000000)
  region size 1024K, 9 young (9216K), 4 survivors (4096K)
 Metaspace       used 81992K, committed 82944K, reserved 557056K
  class space    used 11267K, committed 11712K, reserved 425984K
}
Event: 91.886 GC heap after
{Heap after GC invocations=57 (full 0):
 garbage-first heap   total 193536K, used 121690K [0x0000000080000000, 0x0000000100000000)
  region size 1024K, 1 young (1024K), 1 survivors (1024K)
 Metaspace       used 81992K, committed 82944K, reserved 557056K
  class space    used 11267K, committed 11712K, reserved 425984K
}
Event: 92.858 GC heap before
{Heap before GC invocations=57 (full 0):
 garbage-first heap   total 193536K, used 151386K [0x0000000080000000, 0x0000000100000000)
  region size 1024K, 30 young (30720K), 1 survivors (1024K)
 Metaspace       used 84061K, committed 84928K, reserved 557056K
  class space    used 11553K, committed 11968K, reserved 425984K
}
Event: 92.869 GC heap after
{Heap after GC invocations=58 (full 0):
 garbage-first heap   total 193536K, used 125322K [0x0000000080000000, 0x0000000100000000)
  region size 1024K, 4 young (4096K), 4 survivors (4096K)
 Metaspace       used 84061K, committed 84928K, reserved 557056K
  class space    used 11553K, committed 11968K, reserved 425984K
}
Event: 95.310 GC heap before
{Heap before GC invocations=59 (full 0):
 garbage-first heap   total 211968K, used 153994K [0x0000000080000000, 0x0000000100000000)
  region size 1024K, 32 young (32768K), 4 survivors (4096K)
 Metaspace       used 88005K, committed 88960K, reserved 557056K
  class space    used 12097K, committed 12544K, reserved 425984K
}
Event: 95.320 GC heap after
{Heap after GC invocations=60 (full 0):
 garbage-first heap   total 211968K, used 127556K [0x0000000080000000, 0x0000000100000000)
  region size 1024K, 3 young (3072K), 3 survivors (3072K)
 Metaspace       used 88005K, committed 88960K, reserved 557056K
  class space    used 12097K, committed 12544K, reserved 425984K
}
Event: 95.616 GC heap before
{Heap before GC invocations=60 (full 0):
 garbage-first heap   total 211968K, used 134724K [0x0000000080000000, 0x0000000100000000)
  region size 1024K, 10 young (10240K), 3 survivors (3072K)
 Metaspace       used 88441K, committed 89408K, reserved 557056K
  class space    used 12152K, committed 12608K, reserved 425984K
}
Event: 95.627 GC heap after
{Heap after GC invocations=61 (full 0):
 garbage-first heap   total 211968K, used 127764K [0x0000000080000000, 0x0000000100000000)
  region size 1024K, 1 young (1024K), 1 survivors (1024K)
 Metaspace       used 88441K, committed 89408K, reserved 557056K
  class space    used 12152K, committed 12608K, reserved 425984K
}
Event: 98.293 GC heap before
{Heap before GC invocations=61 (full 0):
 garbage-first heap   total 211968K, used 166676K [0x0000000080000000, 0x0000000100000000)
  region size 1024K, 39 young (39936K), 1 survivors (1024K)
 Metaspace       used 95339K, committed 96256K, reserved 557056K
  class space    used 12993K, committed 13440K, reserved 425984K
}
Event: 98.316 GC heap after
{Heap after GC invocations=62 (full 0):
 garbage-first heap   total 211968K, used 133106K [0x0000000080000000, 0x0000000100000000)
  region size 1024K, 5 young (5120K), 5 survivors (5120K)
 Metaspace       used 95339K, committed 96256K, reserved 557056K
  class space    used 12993K, committed 13440K, reserved 425984K
}
Event: 101.303 GC heap before
{Heap before GC invocations=62 (full 0):
 garbage-first heap   total 211968K, used 169970K [0x0000000080000000, 0x0000000100000000)
  region size 1024K, 41 young (41984K), 5 survivors (5120K)
 Metaspace       used 95948K, committed 96896K, reserved 557056K
  class space    used 13049K, committed 13504K, reserved 425984K
}
Event: 101.321 GC heap after
{Heap after GC invocations=63 (full 0):
 garbage-first heap   total 211968K, used 138129K [0x0000000080000000, 0x0000000100000000)
  region size 1024K, 5 young (5120K), 5 survivors (5120K)
 Metaspace       used 95948K, committed 96896K, reserved 557056K
  class space    used 13049K, committed 13504K, reserved 425984K
}
Event: 102.256 GC heap before
{Heap before GC invocations=63 (full 0):
 garbage-first heap   total 211968K, used 171921K [0x0000000080000000, 0x0000000100000000)
  region size 1024K, 38 young (38912K), 5 survivors (5120K)
 Metaspace       used 97586K, committed 98496K, reserved 557056K
  class space    used 13257K, committed 13696K, reserved 425984K
}
Event: 102.272 GC heap after
{Heap after GC invocations=64 (full 0):
 garbage-first heap   total 211968K, used 141975K [0x0000000080000000, 0x0000000100000000)
  region size 1024K, 4 young (4096K), 4 survivors (4096K)
 Metaspace       used 97586K, committed 98496K, reserved 557056K
  class space    used 13257K, committed 13696K, reserved 425984K
}
Event: 104.214 GC heap before
{Heap before GC invocations=65 (full 0):
 garbage-first heap   total 256000K, used 171671K [0x0000000080000000, 0x0000000100000000)
  region size 1024K, 33 young (33792K), 4 survivors (4096K)
 Metaspace       used 98259K, committed 99264K, reserved 557056K
  class space    used 13375K, committed 13824K, reserved 425984K
}
Event: 104.244 GC heap after
{Heap after GC invocations=66 (full 0):
 garbage-first heap   total 256000K, used 144362K [0x0000000080000000, 0x0000000100000000)
  region size 1024K, 3 young (3072K), 3 survivors (3072K)
 Metaspace       used 98259K, committed 99264K, reserved 557056K
  class space    used 13375K, committed 13824K, reserved 425984K
}
Event: 105.210 GC heap before
{Heap before GC invocations=66 (full 0):
 garbage-first heap   total 256000K, used 153578K [0x0000000080000000, 0x0000000100000000)
  region size 1024K, 12 young (12288K), 3 survivors (3072K)
 Metaspace       used 98315K, committed 99264K, reserved 557056K
  class space    used 13377K, committed 13824K, reserved 425984K
}
Event: 105.218 GC heap after
{Heap after GC invocations=67 (full 0):
 garbage-first heap   total 256000K, used 144911K [0x0000000080000000, 0x0000000100000000)
  region size 1024K, 1 young (1024K), 1 survivors (1024K)
 Metaspace       used 98315K, committed 99264K, reserved 557056K
  class space    used 13377K, committed 13824K, reserved 425984K
}

Dll operation events (12 events):
Event: 0.082 Loaded shared library C:\Program Files\Microsoft\jdk-17.0.8.7-hotspot\bin\java.dll
Event: 0.212 Loaded shared library C:\Program Files\Microsoft\jdk-17.0.8.7-hotspot\bin\jsvml.dll
Event: 0.529 Loaded shared library C:\Program Files\Microsoft\jdk-17.0.8.7-hotspot\bin\net.dll
Event: 0.541 Loaded shared library C:\Program Files\Microsoft\jdk-17.0.8.7-hotspot\bin\nio.dll
Event: 0.553 Loaded shared library C:\Program Files\Microsoft\jdk-17.0.8.7-hotspot\bin\zip.dll
Event: 1.462 Loaded shared library C:\Program Files\Microsoft\jdk-17.0.8.7-hotspot\bin\jimage.dll
Event: 1.894 Loaded shared library C:\Program Files\Microsoft\jdk-17.0.8.7-hotspot\bin\verify.dll
Event: 2.810 Loaded shared library C:\Users\lab_services_student\.gradle\native\e1d6ef7f7dcc3fd88c89a11ec53ec762bb8ba0a96d01ffa2cd45eb1d1d8dd5c5\windows-amd64\native-platform.dll
Event: 3.049 Loaded shared library C:\Users\lab_services_student\.gradle\native\5664cfc778a61ccfe75a443a1ab52a65af34e5dc3c78e0209fed803814484fcb\windows-amd64\native-platform-file-events.dll
Event: 9.281 Loaded shared library C:\Program Files\Microsoft\jdk-17.0.8.7-hotspot\bin\management.dll
Event: 9.289 Loaded shared library C:\Program Files\Microsoft\jdk-17.0.8.7-hotspot\bin\management_ext.dll
Event: 12.143 Loaded shared library C:\Program Files\Microsoft\jdk-17.0.8.7-hotspot\bin\sunmscapi.dll

Deoptimization events (20 events):
Event: 104.936 Thread 0x0000017f55c27c10 Uncommon trap: trap_request=0xffffffbe fr.pc=0x0000017f25177370 relative=0x0000000000001830
Event: 104.936 Thread 0x0000017f55c27c10 Uncommon trap: reason=profile_predicate action=maybe_recompile pc=0x0000017f25177370 method=org.gradle.internal.file.FileHierarchySet$Node.contains(Ljava/lang/String;I)Z @ 69 c2
Event: 104.936 Thread 0x0000017f55c27c10 DEOPT PACKING pc=0x0000017f25177370 sp=0x00000060570fbad0
Event: 104.936 Thread 0x0000017f55c27c10 DEOPT UNPACKING pc=0x0000017f24a5a1a3 sp=0x00000060570fbaa0 mode 2
Event: 104.936 Thread 0x0000017f55c27c10 Uncommon trap: trap_request=0xffffffbe fr.pc=0x0000017f25177370 relative=0x0000000000001830
Event: 104.936 Thread 0x0000017f55c27c10 Uncommon trap: reason=profile_predicate action=maybe_recompile pc=0x0000017f25177370 method=org.gradle.internal.file.FileHierarchySet$Node.contains(Ljava/lang/String;I)Z @ 69 c2
Event: 104.936 Thread 0x0000017f55c27c10 DEOPT PACKING pc=0x0000017f25177370 sp=0x00000060570fbad0
Event: 104.936 Thread 0x0000017f55c27c10 DEOPT UNPACKING pc=0x0000017f24a5a1a3 sp=0x00000060570fbaa0 mode 2
Event: 104.939 Thread 0x0000017f55c27c10 Uncommon trap: trap_request=0xffffffbe fr.pc=0x0000017f25177370 relative=0x0000000000001830
Event: 104.939 Thread 0x0000017f55c27c10 Uncommon trap: reason=profile_predicate action=maybe_recompile pc=0x0000017f25177370 method=org.gradle.internal.file.FileHierarchySet$Node.contains(Ljava/lang/String;I)Z @ 69 c2
Event: 104.939 Thread 0x0000017f55c27c10 DEOPT PACKING pc=0x0000017f25177370 sp=0x00000060570fbad0
Event: 104.939 Thread 0x0000017f55c27c10 DEOPT UNPACKING pc=0x0000017f24a5a1a3 sp=0x00000060570fbaa0 mode 2
Event: 105.047 Thread 0x0000017f55c23530 Uncommon trap: trap_request=0xffffff45 fr.pc=0x0000017f25075b3c relative=0x000000000000017c
Event: 105.047 Thread 0x0000017f55c23530 Uncommon trap: reason=unstable_if action=reinterpret pc=0x0000017f25075b3c method=java.util.concurrent.ConcurrentHashMap.addCount(JI)V @ 34 c2
Event: 105.047 Thread 0x0000017f55c23530 DEOPT PACKING pc=0x0000017f25075b3c sp=0x0000006057bfe6c0
Event: 105.047 Thread 0x0000017f55c23530 DEOPT UNPACKING pc=0x0000017f24a5a1a3 sp=0x0000006057bfe600 mode 2
Event: 105.048 Thread 0x0000017f55e7fa00 Uncommon trap: trap_request=0xffffff45 fr.pc=0x0000017f2537ea84 relative=0x00000000000008c4
Event: 105.048 Thread 0x0000017f55e7fa00 Uncommon trap: reason=unstable_if action=reinterpret pc=0x0000017f2537ea84 method=java.util.concurrent.ConcurrentHashMap.addCount(JI)V @ 7 c2
Event: 105.048 Thread 0x0000017f55e7fa00 DEOPT PACKING pc=0x0000017f2537ea84 sp=0x00000060588fb270
Event: 105.048 Thread 0x0000017f55e7fa00 DEOPT UNPACKING pc=0x0000017f24a5a1a3 sp=0x00000060588fb138 mode 2

Classes unloaded (0 events):
No events

Classes redefined (0 events):
No events

Internal exceptions (20 events):
Event: 95.247 Thread 0x0000017f53a26a50 Implicit null exception at 0x0000017f25633692 to 0x0000017f25633776
Event: 95.321 Thread 0x0000017f335d6eb0 Implicit null exception at 0x0000017f250f9180 to 0x0000017f250f9830
Event: 95.333 Thread 0x0000017f53a26a50 Implicit null exception at 0x0000017f2563804b to 0x0000017f2563810f
Event: 95.429 Thread 0x0000017f53a26a50 Implicit null exception at 0x0000017f2563b256 to 0x0000017f2563bc68
Event: 96.390 Thread 0x0000017f53a26a50 Implicit null exception at 0x0000017f251f3572 to 0x0000017f251f3d88
Event: 96.828 Thread 0x0000017f53a26a50 Exception <a 'sun/nio/fs/WindowsException'{0x000000008bb021b0}> (0x000000008bb021b0) 
thrown [s\src\hotspot\share\prims\jni.cpp, line 516]
Event: 99.863 Thread 0x0000017f53a26a50 Implicit null exception at 0x0000017f2516b8cb to 0x0000017f2516b8f0
Event: 102.097 Thread 0x0000017f53a26a50 Implicit null exception at 0x0000017f2553ba44 to 0x0000017f2553c654
Event: 103.141 Thread 0x0000017f53a26a50 Implicit null exception at 0x0000017f255cb3c0 to 0x0000017f255cbc10
Event: 103.173 Thread 0x0000017f53a26a50 Exception <a 'java/lang/NoSuchMethodError'{0x000000008f623ae0}: 'void java.lang.invoke.DirectMethodHandle$Holder.invokeVirtual(java.lang.Object, java.lang.Object)'> (0x000000008f623ae0) 
thrown [s\src\hotspot\share\interpreter\linkResolver.cpp, line 759]
Event: 103.238 Thread 0x0000017f53a26a50 Exception <a 'java/lang/ClassNotFoundException'{0x000000008f5c2b28}: groovy/util/FileTreeBuilderBeanInfo> (0x000000008f5c2b28) 
thrown [s\src\hotspot\share\classfile\systemDictionary.cpp, line 256]
Event: 103.242 Thread 0x0000017f53a26a50 Exception <a 'java/lang/ClassNotFoundException'{0x000000008f429ab8}: groovy/util/FileTreeBuilderCustomizer> (0x000000008f429ab8) 
thrown [s\src\hotspot\share\classfile\systemDictionary.cpp, line 256]
Event: 103.251 Thread 0x0000017f53a26a50 Exception <a 'java/lang/ClassNotFoundException'{0x000000008f466df0}: java/io/BufferedWriterBeanInfo> (0x000000008f466df0) 
thrown [s\src\hotspot\share\classfile\systemDictionary.cpp, line 256]
Event: 103.252 Thread 0x0000017f53a26a50 Exception <a 'java/lang/ClassNotFoundException'{0x000000008f46f1a8}: java/io/WriterBeanInfo> (0x000000008f46f1a8) 
thrown [s\src\hotspot\share\classfile\systemDictionary.cpp, line 256]
Event: 103.252 Thread 0x0000017f53a26a50 Exception <a 'java/lang/ClassNotFoundException'{0x000000008f476fd8}: java/io/WriterCustomizer> (0x000000008f476fd8) 
thrown [s\src\hotspot\share\classfile\systemDictionary.cpp, line 256]
Event: 103.253 Thread 0x0000017f53a26a50 Exception <a 'java/lang/ClassNotFoundException'{0x000000008f4877c0}: java/io/BufferedWriterCustomizer> (0x000000008f4877c0) 
thrown [s\src\hotspot\share\classfile\systemDictionary.cpp, line 256]
Event: 103.535 Thread 0x0000017f55e7ead0 Exception <a 'java/lang/NoSuchMethodError'{0x000000008f294f58}: static Lcom/android/build/api/variant/BuildConfigField;.<clinit>()V> (0x000000008f294f58) 
thrown [s\src\hotspot\share\prims\jni.cpp, line 1107]
Event: 103.627 Thread 0x0000017f55e7fa00 Exception <a 'java/lang/NoSuchMethodError'{0x000000008f17f2a8}: 'void java.lang.invoke.DirectMethodHandle$Holder.invokeStatic(java.lang.Object, java.lang.Object, java.lang.Object, java.lang.Object, int, java.lang.Object, java.lang.Object)'> (0x000000008f17f2a8) 
thrown [s\src\hotspot\share\interpreter\linkResolver.cpp, line 759]
Event: 103.719 Thread 0x0000017f55e7fa00 Exception <a 'java/lang/NoSuchMethodError'{0x000000008f0c6c28}: 'java.lang.Object java.lang.invoke.DirectMethodHandle$Holder.invokeSpecialIFC(java.lang.Object, java.lang.Object, java.lang.Object)'> (0x000000008f0c6c28) 
thrown [s\src\hotspot\share\interpreter\linkResolver.cpp, line 759]
Event: 103.720 Thread 0x0000017f55c27c10 Exception <a 'java/lang/NoSuchMethodError'{0x000000008f0d8338}: 'java.lang.Object java.lang.invoke.DirectMethodHandle$Holder.invokeSpecialIFC(java.lang.Object, java.lang.Object, java.lang.Object)'> (0x000000008f0d8338) 
thrown [s\src\hotspot\share\interpreter\linkResolver.cpp, line 759]

VM Operations (20 events):
Event: 100.947 Executing VM operation: HandshakeAllThreads
Event: 100.948 Executing VM operation: HandshakeAllThreads done
Event: 101.303 Executing VM operation: G1CollectForAllocation
Event: 101.321 Executing VM operation: G1CollectForAllocation done
Event: 102.256 Executing VM operation: G1CollectForAllocation
Event: 102.274 Executing VM operation: G1CollectForAllocation done
Event: 102.690 Executing VM operation: G1PauseRemark
Event: 102.702 Executing VM operation: G1PauseRemark done
Event: 102.854 Executing VM operation: G1PauseCleanup
Event: 102.855 Executing VM operation: G1PauseCleanup done
Event: 103.676 Executing VM operation: HandshakeAllThreads
Event: 103.676 Executing VM operation: HandshakeAllThreads done
Event: 103.680 Executing VM operation: HandshakeAllThreads
Event: 103.680 Executing VM operation: HandshakeAllThreads done
Event: 103.809 Executing VM operation: HandshakeAllThreads
Event: 103.812 Executing VM operation: HandshakeAllThreads done
Event: 104.214 Executing VM operation: G1CollectForAllocation
Event: 104.253 Executing VM operation: G1CollectForAllocation done
Event: 105.210 Executing VM operation: G1CollectForAllocation
Event: 105.219 Executing VM operation: G1CollectForAllocation done

Events (20 events):
Event: 103.251 loading class java/io/WriterBeanInfo done
Event: 103.251 loading class java/io/WriterBeanInfo
Event: 103.251 loading class java/io/WriterBeanInfo done
Event: 103.252 loading class java/io/WriterCustomizer
Event: 103.252 loading class java/io/WriterCustomizer done
Event: 103.252 loading class java/io/WriterCustomizer
Event: 103.252 loading class java/io/WriterCustomizer done
Event: 103.253 loading class java/io/BufferedWriterCustomizer
Event: 103.253 loading class java/io/BufferedWriterCustomizer done
Event: 103.253 loading class java/io/BufferedWriterCustomizer
Event: 103.253 loading class java/io/BufferedWriterCustomizer done
Event: 103.450 Thread 0x0000017f5a51dff0 Thread exited: 0x0000017f5a51dff0
Event: 103.542 loading class java/net/HttpURLConnection
Event: 103.545 loading class java/net/HttpURLConnection done
Event: 103.546 loading class sun/net/ProgressMonitor
Event: 103.547 loading class sun/net/ProgressMonitor done
Event: 103.547 loading class sun/net/DefaultProgressMeteringPolicy
Event: 103.547 loading class sun/net/ProgressMeteringPolicy
Event: 103.548 loading class sun/net/ProgressMeteringPolicy done
Event: 103.548 loading class sun/net/DefaultProgressMeteringPolicy done


Dynamic libraries:
0x00007ff6533f0000 - 0x00007ff6533fe000 	C:\Program Files\Microsoft\jdk-17.0.8.7-hotspot\bin\java.exe
0x00007ffaf2360000 - 0x00007ffaf2569000 	C:\Windows\SYSTEM32\ntdll.dll
0x00007ffaf1850000 - 0x00007ffaf190d000 	C:\Windows\System32\KERNEL32.DLL
0x00007ffaefc70000 - 0x00007ffaefff4000 	C:\Windows\System32\KERNELBASE.dll
0x00007ffaefa80000 - 0x00007ffaefb91000 	C:\Windows\System32\ucrtbase.dll
0x00007ffaba320000 - 0x00007ffaba337000 	C:\Program Files\Microsoft\jdk-17.0.8.7-hotspot\bin\jli.dll
0x00007ffaf0400000 - 0x00007ffaf05ad000 	C:\Windows\System32\USER32.dll
0x00007ffaba300000 - 0x00007ffaba31b000 	C:\Program Files\Microsoft\jdk-17.0.8.7-hotspot\bin\VCRUNTIME140.dll
0x00007ffac7ec0000 - 0x00007ffac8165000 	C:\Windows\WinSxS\amd64_microsoft.windows.common-controls_6595b64144ccf1df_6.0.22000.120_none_9d947278b86cc467\COMCTL32.dll
0x00007ffaf0350000 - 0x00007ffaf03f3000 	C:\Windows\System32\msvcrt.dll
0x00007ffaf21b0000 - 0x00007ffaf21da000 	C:\Windows\System32\GDI32.dll
0x00007ffaefc40000 - 0x00007ffaefc66000 	C:\Windows\System32\win32u.dll
0x00007ffaef7f0000 - 0x00007ffaef90e000 	C:\Windows\System32\gdi32full.dll
0x00007ffaefba0000 - 0x00007ffaefc3d000 	C:\Windows\System32\msvcp_win.dll
0x00007ffaf0240000 - 0x00007ffaf0271000 	C:\Windows\System32\IMM32.DLL
0x00007ffaba2f0000 - 0x00007ffaba2fc000 	C:\Program Files\Microsoft\jdk-17.0.8.7-hotspot\bin\vcruntime140_1.dll
0x00007ffa7e410000 - 0x00007ffa7e49d000 	C:\Program Files\Microsoft\jdk-17.0.8.7-hotspot\bin\msvcp140.dll
0x00007ffa7d7a0000 - 0x00007ffa7e405000 	C:\Program Files\Microsoft\jdk-17.0.8.7-hotspot\bin\server\jvm.dll
0x00007ffaf2270000 - 0x00007ffaf231e000 	C:\Windows\System32\ADVAPI32.dll
0x00007ffaf14e0000 - 0x00007ffaf157e000 	C:\Windows\System32\sechost.dll
0x00007ffaf0af0000 - 0x00007ffaf0c11000 	C:\Windows\System32\RPCRT4.dll
0x00007ffaef6c0000 - 0x00007ffaef70d000 	C:\Windows\SYSTEM32\POWRPROF.dll
0x00007ffaba2e0000 - 0x00007ffaba2e9000 	C:\Windows\SYSTEM32\WSOCK32.dll
0x00007ffaf0280000 - 0x00007ffaf02ef000 	C:\Windows\System32\WS2_32.dll
0x00007ffae5110000 - 0x00007ffae5143000 	C:\Windows\SYSTEM32\WINMM.dll
0x00007ffae5340000 - 0x00007ffae534a000 	C:\Windows\SYSTEM32\VERSION.dll
0x00007ffaef5f0000 - 0x00007ffaef603000 	C:\Windows\SYSTEM32\UMPDC.dll
0x00007ffaee820000 - 0x00007ffaee838000 	C:\Windows\SYSTEM32\kernel.appcore.dll
0x00007ffaba2d0000 - 0x00007ffaba2da000 	C:\Program Files\Microsoft\jdk-17.0.8.7-hotspot\bin\jimage.dll
0x00007ffae0c60000 - 0x00007ffae0e81000 	C:\Windows\SYSTEM32\DBGHELP.DLL
0x00007ffae10c0000 - 0x00007ffae10f1000 	C:\Windows\SYSTEM32\dbgcore.DLL
0x00007ffaf0000000 - 0x00007ffaf007f000 	C:\Windows\System32\bcryptPrimitives.dll
0x00007ffa7d770000 - 0x00007ffa7d795000 	C:\Program Files\Microsoft\jdk-17.0.8.7-hotspot\bin\java.dll
0x00007ffa7d690000 - 0x00007ffa7d767000 	C:\Program Files\Microsoft\jdk-17.0.8.7-hotspot\bin\jsvml.dll
0x00007ffaf0d10000 - 0x00007ffaf14d5000 	C:\Windows\System32\SHELL32.dll
0x00007ffaed880000 - 0x00007ffaee0e2000 	C:\Windows\SYSTEM32\windows.storage.dll
0x00007ffaf05d0000 - 0x00007ffaf0946000 	C:\Windows\System32\combase.dll
0x00007ffaed710000 - 0x00007ffaed877000 	C:\Windows\SYSTEM32\wintypes.dll
0x00007ffaf0c20000 - 0x00007ffaf0d0a000 	C:\Windows\System32\SHCORE.dll
0x00007ffaf19f0000 - 0x00007ffaf1a4d000 	C:\Windows\System32\shlwapi.dll
0x00007ffaef720000 - 0x00007ffaef745000 	C:\Windows\SYSTEM32\profapi.dll
0x00007ffa7d670000 - 0x00007ffa7d689000 	C:\Program Files\Microsoft\jdk-17.0.8.7-hotspot\bin\net.dll
0x00007ffae8ba0000 - 0x00007ffae8cb4000 	C:\Windows\SYSTEM32\WINHTTP.dll
0x00007ffaeecc0000 - 0x00007ffaeed27000 	C:\Windows\system32\mswsock.dll
0x00007ffa7d650000 - 0x00007ffa7d666000 	C:\Program Files\Microsoft\jdk-17.0.8.7-hotspot\bin\nio.dll
0x00007ffa7d630000 - 0x00007ffa7d648000 	C:\Program Files\Microsoft\jdk-17.0.8.7-hotspot\bin\zip.dll
0x00007ffaba2c0000 - 0x00007ffaba2d0000 	C:\Program Files\Microsoft\jdk-17.0.8.7-hotspot\bin\verify.dll
0x00007ffa87de0000 - 0x00007ffa87e07000 	C:\Users\lab_services_student\.gradle\native\e1d6ef7f7dcc3fd88c89a11ec53ec762bb8ba0a96d01ffa2cd45eb1d1d8dd5c5\windows-amd64\native-platform.dll
0x00007ffa8db90000 - 0x00007ffa8dcd4000 	C:\Users\lab_services_student\.gradle\native\5664cfc778a61ccfe75a443a1ab52a65af34e5dc3c78e0209fed803814484fcb\windows-amd64\native-platform-file-events.dll
0x00007ffa87dc0000 - 0x00007ffa87dc9000 	C:\Program Files\Microsoft\jdk-17.0.8.7-hotspot\bin\management.dll
0x00007ffa7d620000 - 0x00007ffa7d62b000 	C:\Program Files\Microsoft\jdk-17.0.8.7-hotspot\bin\management_ext.dll
0x00007ffaf0220000 - 0x00007ffaf0228000 	C:\Windows\System32\PSAPI.DLL
0x00007ffaeef90000 - 0x00007ffaeefa8000 	C:\Windows\SYSTEM32\CRYPTSP.dll
0x00007ffaee780000 - 0x00007ffaee7b5000 	C:\Windows\system32\rsaenh.dll
0x00007ffaeed60000 - 0x00007ffaeed8c000 	C:\Windows\SYSTEM32\USERENV.dll
0x00007ffaef0d0000 - 0x00007ffaef0f7000 	C:\Windows\SYSTEM32\bcrypt.dll
0x00007ffaeeeb0000 - 0x00007ffaeeebc000 	C:\Windows\SYSTEM32\CRYPTBASE.dll
0x00007ffaee3d0000 - 0x00007ffaee3fd000 	C:\Windows\SYSTEM32\IPHLPAPI.DLL
0x00007ffaf05b0000 - 0x00007ffaf05b9000 	C:\Windows\System32\NSI.dll
0x00007ffae9270000 - 0x00007ffae9289000 	C:\Windows\SYSTEM32\dhcpcsvc6.DLL
0x00007ffaeaaa0000 - 0x00007ffaeaabe000 	C:\Windows\SYSTEM32\dhcpcsvc.DLL
0x00007ffaee400000 - 0x00007ffaee4e7000 	C:\Windows\SYSTEM32\DNSAPI.dll
0x00007ffacbc10000 - 0x00007ffacbc1e000 	C:\Program Files\Microsoft\jdk-17.0.8.7-hotspot\bin\sunmscapi.dll
0x00007ffaef910000 - 0x00007ffaefa72000 	C:\Windows\System32\CRYPT32.dll
0x00007ffaef0a0000 - 0x00007ffaef0c8000 	C:\Windows\SYSTEM32\ncrypt.dll
0x00007ffaef060000 - 0x00007ffaef097000 	C:\Windows\SYSTEM32\NTASN1.dll
0x00007ffacb600000 - 0x00007ffacb608000 	C:\Windows\system32\wshunix.dll
0x00007ffae6210000 - 0x00007ffae621a000 	C:\Windows\System32\rasadhlp.dll
0x00007ffae74f0000 - 0x00007ffae7571000 	C:\Windows\System32\fwpuclnt.dll
0x00007ffad5320000 - 0x00007ffad5337000 	C:\Windows\system32\napinsp.dll
0x00007ffad50c0000 - 0x00007ffad50db000 	C:\Windows\system32\pnrpnsp.dll
0x00007ffad4d40000 - 0x00007ffad4d52000 	C:\Windows\System32\winrnr.dll
0x00007ffad4af0000 - 0x00007ffad4b05000 	C:\Windows\system32\wshbth.dll
0x00007ffad4ad0000 - 0x00007ffad4aef000 	C:\Windows\system32\nlansp_c.dll

dbghelp: loaded successfully - version: 4.0.5 - missing functions: none
symbol engine: initialized successfully - sym options: 0x614 - pdb path: .;C:\Program Files\Microsoft\jdk-17.0.8.7-hotspot\bin;C:\Windows\SYSTEM32;C:\Windows\WinSxS\amd64_microsoft.windows.common-controls_6595b64144ccf1df_6.0.22000.120_none_9d947278b86cc467;C:\Program Files\Microsoft\jdk-17.0.8.7-hotspot\bin\server;C:\Users\lab_services_student\.gradle\native\e1d6ef7f7dcc3fd88c89a11ec53ec762bb8ba0a96d01ffa2cd45eb1d1d8dd5c5\windows-amd64;C:\Users\lab_services_student\.gradle\native\5664cfc778a61ccfe75a443a1ab52a65af34e5dc3c78e0209fed803814484fcb\windows-amd64

VM Arguments:
jvm_args: -XX:MaxMetaspaceSize=512m --add-opens=java.base/java.util=ALL-UNNAMED --add-opens=java.base/java.lang=ALL-UNNAMED --add-opens=java.base/java.lang.invoke=ALL-UNNAMED --add-opens=java.base/java.util=ALL-UNNAMED --add-opens=java.prefs/java.util.prefs=ALL-UNNAMED --add-opens=java.prefs/java.util.prefs=ALL-UNNAMED --add-opens=java.base/java.nio.charset=ALL-UNNAMED --add-opens=java.base/java.net=ALL-UNNAMED --add-opens=java.base/java.util.concurrent.atomic=ALL-UNNAMED -Xmx2048m -Dfile.encoding=windows-1252 -Duser.country=ZA -Duser.language=en -Duser.variant 
java_command: org.gradle.launcher.daemon.bootstrap.GradleDaemon 7.3.3
java_class_path (initial): C:\Users\lab_services_student\.gradle\wrapper\dists\gradle-7.3.3-all\4295vidhdd9hd3gbjyw1xqxpo\gradle-7.3.3\lib\gradle-launcher-7.3.3.jar
Launcher Type: SUN_STANDARD

[Global flags]
     intx CICompilerCount                          = 3                                         {product} {ergonomic}
   size_t CompressedClassSpaceSize                 = 436207616                                 {product} {ergonomic}
     uint ConcGCThreads                            = 1                                         {product} {ergonomic}
     uint G1ConcRefinementThreads                  = 4                                         {product} {ergonomic}
   size_t G1HeapRegionSize                         = 1048576                                   {product} {ergonomic}
    uintx GCDrainStackTargetSize                   = 64                                        {product} {ergonomic}
   size_t InitialHeapSize                          = 268435456                                 {product} {ergonomic}
   size_t MarkStackSize                            = 4194304                                   {product} {ergonomic}
   size_t MaxHeapSize                              = 2147483648                                {product} {command line}
   size_t MaxMetaspaceSize                         = 536870912                                 {product} {command line}
   size_t MaxNewSize                               = 1287651328                                {product} {ergonomic}
   size_t MinHeapDeltaBytes                        = 1048576                                   {product} {ergonomic}
   size_t MinHeapSize                              = 8388608                                   {product} {ergonomic}
    uintx NonNMethodCodeHeapSize                   = 5832780                                {pd product} {ergonomic}
    uintx NonProfiledCodeHeapSize                  = 122912730                              {pd product} {ergonomic}
    uintx ProfiledCodeHeapSize                     = 122912730                              {pd product} {ergonomic}
    uintx ReservedCodeCacheSize                    = 251658240                              {pd product} {ergonomic}
     bool SegmentedCodeCache                       = true                                      {product} {ergonomic}
   size_t SoftMaxHeapSize                          = 2147483648                             {manageable} {ergonomic}
     bool UseCompressedClassPointers               = true                           {product lp64_product} {ergonomic}
     bool UseCompressedOops                        = true                           {product lp64_product} {ergonomic}
     bool UseG1GC                                  = true                                      {product} {ergonomic}
     bool UseLargePagesIndividualAllocation        = false                                  {pd product} {ergonomic}

Logging:
Log output configuration:
 #0: stdout all=warning uptime,level,tags
 #1: stderr all=off uptime,level,tags

Environment Variables:
JAVA_HOME=C:\Program Files\Microsoft\jdk-17.0.8.7-hotspot\
CLASSPATH=C:\Users\lab_services_student\Food\Food\android\\gradle\wrapper\gradle-wrapper.jar
PATH=C:\Users\lab_services_student\Food\Food\android\node_modules\.bin;C:\Users\lab_services_student\Food\Food\node_modules\.bin;C:\Users\lab_services_student\Food\node_modules\.bin;C:\Users\lab_services_student\node_modules\.bin;C:\Users\node_modules\.bin;C:\node_modules\.bin;C:\Program Files\nodejs;C:\Users\lab_services_student\Food\Food\node_modules\.bin;C:\Users\lab_services_student\Food\Food\node_modules\.bin;C:\Users\lab_services_student\Food\node_modules\.bin;C:\Users\lab_services_student\node_modules\.bin;C:\Users\node_modules\.bin;C:\node_modules\.bin;C:\Program Files\nodejs\node_modules\npm\node_modules\@npmcli\run-script\lib\node-gyp-bin;C:\Python312\Scripts\;C:\Python312\;C:\Program Files\Microsoft\jdk-17.0.8.7-hotspot\bin;C:\Windows\system32;C:\Windows;C:\Windows\System32\Wbem;C:\Windows\System32\WindowsPowerShell\v1.0\;C:\Windows\System32\OpenSSH\;C:\ProgramData\chocolatey\bin;C:\Program Files\Microsoft VS Code\bin;C:\Program Files\nodejs\;%LOCALAPPDATA%\Android\Sdk\platform-tools;C:\Program Files\Git\cmd;C:\Users\lab_services_student\AppData\Local\Microsoft\WindowsApps;C:\Users\lab_services_student\AppData\Roaming\npm;C:\Users\lab_services_student\AppData\Local\GitHubDesktop\bin
USERNAME=lab_services_student
LANG=en_US.UTF-8
OS=Windows_NT
PROCESSOR_IDENTIFIER=Intel64 Family 6 Model 85 Stepping 7, GenuineIntel
TMP=C:\Users\LAB_SE~1\AppData\Local\Temp
TEMP=C:\Users\LAB_SE~1\AppData\Local\Temp



---------------  S Y S T E M  ---------------

OS:
 Windows 11 , 64 bit Build 22000 (10.0.22000.2538)
OS uptime: 0 days 0:07 hours
Hyper-V role detected

CPU: total 4 (initial active 4) (2 cores per cpu, 2 threads per core) family 6 model 85 stepping 7 microcode 0xffffffff, cx8, cmov, fxsr, ht, mmx, 3dnowpref, sse, sse2, sse3, ssse3, sse4.1, sse4.2, popcnt, lzcnt, tsc, avx, avx2, aes, erms, clmul, bmi1, bmi2, rtm, adx, avx512f, avx512dq, avx512cd, avx512bw, avx512vl, fma, vzeroupper, avx512_vnni, clflush, clflushopt, clwb, hv
Processor Information for all 4 processors :
  Max Mhz: 2594, Current Mhz: 2594, Mhz Limit: 2594

Memory: 4k page, system-wide physical 16382M (7485M free)
TotalPageFile size 18814M (AvailPageFile size 10822M)
current process WorkingSet (physical memory assigned to process): 535M, peak: 535M
current process commit charge ("private bytes"): 586M, peak: 592M

vm_info: OpenJDK 64-Bit Server VM (17.0.8+7-LTS) for windows-amd64 JRE (17.0.8+7-LTS), built on Jul  7 2023 17:21:55 by "MicrosoftCorporation" with MS VC++ 16.10 / 16.11 (VS2019)

END.
